ias78II.exe v2.0.100.101b - The macro assembler for EM78 series.
Copyright (C) ELAN Microelectronic Corp. 2003-2008. All rights reserved.
Main file : PWM.s

File list:
   1 ----  C:\mcuproject\xj\s1_ms153_sop8\PWM.s
   2 ----  C:\Program Files (x86)\ELAN\eUIDE\Bin\Include\sysdefii.inc


The format of a listing line is:
  XXXXXXm FFFF [TT]  11 22 33 44  [DD]  Source code
Where:
  XXXXXX   is the PC
  m        is the mode ('r' or empty)
  FFFF     is the file name
  [TT]     is the CPU clock
  11 ..    are code or data bytes
  [DD]     depth of IFDEF and ENDIF (The depth or empty)


------     1 [--]               [00]  .autoimport
------     1 [--]               [00]  EM78P153B EQU 1
------     1 [--]               [00]  _SIMPLE_RSR_ EQU 1
------     1 [--]               [00]  .include "sysdefii.inc"
------     2 [--]               [00]  
------     1 [--]               [00]  ccounter equ pr1
------     1 [--]               [00]  .stabs "icc_compiled.",60,0,0,0
------     1 [--]               [00]  .stabs "C:\mcuproject\xj\s1_ms153_sop8\PWM.c",100,0,3,0
------     1 [--]               [00]  .stabs "int:t1=r1;-128;127;",128,0,0,0
------     1 [--]               [00]  .stabs "char:t2=r2;-128;127;",128,0,0,0
------     1 [--]               [00]  .stabs "double:t3=r1;3;0;",128,0,0,0
------     1 [--]               [00]  .stabs "float:t4=r1;3;0;",128,0,0,0
------     1 [--]               [00]  .stabs "long double:t5=r1;3;0;",128,0,0,0
------     1 [--]               [00]  .stabs "long:t6=r1;-2147483648;2147483647;",128,0,0,0
------     1 [--]               [00]  .stabs "long long:t7=r1;-2147483648;2147483647;",128,0,0,0
------     1 [--]               [00]  .stabs "short:t8=r1;-32768;32767;",128,0,0,0
------     1 [--]               [00]  .stabs "signed char:t9=r1;-128;127;",128,0,0,0
------     1 [--]               [00]  .stabs "unsigned char:t10=r1;0;255;",128,0,0,0
------     1 [--]               [00]  .stabs "unsigned long:t11=r1;0;4294967295;",128,0,0,0
------     1 [--]               [00]  .stabs "unsigned long long:t12=r1;0;4294967295;",128,0,0,0
------     1 [--]               [00]  .stabs "unsigned short:t13=r1;0;65535;",128,0,0,0
------     1 [--]               [00]  .stabs "unsigned int:t14=r1;0;255;",128,0,0,0
------     1 [--]               [00]  .stabs "void:t15=15",128,0,0,0
------     1 [--]               [00]  .stabs "bit:t16=r16;0;1;",128,0,0,0
------     1 [--]               [00]  .section ".data"
------     1 [--]               [00]  public _intCount
------     1 [--]               [00]  .align 1
------     1 [--]               [00]  _intCount:
------     1 [--]               [00]  .SYMDEF "_intCount" LEN:1
000000r    1 [--]  00 00        [00]  db 0x0
------     1 [--]               [00]  .stabs "intCount:G10",32,0,0,_intCount
------     1 [--]               [00]  public _workStep
------     1 [--]               [00]  .align 1
------     1 [--]               [00]  _workStep:
------     1 [--]               [00]  .SYMDEF "_workStep" LEN:1
000002r    1 [--]  -- --        [00]  db 0x0
------     1 [--]               [00]  .stabs "workStep:G10",32,0,0,_workStep
------     1 [--]               [00]  public _keyCount
------     1 [--]               [00]  .align 1
------     1 [--]               [00]  _keyCount:
------     1 [--]               [00]  .SYMDEF "_keyCount" LEN:1
000004r    1 [--]  00 00        [00]  db 0x0
------     1 [--]               [00]  .stabs "keyCount:G10",32,0,0,_keyCount
------     1 [--]               [00]  public _pwmCount
------     1 [--]               [00]  .align 1
------     1 [--]               [00]  _pwmCount:
------     1 [--]               [00]  .SYMDEF "_pwmCount" LEN:1
000006r    1 [--]  -- --        [00]  db 0x0
------     1 [--]               [00]  .stabs "pwmCount:G10",32,0,0,_pwmCount
------     1 [--]               [00]  public _ledCount
------     1 [--]               [00]  .align 1
------     1 [--]               [00]  _ledCount:
------     1 [--]               [00]  .SYMDEF "_ledCount" LEN:1
000008r    1 [--]  00 00        [00]  db 0x0
------     1 [--]               [00]  .stabs "ledCount:G10",32,0,0,_ledCount
------     1 [--]               [00]  public _main
------     1 [--]               [00]  public main_bp
------     1 [--]               [00]  .section ".code"
------     1 [--]               [00]  .stabs "main:F15",36,0,0,_main
------     1 [--]               [00]  .section ".S0",C_CODE
------     1 [--]               [00]  .SYMDEF ".S0" 
------     1 [--]               [00]  _main:
------     1 [--]               [00]  .SYMDEF "_main" 
------     1 [--]               [00]  .stabs "i:14",128,0,0,main_bp-1
------     1 [--]               [00]  .stabn 192,0,0,L21
------     1 [--]               [00]  L21:
------     1 [--]               [00]  .stabn 68,0,40,L23
------     1 [--]               [00]  L23:
------     1 [--]               [00]  .stabn 68,0,44,L24
------     1 [--]               [00]  L24:
------     1 [--]               [00]  .cfile "C:\mcuproject\xj\s1_ms153_sop8\PWM.c(44):"
000000r    1 [01]  04 00        [00]  wdtc
------     1 [--]               [00]  .stabn 68,0,44,L25
------     1 [--]               [00]  L25:
------     1 [--]               [00]  .stabn 68,0,45,L26
------     1 [--]               [00]  L26:
------     1 [--]               [00]  .cfile "C:\mcuproject\xj\s1_ms153_sop8\PWM.c(45):"
000001r    1 [01]  11 00        [00]  disi
------     1 [--]               [00]  .stabn 68,0,45,L27
------     1 [--]               [00]  L27:
------     1 [--]               [00]  .stabn 68,0,46,L28
------     1 [--]               [00]  L28:
000002r    1 [01]  00 18        [00]  mov a,@0
000003r    1 [01]  00 00 r      [00]  STA _WDTCR,0,2
------     1 [--]               [00]  .stabn 68,0,48,L29
------     1 [--]               [00]  L29:
000004r    1 [01]  00 10 r      [00]  call _IO_Init
------     1 [--]               [00]  .stabn 68,0,50,L30
------     1 [--]               [00]  L30:
000005r    1 [01]  CE 18        [00]  mov a,@206
000006r    1 [01]  40 00 r      [00]  STA _TCC,0,0
------     1 [--]               [00]  .stabn 68,0,51,L31
------     1 [--]               [00]  L31:
000007r    1 [01]  C0 00 r      [00]  clr _ISR
------     1 [--]               [00]  .stabn 68,0,52,L32
------     1 [--]               [00]  L32:
000008r    1 [01]  01 18        [00]  mov a,@1
000009r    1 [01]  00 00 r      [00]  STA _IMR,0,2
------     1 [--]               [00]  .stabn 68,0,54,L33
------     1 [--]               [00]  L33:
------     1 [--]               [00]  .cfile "C:\mcuproject\xj\s1_ms153_sop8\PWM.c(54):"
00000Ar    1 [01]  10 00        [00]  eni
------     1 [--]               [00]  .stabn 68,0,54,L34
------     1 [--]               [00]  L34:
------     1 [--]               [00]  .stabn 68,0,56,L35
------     1 [--]               [00]  L35:
00000Br    1 [01]  00 10 r      [00]  call _PWM_Init
00000Cr    1 [01]  00 14 r      [00]  jmp @L$3
------     1 [--]               [00]  L$2:
------     1 [--]               [00]  .stabn 192,0,1,L36
------     1 [--]               [00]  L36:
------     1 [--]               [00]  .stabn 68,0,59,L37
------     1 [--]               [00]  L37:
------     1 [--]               [00]  .stabn 68,0,60,L38
------     1 [--]               [00]  L38:
------     1 [--]               [00]  .cfile "C:\mcuproject\xj\s1_ms153_sop8\PWM.c(60):"
00000Dr    1 [01]  04 00        [00]  wdtc
------     1 [--]               [00]  .stabn 68,0,60,L39
------     1 [--]               [00]  L39:
------     1 [--]               [00]  .stabn 68,0,61,L40
------     1 [--]               [00]  L40:
00000Er    1 [01]  00 0C r      [00]  jbc _IntFlag,0
00000Fr    1 [01]  00 14 r      [00]  EXTJMP @L$5
------     1 [--]               [00]  .stabn 68,0,62,L41
------     1 [--]               [00]  L41:
000010r    1 [01]  00 14 r      [00]  jmp @L$3
------     1 [--]               [00]  L$5:
------     1 [--]               [00]  .stabn 68,0,63,L42
------     1 [--]               [00]  L42:
000011r    1 [01]  00 08 r      [00]  bc _IntFlag,0
------     1 [--]               [00]  .stabn 68,0,64,L43
------     1 [--]               [00]  L43:
000012r    1 [01]  00 10 r      [00]  call _keyCtr
------     1 [--]               [00]  .stabn 68,0,66,L44
------     1 [--]               [00]  L44:
000013r    1 [01]  40 0E r      [00]  jbs _cleanFlag,1
000014r    1 [01]  00 14 r      [00]  EXTJMP @L$7
------     1 [--]               [00]  .stabn 192,0,2,L45
------     1 [--]               [00]  L45:
------     1 [--]               [00]  .stabn 68,0,67,L46
------     1 [--]               [00]  L46:
------     1 [--]               [00]  .stabn 68,0,68,L47
------     1 [--]               [00]  L47:
000015r    1 [01]  40 05 r      [00]  LDA _ledCount,0,0
000016r    1 [--]  -- --        [00]  add a,@1
000017r    1 [--]  -- --        [00]  STA _ledCount,0,0
------     1 [--]               [00]  .stabn 68,0,69,L48
------     1 [--]               [00]  L48:
000018r    1 [01]  19 18 r      [00]  ULTRIB _ledCount,0x19
           1 [01]  00 01 r      [00]  
00001Ar    1 [01]  03 0C        [00]  jbc STATUS, cf
00001Br    1 [01]  00 14 r      [00]  EXTJMP L$9
------     1 [--]               [00]  .stabn 192,0,3,L49
------     1 [--]               [00]  L49:
------     1 [--]               [00]  .stabn 68,0,70,L50
------     1 [--]               [00]  L50:
------     1 [--]               [00]  .stabn 68,0,71,L51
------     1 [--]               [00]  L51:
00001Cr    1 [01]  00 10 r      [00]  call _pwmOn
------     1 [--]               [00]  .stabn 68,0,72,L52
------     1 [--]               [00]  L52:
00001Dr    1 [01]  00 08 r      [00]  bc _P60,0
------     1 [--]               [00]  .stabn 68,0,73,L53
------     1 [--]               [00]  L53:
------     1 [--]               [00]  .stabn 224,0,3,L54
------     1 [--]               [00]  L54:
00001Er    1 [01]  00 14 r      [00]  jmp @L$8
------     1 [--]               [00]  L$9:
------     1 [--]               [00]  .stabn 68,0,74,L55
------     1 [--]               [00]  L55:
00001Fr    1 [01]  40 18 r      [00]  ULTRIB _ledCount,0x40
           1 [01]  00 01 r      [00]  
000021r    1 [01]  03 0C        [00]  jbc STATUS, cf
000022r    1 [01]  00 14 r      [00]  EXTJMP L$11
------     1 [--]               [00]  .stabn 192,0,3,L56
------     1 [--]               [00]  L56:
------     1 [--]               [00]  .stabn 68,0,75,L57
------     1 [--]               [00]  L57:
------     1 [--]               [00]  .stabn 68,0,76,L58
------     1 [--]               [00]  L58:
000023r    1 [01]  00 10 r      [00]  call _pwmOff
------     1 [--]               [00]  .stabn 68,0,77,L59
------     1 [--]               [00]  L59:
000024r    1 [01]  00 08 r      [00]  bc _P60,0
------     1 [--]               [00]  .stabn 68,0,78,L60
------     1 [--]               [00]  L60:
------     1 [--]               [00]  .stabn 224,0,3,L61
------     1 [--]               [00]  L61:
000025r    1 [01]  00 14 r      [00]  jmp @L$8
------     1 [--]               [00]  L$11:
------     1 [--]               [00]  .stabn 68,0,79,L62
------     1 [--]               [00]  L62:
000026r    1 [01]  5A 18 r      [00]  ULTRIB _ledCount,0x5a
           1 [01]  00 01 r      [00]  
000028r    1 [01]  03 0C        [00]  jbc STATUS, cf
000029r    1 [01]  00 14 r      [00]  EXTJMP L$13
------     1 [--]               [00]  .stabn 192,0,3,L63
------     1 [--]               [00]  L63:
------     1 [--]               [00]  .stabn 68,0,80,L64
------     1 [--]               [00]  L64:
------     1 [--]               [00]  .stabn 68,0,81,L65
------     1 [--]               [00]  L65:
00002Ar    1 [01]  00 10 r      [00]  call _pwmOn
------     1 [--]               [00]  .stabn 68,0,82,L66
------     1 [--]               [00]  L66:
00002Br    1 [01]  00 0A r      [00]  bs _P60,0
------     1 [--]               [00]  .stabn 68,0,83,L67
------     1 [--]               [00]  L67:
------     1 [--]               [00]  .stabn 224,0,3,L68
------     1 [--]               [00]  L68:
00002Cr    1 [01]  00 14 r      [00]  jmp @L$8
------     1 [--]               [00]  L$13:
------     1 [--]               [00]  .stabn 68,0,84,L69
------     1 [--]               [00]  L69:
00002Dr    1 [01]  76 18 r      [00]  ULTRIB _ledCount,0x76
           1 [01]  00 01 r      [00]  
00002Fr    1 [01]  03 0C        [00]  jbc STATUS, cf
000030r    1 [01]  00 14 r      [00]  EXTJMP L$15
------     1 [--]               [00]  .stabn 192,0,3,L70
------     1 [--]               [00]  L70:
------     1 [--]               [00]  .stabn 68,0,85,L71
------     1 [--]               [00]  L71:
------     1 [--]               [00]  .stabn 68,0,86,L72
------     1 [--]               [00]  L72:
000031r    1 [01]  00 10 r      [00]  call _pwmOff
------     1 [--]               [00]  .stabn 68,0,87,L73
------     1 [--]               [00]  L73:
000032r    1 [01]  00 08 r      [00]  bc _P60,0
------     1 [--]               [00]  .stabn 68,0,88,L74
------     1 [--]               [00]  L74:
------     1 [--]               [00]  .stabn 224,0,3,L75
------     1 [--]               [00]  L75:
000033r    1 [01]  00 14 r      [00]  jmp @L$8
------     1 [--]               [00]  L$15:
------     1 [--]               [00]  .stabn 68,0,89,L76
------     1 [--]               [00]  L76:
000034r    1 [01]  78 18 r      [00]  ULTRIB _ledCount,0x78
           1 [01]  00 01 r      [00]  
000036r    1 [01]  03 0C        [00]  jbc STATUS, cf
000037r    1 [01]  00 14 r      [00]  EXTJMP L$17
------     1 [--]               [00]  .stabn 192,0,3,L77
------     1 [--]               [00]  L77:
------     1 [--]               [00]  .stabn 68,0,90,L78
------     1 [--]               [00]  L78:
------     1 [--]               [00]  .stabn 68,0,91,L79
------     1 [--]               [00]  L79:
000038r    1 [01]  00 10 r      [00]  call _pwmOn
------     1 [--]               [00]  .stabn 68,0,92,L80
------     1 [--]               [00]  L80:
000039r    1 [01]  00 08 r      [00]  bc _P60,0
------     1 [--]               [00]  .stabn 68,0,93,L81
------     1 [--]               [00]  L81:
------     1 [--]               [00]  .stabn 224,0,3,L82
------     1 [--]               [00]  L82:
00003Ar    1 [01]  00 14 r      [00]  jmp @L$8
------     1 [--]               [00]  L$17:
------     1 [--]               [00]  .stabn 192,0,3,L83
------     1 [--]               [00]  L83:
------     1 [--]               [00]  .stabn 68,0,95,L84
------     1 [--]               [00]  L84:
------     1 [--]               [00]  .stabn 68,0,96,L85
------     1 [--]               [00]  L85:
00003Br    1 [01]  C0 00 r      [00]  clr _ledCount
------     1 [--]               [00]  .stabn 68,0,97,L86
------     1 [--]               [00]  L86:
00003Cr    1 [01]  00 10 r      [00]  call _pwmOff
------     1 [--]               [00]  .stabn 68,0,98,L87
------     1 [--]               [00]  L87:
00003Dr    1 [01]  00 08 r      [00]  bc _P60,0
------     1 [--]               [00]  .stabn 68,0,99,L88
------     1 [--]               [00]  L88:
00003Er    1 [01]  40 08 r      [00]  bc _cleanFlag,1
------     1 [--]               [00]  .stabn 68,0,100,L89
------     1 [--]               [00]  L89:
------     1 [--]               [00]  .stabn 224,0,3,L90
------     1 [--]               [00]  L90:
------     1 [--]               [00]  .stabn 68,0,101,L91
------     1 [--]               [00]  L91:
------     1 [--]               [00]  .stabn 224,0,2,L92
------     1 [--]               [00]  L92:
00003Fr    1 [01]  00 14 r      [00]  jmp @L$8
------     1 [--]               [00]  L$7:
------     1 [--]               [00]  .stabn 192,0,2,L93
------     1 [--]               [00]  L93:
------     1 [--]               [00]  .stabn 68,0,103,L94
------     1 [--]               [00]  L94:
------     1 [--]               [00]  .stabn 68,0,104,L95
------     1 [--]               [00]  L95:
000040r    1 [--]  -- --        [00]  LDA _PWMCON,0,0
000041r    1 [01]  EF 18        [00]  and a,@239
000042r    1 [01]  C0 02 r      [00]  STA _PWMCON,0,0
------     1 [--]               [00]  .stabn 68,0,105,L96
------     1 [--]               [00]  L96:
000043r    1 [01]  40 04 r      [00]  EQNEPRIB _keyCount,0
000044r    1 [01]  83 0E        [00]  jbs STATUS,zf
000045r    1 [01]  00 14 r      [00]  EXTJMP @L$19
------     1 [--]               [00]  .stabn 68,0,106,L97
------     1 [--]               [00]  L97:
000046r    1 [01]  00 10 r      [00]  call _gotoSleep
------     1 [--]               [00]  L$19:
------     1 [--]               [00]  .stabn 68,0,107,L98
------     1 [--]               [00]  L98:
------     1 [--]               [00]  .stabn 224,0,2,L99
------     1 [--]               [00]  L99:
------     1 [--]               [00]  L$8:
------     1 [--]               [00]  .stabn 68,0,109,L100
------     1 [--]               [00]  L100:
------     1 [--]               [00]  .stabn 224,0,1,L101
------     1 [--]               [00]  L101:
------     1 [--]               [00]  L$3:
------     1 [--]               [00]  .stabn 68,0,58,L102
------     1 [--]               [00]  L102:
000047r    1 [01]  00 14 r      [00]  jmp @L$2
------     1 [--]               [00]  .stabn 68,0,111,L103
------     1 [--]               [00]  L103:
------     1 [--]               [00]  .stabn 224,0,0,L104
------     1 [--]               [00]  L104:
------     1 [--]               [00]  L$1:
000048r    1 [01]  12 00        [00]  ret
------     1 [--]               [00]  .STACK main_bp,local,1
------     1 [--]               [00]  public _pwmOn
------     1 [--]               [00]  public pwmOn_bp
------     1 [--]               [00]  .stabs "pwmOn:F15",36,0,0,_pwmOn
------     1 [--]               [00]  .section ".S1",C_CODE
------     1 [--]               [00]  .SYMDEF ".S1" 
------     1 [--]               [00]  _pwmOn:
------     1 [--]               [00]  .SYMDEF "_pwmOn" 
000000r    1 [01]  00 04 r      [00]  mov a,ecx
000001r    1 [01]  7C 00 r      [00]  mov pwmOn_bp-4,a
000002r    1 [01]  01 04 r      [00]  mov a,ecx+1
000003r    1 [01]  7D 00 r      [00]  mov pwmOn_bp-3,a
000004r    1 [01]  02 04 r      [00]  mov a,ecx+2
000005r    1 [01]  7E 00 r      [00]  mov pwmOn_bp-2,a
000006r    1 [01]  03 04 r      [00]  mov a,ecx+3
000007r    1 [01]  7F 00 r      [00]  mov pwmOn_bp-1,a
------     1 [--]               [00]  .stabn 192,0,0,L108
------     1 [--]               [00]  L108:
------     1 [--]               [00]  .stabn 68,0,116,L109
------     1 [--]               [00]  L109:
------     1 [--]               [00]  .stabn 68,0,117,L110
------     1 [--]               [00]  L110:
000008r    1 [01]  00 04 r      [00]  LDA _PWMCON,0,0
000009r    1 [--]  -- --        [00]  mov ecx,a
00000Ar    1 [01]  10 1A        [00]  mov a,@16
00000Br    1 [--]  -- --        [00]  and ecx,a
00000Cr    1 [--]  -- --        [00]  EQNEPRIB ecx,0
00000Dr    1 [01]  83 0E        [00]  jbs STATUS,zf
00000Er    1 [01]  00 14 r      [00]  EXTJMP @L$106
------     1 [--]               [00]  .stabn 192,0,1,L111
------     1 [--]               [00]  L111:
------     1 [--]               [00]  .stabn 68,0,118,L112
------     1 [--]               [00]  L112:
------     1 [--]               [00]  .stabn 68,0,119,L113
------     1 [--]               [00]  L113:
00000Fr    1 [--]  -- --        [00]  LDA _PWMCON,0,0
000010r    1 [01]  10 18        [00]  or a,@16
000011r    1 [01]  40 02 r      [00]  STA _PWMCON,0,0
------     1 [--]               [00]  .stabn 68,0,120,L114
------     1 [--]               [00]  L114:
------     1 [--]               [00]  .stabn 224,0,1,L115
------     1 [--]               [00]  L115:
------     1 [--]               [00]  L$106:
------     1 [--]               [00]  .stabn 68,0,121,L116
------     1 [--]               [00]  L116:
------     1 [--]               [00]  .stabn 224,0,0,L117
------     1 [--]               [00]  L117:
------     1 [--]               [00]  L$105:
000012r    1 [01]  3C 04 r      [00]  mov a,pwmOn_bp-4
000013r    1 [01]  40 00 r      [00]  mov ecx,a
000014r    1 [01]  3D 04 r      [00]  mov a,pwmOn_bp-3
000015r    1 [01]  41 00 r      [00]  mov ecx+1,a
000016r    1 [01]  3E 04 r      [00]  mov a,pwmOn_bp-2
000017r    1 [01]  42 00 r      [00]  mov ecx+2,a
000018r    1 [01]  3F 04 r      [00]  mov a,pwmOn_bp-1
000019r    1 [01]  43 00 r      [00]  mov ecx+3,a
00001Ar    1 [01]  12 00        [00]  ret
------     1 [--]               [00]  .STACK pwmOn_bp,local,4
------     1 [--]               [00]  public _pwmOff
------     1 [--]               [00]  public pwmOff_bp
------     1 [--]               [00]  .stabs "pwmOff:F15",36,0,0,_pwmOff
------     1 [--]               [00]  .section ".S2",C_CODE
------     1 [--]               [00]  .SYMDEF ".S2" 
------     1 [--]               [00]  _pwmOff:
------     1 [--]               [00]  .SYMDEF "_pwmOff" 
000000r    1 [01]  00 04 r      [00]  mov a,ecx
000001r    1 [01]  7C 00 r      [00]  mov pwmOff_bp-4,a
000002r    1 [01]  01 04 r      [00]  mov a,ecx+1
000003r    1 [01]  7D 00 r      [00]  mov pwmOff_bp-3,a
000004r    1 [01]  02 04 r      [00]  mov a,ecx+2
000005r    1 [01]  7E 00 r      [00]  mov pwmOff_bp-2,a
000006r    1 [01]  03 04 r      [00]  mov a,ecx+3
000007r    1 [01]  7F 00 r      [00]  mov pwmOff_bp-1,a
------     1 [--]               [00]  .stabn 192,0,0,L119
------     1 [--]               [00]  L119:
------     1 [--]               [00]  .stabn 68,0,124,L120
------     1 [--]               [00]  L120:
------     1 [--]               [00]  .stabn 68,0,125,L121
------     1 [--]               [00]  L121:
000008r    1 [--]  -- --        [00]  LDA _PWMCON,0,0
000009r    1 [01]  EF 18        [00]  and a,@239
00000Ar    1 [01]  C0 02 r      [00]  STA _PWMCON,0,0
------     1 [--]               [00]  .stabn 68,0,126,L122
------     1 [--]               [00]  L122:
------     1 [--]               [00]  .stabn 224,0,0,L123
------     1 [--]               [00]  L123:
------     1 [--]               [00]  L$118:
00000Br    1 [01]  3C 04 r      [00]  mov a,pwmOff_bp-4
00000Cr    1 [01]  40 00 r      [00]  mov ecx,a
00000Dr    1 [01]  3D 04 r      [00]  mov a,pwmOff_bp-3
00000Er    1 [01]  41 00 r      [00]  mov ecx+1,a
00000Fr    1 [01]  3E 04 r      [00]  mov a,pwmOff_bp-2
000010r    1 [01]  42 00 r      [00]  mov ecx+2,a
000011r    1 [01]  3F 04 r      [00]  mov a,pwmOff_bp-1
000012r    1 [01]  43 00 r      [00]  mov ecx+3,a
000013r    1 [01]  12 00        [00]  ret
------     1 [--]               [00]  .STACK pwmOff_bp,local,4
------     1 [--]               [00]  public _PWM_Init
------     1 [--]               [00]  public PWM_Init_bp
------     1 [--]               [00]  .stabs "PWM_Init:F15",36,0,0,_PWM_Init
------     1 [--]               [00]  .section ".S3",C_CODE
------     1 [--]               [00]  .SYMDEF ".S3" 
------     1 [--]               [00]  _PWM_Init:
------     1 [--]               [00]  .SYMDEF "_PWM_Init" 
000000r    1 [01]  00 04 r      [00]  mov a,ecx
000001r    1 [01]  7C 00 r      [00]  mov PWM_Init_bp-4,a
000002r    1 [01]  01 04 r      [00]  mov a,ecx+1
000003r    1 [01]  7D 00 r      [00]  mov PWM_Init_bp-3,a
000004r    1 [01]  02 04 r      [00]  mov a,ecx+2
000005r    1 [01]  7E 00 r      [00]  mov PWM_Init_bp-2,a
000006r    1 [01]  03 04 r      [00]  mov a,ecx+3
000007r    1 [01]  7F 00 r      [00]  mov PWM_Init_bp-1,a
------     1 [--]               [00]  .stabn 192,0,0,L125
------     1 [--]               [00]  L125:
------     1 [--]               [00]  .stabn 68,0,131,L126
------     1 [--]               [00]  L126:
------     1 [--]               [00]  .stabn 68,0,133,L127
------     1 [--]               [00]  L127:
000008r    1 [01]  7E 18        [00]  mov a,@126
000009r    1 [01]  40 00 r      [00]  STA _PRD,0,0
------     1 [--]               [00]  .stabn 68,0,134,L128
------     1 [--]               [00]  L128:
00000Ar    1 [01]  45 18        [00]  mov a,@69
00000Br    1 [01]  40 00 r      [00]  STA _PDC1,0,0
------     1 [--]               [00]  .stabn 68,0,135,L129
------     1 [--]               [00]  L129:
00000Cr    1 [01]  40 18        [00]  mov a,@64
00000Dr    1 [01]  40 00 r      [00]  STA _CPUCON,0,0
------     1 [--]               [00]  .stabn 68,0,136,L130
------     1 [--]               [00]  L130:
00000Er    1 [01]  C0 00 r      [00]  clr _PWMCON
------     1 [--]               [00]  .stabn 68,0,137,L131
------     1 [--]               [00]  L131:
------     1 [--]               [00]  .stabn 224,0,0,L132
------     1 [--]               [00]  L132:
------     1 [--]               [00]  L$124:
00000Fr    1 [01]  3C 04 r      [00]  mov a,PWM_Init_bp-4
000010r    1 [01]  40 00 r      [00]  mov ecx,a
000011r    1 [01]  3D 04 r      [00]  mov a,PWM_Init_bp-3
000012r    1 [01]  41 00 r      [00]  mov ecx+1,a
000013r    1 [01]  3E 04 r      [00]  mov a,PWM_Init_bp-2
000014r    1 [01]  42 00 r      [00]  mov ecx+2,a
000015r    1 [01]  3F 04 r      [00]  mov a,PWM_Init_bp-1
000016r    1 [01]  43 00 r      [00]  mov ecx+3,a
000017r    1 [01]  12 00        [00]  ret
------     1 [--]               [00]  .STACK PWM_Init_bp,local,4
------     1 [--]               [00]  public _IO_Init
------     1 [--]               [00]  public IO_Init_bp
------     1 [--]               [00]  .stabs "IO_Init:F15",36,0,0,_IO_Init
------     1 [--]               [00]  .section ".S4",C_CODE
------     1 [--]               [00]  .SYMDEF ".S4" 
------     1 [--]               [00]  _IO_Init:
------     1 [--]               [00]  .SYMDEF "_IO_Init" 
000000r    1 [01]  00 04 r      [00]  mov a,ecx
000001r    1 [01]  7C 00 r      [00]  mov IO_Init_bp-4,a
000002r    1 [01]  01 04 r      [00]  mov a,ecx+1
000003r    1 [01]  7D 00 r      [00]  mov IO_Init_bp-3,a
000004r    1 [01]  02 04 r      [00]  mov a,ecx+2
000005r    1 [01]  7E 00 r      [00]  mov IO_Init_bp-2,a
000006r    1 [01]  03 04 r      [00]  mov a,ecx+3
000007r    1 [01]  7F 00 r      [00]  mov IO_Init_bp-1,a
------     1 [--]               [00]  .stabn 192,0,0,L134
------     1 [--]               [00]  L134:
------     1 [--]               [00]  .stabn 68,0,143,L135
------     1 [--]               [00]  L135:
------     1 [--]               [00]  .stabn 68,0,145,L136
------     1 [--]               [00]  L136:
000008r    1 [01]  C0 00 r      [00]  clr _PORT6
------     1 [--]               [00]  .stabn 68,0,146,L137
------     1 [--]               [00]  L137:
000009r    1 [01]  10 18        [00]  mov a,@16
00000Ar    1 [01]  00 00 r      [00]  STA _P6CR,0,2
------     1 [--]               [00]  .stabn 68,0,147,L138
------     1 [--]               [00]  L138:
00000Br    1 [01]  EF 18        [00]  mov a,@239
00000Cr    1 [01]  00 00 r      [00]  STA _PHCR,0,2
------     1 [--]               [00]  .stabn 68,0,149,L139
------     1 [--]               [00]  L139:
------     1 [--]               [00]  .cfile "C:\mcuproject\xj\s1_ms153_sop8\PWM.c(149):"
00000Dr    1 [01]  02 18        [00]  mov	a,@0x02
------     1 [--]               [00]  .stabn 68,0,150,L140
------     1 [--]               [00]  L140:
------     1 [--]               [00]  .cfile "C:\mcuproject\xj\s1_ms153_sop8\PWM.c(150):"
00000Er    1 [01]  02 00        [00]  contw
------     1 [--]               [00]  .stabn 68,0,152,L141
------     1 [--]               [00]  L141:
------     1 [--]               [00]  .stabn 224,0,0,L142
------     1 [--]               [00]  L142:
------     1 [--]               [00]  L$133:
00000Fr    1 [01]  3C 04 r      [00]  mov a,IO_Init_bp-4
000010r    1 [01]  40 00 r      [00]  mov ecx,a
000011r    1 [01]  3D 04 r      [00]  mov a,IO_Init_bp-3
000012r    1 [01]  41 00 r      [00]  mov ecx+1,a
000013r    1 [01]  3E 04 r      [00]  mov a,IO_Init_bp-2
000014r    1 [01]  42 00 r      [00]  mov ecx+2,a
000015r    1 [01]  3F 04 r      [00]  mov a,IO_Init_bp-1
000016r    1 [01]  43 00 r      [00]  mov ecx+3,a
000017r    1 [01]  12 00        [00]  ret
------     1 [--]               [00]  .STACK IO_Init_bp,local,4
------     1 [--]               [00]  public _keyCtr
------     1 [--]               [00]  public keyCtr_bp
------     1 [--]               [00]  .stabs "keyCtr:F15",36,0,0,_keyCtr
------     1 [--]               [00]  .section ".S5",C_CODE
------     1 [--]               [00]  .SYMDEF ".S5" 
------     1 [--]               [00]  _keyCtr:
------     1 [--]               [00]  .SYMDEF "_keyCtr" 
000000r    1 [01]  00 04 r      [00]  mov a,ecx
000001r    1 [01]  7C 00 r      [00]  mov keyCtr_bp-4,a
000002r    1 [01]  01 04 r      [00]  mov a,ecx+1
000003r    1 [01]  7D 00 r      [00]  mov keyCtr_bp-3,a
000004r    1 [01]  02 04 r      [00]  mov a,ecx+2
000005r    1 [01]  7E 00 r      [00]  mov keyCtr_bp-2,a
000006r    1 [01]  03 04 r      [00]  mov a,ecx+3
000007r    1 [01]  7F 00 r      [00]  mov keyCtr_bp-1,a
------     1 [--]               [00]  .stabs "kclick:2",128,0,0,keyCtr_bp-5
------     1 [--]               [00]  .stabn 192,0,0,L148
------     1 [--]               [00]  L148:
------     1 [--]               [00]  .stabn 68,0,155,L149
------     1 [--]               [00]  L149:
------     1 [--]               [00]  .stabn 68,0,156,L150
------     1 [--]               [00]  L150:
000008r    1 [01]  00 04 r      [00]  LDA _PORT6,0,0
000009r    1 [01]  40 00 r      [00]  mov ecx,a
00000Ar    1 [01]  C0 04 r      [00]  com ecx
00000Br    1 [01]  10 18        [00]  mov a,@16
00000Cr    1 [01]  80 02 r      [00]  and ecx,a
00000Dr    1 [--]  -- --        [00]  mov a,ecx
00000Er    1 [01]  40 00 r      [00]  mov keyRead_bp+0,a
------     1 [--]               [00]  .STACK keyRead_bp,parameter,1
00000Fr    1 [01]  00 10 r      [00]  call _keyRead
000010r    1 [01]  00 04 r      [00]  mov a,eax
000011r    1 [01]  7B 00 r      [00]  STA keyCtr_bp-5,0,0
------     1 [--]               [00]  .stabn 68,0,158,L151
------     1 [--]               [00]  L151:
000012r    1 [01]  3B 04 r      [00]  EQNEPRIB keyCtr_bp-5,1
           1 [01]  01 1B r      [00]  
000014r    1 [01]  83 0E        [00]  jbs STATUS,zf
000015r    1 [01]  00 14 r      [00]  EXTJMP @L$144
------     1 [--]               [00]  .stabn 192,0,1,L152
------     1 [--]               [00]  L152:
------     1 [--]               [00]  .stabn 68,0,159,L153
------     1 [--]               [00]  L153:
------     1 [--]               [00]  .stabn 68,0,162,L154
------     1 [--]               [00]  L154:
000016r    1 [01]  40 0A r      [00]  bs _cleanFlag,1
------     1 [--]               [00]  .stabn 68,0,164,L155
------     1 [--]               [00]  L155:
------     1 [--]               [00]  .stabn 224,0,1,L156
------     1 [--]               [00]  L156:
000017r    1 [01]  00 14 r      [00]  jmp @L$145
------     1 [--]               [00]  L$144:
------     1 [--]               [00]  .stabn 68,0,165,L157
------     1 [--]               [00]  L157:
000018r    1 [01]  3B 04 r      [00]  EQNEPRIB keyCtr_bp-5,2
           1 [01]  02 1B r      [00]  
00001Ar    1 [01]  83 0E        [00]  jbs STATUS,zf
00001Br    1 [01]  00 14 r      [00]  EXTJMP @L$146
------     1 [--]               [00]  .stabn 192,0,1,L158
------     1 [--]               [00]  L158:
------     1 [--]               [00]  .stabn 68,0,166,L159
------     1 [--]               [00]  L159:
------     1 [--]               [00]  .stabn 68,0,167,L160
------     1 [--]               [00]  L160:
00001Cr    1 [01]  40 0A r      [00]  bs _cleanFlag,1
------     1 [--]               [00]  .stabn 68,0,168,L161
------     1 [--]               [00]  L161:
------     1 [--]               [00]  .stabn 224,0,1,L162
------     1 [--]               [00]  L162:
------     1 [--]               [00]  L$146:
------     1 [--]               [00]  L$145:
------     1 [--]               [00]  .stabn 68,0,172,L163
------     1 [--]               [00]  L163:
------     1 [--]               [00]  .stabn 224,0,0,L164
------     1 [--]               [00]  L164:
------     1 [--]               [00]  L$143:
00001Dr    1 [01]  3C 04 r      [00]  mov a,keyCtr_bp-4
00001Er    1 [01]  40 00 r      [00]  mov ecx,a
00001Fr    1 [01]  3D 04 r      [00]  mov a,keyCtr_bp-3
000020r    1 [01]  41 00 r      [00]  mov ecx+1,a
000021r    1 [01]  3E 04 r      [00]  mov a,keyCtr_bp-2
000022r    1 [01]  42 00 r      [00]  mov ecx+2,a
000023r    1 [01]  3F 04 r      [00]  mov a,keyCtr_bp-1
000024r    1 [01]  43 00 r      [00]  mov ecx+3,a
000025r    1 [01]  12 00        [00]  ret
------     1 [--]               [00]  .STACK keyCtr_bp,local,5
------     1 [--]               [00]  public _keyRead
------     1 [--]               [00]  public keyRead_bp
------     1 [--]               [00]  .stabs "keyRead:F2",36,0,0,_keyRead
------     1 [--]               [00]  .section ".S6",C_CODE
------     1 [--]               [00]  .SYMDEF ".S6" 
------     1 [--]               [00]  _keyRead:
------     1 [--]               [00]  .SYMDEF "_keyRead" 
000000r    1 [01]  00 04 r      [00]  mov a,ecx
000001r    1 [01]  7C 00 r      [00]  mov keyRead_bp-4,a
000002r    1 [01]  01 04 r      [00]  mov a,ecx+1
000003r    1 [01]  7D 00 r      [00]  mov keyRead_bp-3,a
000004r    1 [01]  02 04 r      [00]  mov a,ecx+2
000005r    1 [01]  7E 00 r      [00]  mov keyRead_bp-2,a
000006r    1 [01]  03 04 r      [00]  mov a,ecx+3
000007r    1 [01]  7F 00 r      [00]  mov keyRead_bp-1,a
------     1 [--]               [00]  .stabs "keyStatus:10",160,0,0,keyRead_bp+0
------     1 [--]               [00]  .stabn 192,0,0,L176
------     1 [--]               [00]  L176:
------     1 [--]               [00]  .stabn 68,0,175,L177
------     1 [--]               [00]  L177:
------     1 [--]               [00]  .stabn 68,0,176,L178
------     1 [--]               [00]  L178:
000008r    1 [01]  40 04 r      [00]  EQNEPRIB keyRead_bp+0,0
000009r    1 [01]  83 0C        [00]  jbc STATUS,zf
00000Ar    1 [01]  00 14 r      [00]  EXTJMP @L$166
------     1 [--]               [00]  .stabn 192,0,1,L179
------     1 [--]               [00]  L179:
------     1 [--]               [00]  .stabn 68,0,177,L180
------     1 [--]               [00]  L180:
------     1 [--]               [00]  .stabn 68,0,178,L181
------     1 [--]               [00]  L181:
00000Br    1 [01]  40 05 r      [00]  LDA _keyCount,0,0
00000Cr    1 [--]  -- --        [00]  add a,@1
00000Dr    1 [--]  -- --        [00]  STA _keyCount,0,0
------     1 [--]               [00]  .stabn 68,0,179,L182
------     1 [--]               [00]  L182:
00000Er    1 [01]  C8 18 r      [00]  ULTRIB _keyCount,0xc8
           1 [01]  00 01 r      [00]  
000010r    1 [01]  03 0E        [00]  jbs STATUS, cf
000011r    1 [01]  00 14 r      [00]  EXTJMP L$167
------     1 [--]               [00]  .stabn 192,0,2,L183
------     1 [--]               [00]  L183:
------     1 [--]               [00]  .stabn 68,0,180,L184
------     1 [--]               [00]  L184:
------     1 [--]               [00]  .stabn 68,0,181,L185
------     1 [--]               [00]  L185:
000012r    1 [01]  C8 18        [00]  mov a,@200
000013r    1 [01]  40 00 r      [00]  STA _keyCount,0,0
------     1 [--]               [00]  .stabn 68,0,182,L186
------     1 [--]               [00]  L186:
000014r    1 [01]  40 0C r      [00]  jbc _longPressFlag,1
000015r    1 [01]  00 14 r      [00]  EXTJMP @L$167
------     1 [--]               [00]  .stabn 192,0,3,L187
------     1 [--]               [00]  L187:
------     1 [--]               [00]  .stabn 68,0,183,L188
------     1 [--]               [00]  L188:
------     1 [--]               [00]  .stabn 68,0,184,L189
------     1 [--]               [00]  L189:
000016r    1 [01]  40 0A r      [00]  bs _longPressFlag,1
------     1 [--]               [00]  .stabn 68,0,185,L190
------     1 [--]               [00]  L190:
000017r    1 [01]  02 18        [00]  mov a,@2
000018r    1 [01]  40 00 r      [00]  mov eax,a
000019r    1 [01]  00 14 r      [00]  jmp @L$165
------     1 [--]               [00]  .stabn 68,0,186,L191
------     1 [--]               [00]  L191:
------     1 [--]               [00]  .stabn 224,0,3,L192
------     1 [--]               [00]  L192:
------     1 [--]               [00]  .stabn 68,0,187,L193
------     1 [--]               [00]  L193:
------     1 [--]               [00]  .stabn 224,0,2,L194
------     1 [--]               [00]  L194:
------     1 [--]               [00]  .stabn 68,0,188,L195
------     1 [--]               [00]  L195:
------     1 [--]               [00]  .stabn 224,0,1,L196
------     1 [--]               [00]  L196:
------     1 [--]               [00]  L$166:
------     1 [--]               [00]  .stabn 192,0,1,L197
------     1 [--]               [00]  L197:
------     1 [--]               [00]  .stabn 68,0,190,L198
------     1 [--]               [00]  L198:
------     1 [--]               [00]  .stabn 68,0,191,L199
------     1 [--]               [00]  L199:
00001Ar    1 [01]  C8 18 r      [00]  ULTRIB _keyCount,0xc8
           1 [01]  00 01 r      [00]  
00001Cr    1 [01]  03 0E        [00]  jbs STATUS, cf
00001Dr    1 [01]  00 14 r      [00]  EXTJMP L$172
------     1 [--]               [00]  .stabn 192,0,2,L200
------     1 [--]               [00]  L200:
------     1 [--]               [00]  .stabn 68,0,192,L201
------     1 [--]               [00]  L201:
------     1 [--]               [00]  .stabn 68,0,193,L202
------     1 [--]               [00]  L202:
00001Er    1 [01]  C0 00 r      [00]  clr _keyCount
------     1 [--]               [00]  .stabn 68,0,194,L203
------     1 [--]               [00]  L203:
00001Fr    1 [01]  40 08 r      [00]  bc _longPressFlag,1
------     1 [--]               [00]  .stabn 68,0,195,L204
------     1 [--]               [00]  L204:
000020r    1 [01]  00 18        [00]  mov a,@0
000021r    1 [01]  40 00 r      [00]  mov eax,a
000022r    1 [01]  00 14 r      [00]  jmp @L$165
------     1 [--]               [00]  .stabn 68,0,196,L205
------     1 [--]               [00]  L205:
------     1 [--]               [00]  .stabn 224,0,2,L206
------     1 [--]               [00]  L206:
------     1 [--]               [00]  L$172:
------     1 [--]               [00]  .stabn 68,0,197,L207
------     1 [--]               [00]  L207:
000023r    1 [01]  08 18 r      [00]  ULTRIB _keyCount,0x8
           1 [01]  00 01 r      [00]  
000025r    1 [01]  03 0E        [00]  jbs STATUS, cf
000026r    1 [01]  00 14 r      [00]  EXTJMP L$174
------     1 [--]               [00]  .stabn 192,0,2,L208
------     1 [--]               [00]  L208:
------     1 [--]               [00]  .stabn 68,0,198,L209
------     1 [--]               [00]  L209:
------     1 [--]               [00]  .stabn 68,0,199,L210
------     1 [--]               [00]  L210:
000027r    1 [01]  C0 00 r      [00]  clr _keyCount
------     1 [--]               [00]  .stabn 68,0,200,L211
------     1 [--]               [00]  L211:
000028r    1 [01]  01 18        [00]  mov a,@1
000029r    1 [01]  40 00 r      [00]  mov eax,a
00002Ar    1 [01]  00 14 r      [00]  jmp @L$165
------     1 [--]               [00]  .stabn 68,0,201,L212
------     1 [--]               [00]  L212:
------     1 [--]               [00]  .stabn 224,0,2,L213
------     1 [--]               [00]  L213:
------     1 [--]               [00]  L$174:
------     1 [--]               [00]  .stabn 68,0,202,L214
------     1 [--]               [00]  L214:
00002Br    1 [01]  C0 00 r      [00]  clr _keyCount
------     1 [--]               [00]  .stabn 68,0,203,L215
------     1 [--]               [00]  L215:
------     1 [--]               [00]  .stabn 224,0,1,L216
------     1 [--]               [00]  L216:
------     1 [--]               [00]  L$167:
------     1 [--]               [00]  .stabn 68,0,204,L217
------     1 [--]               [00]  L217:
00002Cr    1 [01]  00 18        [00]  mov a,@0
00002Dr    1 [01]  40 00 r      [00]  mov eax,a
------     1 [--]               [00]  .stabn 68,0,205,L218
------     1 [--]               [00]  L218:
------     1 [--]               [00]  .stabn 224,0,0,L219
------     1 [--]               [00]  L219:
------     1 [--]               [00]  L$165:
00002Er    1 [01]  3C 04 r      [00]  mov a,keyRead_bp-4
00002Fr    1 [01]  40 00 r      [00]  mov ecx,a
000030r    1 [01]  3D 04 r      [00]  mov a,keyRead_bp-3
000031r    1 [01]  41 00 r      [00]  mov ecx+1,a
000032r    1 [01]  3E 04 r      [00]  mov a,keyRead_bp-2
000033r    1 [01]  42 00 r      [00]  mov ecx+2,a
000034r    1 [01]  3F 04 r      [00]  mov a,keyRead_bp-1
000035r    1 [01]  43 00 r      [00]  mov ecx+3,a
000036r    1 [01]  12 00        [00]  ret
------     1 [--]               [00]  .STACK keyRead_bp,local,4
------     1 [--]               [00]  public _gotoSleep
------     1 [--]               [00]  public gotoSleep_bp
------     1 [--]               [00]  .stabs "gotoSleep:F15",36,0,0,_gotoSleep
------     1 [--]               [00]  .section ".S7",C_CODE
------     1 [--]               [00]  .SYMDEF ".S7" 
------     1 [--]               [00]  _gotoSleep:
------     1 [--]               [00]  .SYMDEF "_gotoSleep" 
000000r    1 [01]  00 04 r      [00]  mov a,ecx
000001r    1 [01]  7C 00 r      [00]  mov gotoSleep_bp-4,a
000002r    1 [01]  01 04 r      [00]  mov a,ecx+1
000003r    1 [01]  7D 00 r      [00]  mov gotoSleep_bp-3,a
000004r    1 [01]  02 04 r      [00]  mov a,ecx+2
000005r    1 [01]  7E 00 r      [00]  mov gotoSleep_bp-2,a
000006r    1 [01]  03 04 r      [00]  mov a,ecx+3
000007r    1 [01]  7F 00 r      [00]  mov gotoSleep_bp-1,a
------     1 [--]               [00]  .stabn 192,0,0,L221
------     1 [--]               [00]  L221:
------     1 [--]               [00]  .stabn 68,0,208,L222
------     1 [--]               [00]  L222:
------     1 [--]               [00]  .stabn 68,0,210,L223
------     1 [--]               [00]  L223:
000008r    1 [01]  C0 00 r      [00]  clr _workStep
------     1 [--]               [00]  .stabn 68,0,211,L224
------     1 [--]               [00]  L224:
000009r    1 [01]  00 18        [00]  mov a,@0
00000Ar    1 [01]  00 00 r      [00]  STA _WDTCR,0,2
------     1 [--]               [00]  .stabn 68,0,212,L225
------     1 [--]               [00]  L225:
00000Br    1 [01]  10 18        [00]  mov a,@16
00000Cr    1 [01]  40 00 r      [00]  STA _ICIECR,0,0
------     1 [--]               [00]  .stabn 68,0,213,L226
------     1 [--]               [00]  L226:
00000Dr    1 [01]  02 18        [00]  mov a,@2
00000Er    1 [01]  00 00 r      [00]  STA _IMR,0,2
------     1 [--]               [00]  .stabn 68,0,214,L227
------     1 [--]               [00]  L227:
00000Fr    1 [--]  -- --        [00]  LDA _ISR,0,0
000010r    1 [01]  F0 18        [00]  and a,@240
000011r    1 [01]  C0 02 r      [00]  STA _ISR,0,0
------     1 [--]               [00]  .stabn 68,0,215,L228
------     1 [--]               [00]  L228:
------     1 [--]               [00]  .cfile "C:\mcuproject\xj\s1_ms153_sop8\PWM.c(215):"
000012r    1 [01]  11 00        [00]  disi
------     1 [--]               [00]  .stabn 68,0,215,L229
------     1 [--]               [00]  L229:
------     1 [--]               [00]  .stabn 68,0,216,L230
------     1 [--]               [00]  L230:
------     1 [--]               [00]  .cfile "C:\mcuproject\xj\s1_ms153_sop8\PWM.c(216):"
000013r    1 [01]  03 00        [00]  slep
------     1 [--]               [00]  .stabn 68,0,216,L231
------     1 [--]               [00]  L231:
------     1 [--]               [00]  .stabn 68,0,217,L232
------     1 [--]               [00]  L232:
------     1 [--]               [00]  .cfile "C:\mcuproject\xj\s1_ms153_sop8\PWM.c(217):"
000014r    1 [01]  10 00        [00]  eni
------     1 [--]               [00]  .stabn 68,0,217,L233
------     1 [--]               [00]  L233:
------     1 [--]               [00]  .stabn 68,0,218,L234
------     1 [--]               [00]  L234:
000015r    1 [01]  80 18        [00]  mov a,@128
000016r    1 [01]  00 00 r      [00]  STA _WDTCR,0,2
------     1 [--]               [00]  .stabn 68,0,219,L235
------     1 [--]               [00]  L235:
000017r    1 [01]  C0 00 r      [00]  clr _ICIECR
------     1 [--]               [00]  .stabn 68,0,220,L236
------     1 [--]               [00]  L236:
000018r    1 [01]  C0 00 r      [00]  clr _ISR
------     1 [--]               [00]  .stabn 68,0,221,L237
------     1 [--]               [00]  L237:
000019r    1 [01]  01 18        [00]  mov a,@1
00001Ar    1 [01]  00 00 r      [00]  STA _IMR,0,2
------     1 [--]               [00]  .stabn 68,0,222,L238
------     1 [--]               [00]  L238:
------     1 [--]               [00]  .stabn 224,0,0,L239
------     1 [--]               [00]  L239:
------     1 [--]               [00]  L$220:
00001Br    1 [01]  3C 04 r      [00]  mov a,gotoSleep_bp-4
00001Cr    1 [01]  40 00 r      [00]  mov ecx,a
00001Dr    1 [01]  3D 04 r      [00]  mov a,gotoSleep_bp-3
00001Er    1 [01]  41 00 r      [00]  mov ecx+1,a
00001Fr    1 [01]  3E 04 r      [00]  mov a,gotoSleep_bp-2
000020r    1 [01]  42 00 r      [00]  mov ecx+2,a
000021r    1 [01]  3F 04 r      [00]  mov a,gotoSleep_bp-1
000022r    1 [01]  43 00 r      [00]  mov ecx+3,a
000023r    1 [01]  12 00        [00]  ret
------     1 [--]               [00]  .STACK gotoSleep_bp,local,4
------     1 [--]               [00]  public _interrupt
------     1 [--]               [00]  public interrupt_bp
------     1 [--]               [00]  .stabs "interrupt:F15",36,0,0,_interrupt
------     1 [--]               [00]  .section ".S8",C_CODE
------     1 [--]               [00]  .SYMDEF ".S8" INT:-1
------     1 [--]               [00]  _interrupt:
------     1 [--]               [00]  .SYMDEF "_interrupt" INT:-1
------     1 [--]               [00]  .stabn 192,0,0,L245
------     1 [--]               [00]  L245:
------     1 [--]               [00]  .stabn 68,0,227,L246
------     1 [--]               [00]  L246:
------     1 [--]               [00]  .stabn 68,0,230,L247
------     1 [--]               [00]  L247:
------     1 [--]               [00]  .cfile "C:\mcuproject\xj\s1_ms153_sop8\PWM.c(230):"
000000r    1 [01]  7D 00        [00]  MOV 0x3D,A ;保存 A
------     1 [--]               [00]  .stabn 68,0,231,L248
------     1 [--]               [00]  L248:
------     1 [--]               [00]  .cfile "C:\mcuproject\xj\s1_ms153_sop8\PWM.c(231):"
000001r    1 [01]  03 04        [00]  MOV A,0x03
------     1 [--]               [00]  .stabn 68,0,232,L249
------     1 [--]               [00]  L249:
------     1 [--]               [00]  .cfile "C:\mcuproject\xj\s1_ms153_sop8\PWM.c(232):"
000002r    1 [01]  7E 00        [00]  MOV 0x3E,A ;保存 R3
------     1 [--]               [00]  .stabn 68,0,233,L250
------     1 [--]               [00]  L250:
------     1 [--]               [00]  .cfile "C:\mcuproject\xj\s1_ms153_sop8\PWM.c(233):"
000003r    1 [01]  04 04        [00]  MOV A,0x04
------     1 [--]               [00]  .stabn 68,0,234,L251
------     1 [--]               [00]  L251:
------     1 [--]               [00]  .cfile "C:\mcuproject\xj\s1_ms153_sop8\PWM.c(234):"
000004r    1 [01]  7F 00        [00]  MOV 0x3F,A ;保存 R4
------     1 [--]               [00]  .stabn 68,0,237,L252
------     1 [--]               [00]  L252:
000005r    1 [01]  00 0E r      [00]  jbs _TCIF,0
000006r    1 [01]  00 14 r      [00]  EXTJMP @L$241
------     1 [--]               [00]  .stabn 192,0,1,L253
------     1 [--]               [00]  L253:
------     1 [--]               [00]  .stabn 68,0,238,L254
------     1 [--]               [00]  L254:
------     1 [--]               [00]  .stabn 68,0,240,L255
------     1 [--]               [00]  L255:
000007r    1 [--]  -- --        [00]  LDA _ISR,0,0
000008r    1 [01]  FE 18        [00]  and a,@254
000009r    1 [01]  C0 02 r      [00]  STA _ISR,0,0
------     1 [--]               [00]  .stabn 68,0,241,L256
------     1 [--]               [00]  L256:
00000Ar    1 [--]  -- --        [00]  LDA _TCC,0,0
00000Br    1 [01]  CE 18        [00]  add a,@206
00000Cr    1 [01]  C0 03 r      [00]  STA _TCC,0,0
------     1 [--]               [00]  .stabn 68,0,243,L257
------     1 [--]               [00]  L257:
00000Dr    1 [01]  40 05 r      [00]  LDA _intCount,0,0
00000Er    1 [--]  -- --        [00]  mov ecx,a
00000Fr    1 [--]  -- --        [00]  mov a,@1
000010r    1 [--]  -- --        [00]  add ecx,a
000011r    1 [--]  -- --        [00]  mov a,ecx
000012r    1 [--]  -- --        [00]  STA _intCount,0,0
000013r    1 [01]  64 18 r      [00]  ULTRIB ecx,0x64
           1 [01]  00 01 r      [00]  
000015r    1 [01]  03 0E        [00]  jbs STATUS, cf
000016r    1 [01]  00 14 r      [00]  EXTJMP L$243
------     1 [--]               [00]  .stabn 192,0,2,L258
------     1 [--]               [00]  L258:
------     1 [--]               [00]  .stabn 68,0,244,L259
------     1 [--]               [00]  L259:
------     1 [--]               [00]  .stabn 68,0,245,L260
------     1 [--]               [00]  L260:
000017r    1 [01]  C0 00 r      [00]  clr _intCount
------     1 [--]               [00]  .stabn 68,0,246,L261
------     1 [--]               [00]  L261:
000018r    1 [01]  00 0A r      [00]  bs _IntFlag,0
------     1 [--]               [00]  .stabn 68,0,249,L262
------     1 [--]               [00]  L262:
------     1 [--]               [00]  .stabn 224,0,2,L263
------     1 [--]               [00]  L263:
------     1 [--]               [00]  L$243:
------     1 [--]               [00]  .stabn 68,0,250,L264
------     1 [--]               [00]  L264:
------     1 [--]               [00]  .stabn 224,0,1,L265
------     1 [--]               [00]  L265:
------     1 [--]               [00]  L$241:
------     1 [--]               [00]  .stabn 68,0,254,L266
------     1 [--]               [00]  L266:
------     1 [--]               [00]  .cfile "C:\mcuproject\xj\s1_ms153_sop8\PWM.c(254):"
000019r    1 [01]  3F 04        [00]  MOV A,0x3F ;返回 R4
------     1 [--]               [00]  .stabn 68,0,255,L267
------     1 [--]               [00]  L267:
------     1 [--]               [00]  .cfile "C:\mcuproject\xj\s1_ms153_sop8\PWM.c(255):"
00001Ar    1 [01]  44 00        [00]  MOV 0x04,A
------     1 [--]               [00]  .stabn 68,0,256,L268
------     1 [--]               [00]  L268:
------     1 [--]               [00]  .cfile "C:\mcuproject\xj\s1_ms153_sop8\PWM.c(256):"
00001Br    1 [01]  3E 04        [00]  MOV A,0x3E ;返回 R3
------     1 [--]               [00]  .stabn 68,0,257,L269
------     1 [--]               [00]  L269:
------     1 [--]               [00]  .cfile "C:\mcuproject\xj\s1_ms153_sop8\PWM.c(257):"
00001Cr    1 [01]  43 00        [00]  MOV 0x03,A
------     1 [--]               [00]  .stabn 68,0,258,L270
------     1 [--]               [00]  L270:
------     1 [--]               [00]  .cfile "C:\mcuproject\xj\s1_ms153_sop8\PWM.c(258):"
00001Dr    1 [01]  7D 07        [00]  SWAP 0x3D  ;返回 A
------     1 [--]               [00]  .stabn 68,0,259,L271
------     1 [--]               [00]  L271:
------     1 [--]               [00]  .cfile "C:\mcuproject\xj\s1_ms153_sop8\PWM.c(259):"
00001Er    1 [01]  3D 07        [00]  SWAPA 0x3D
------     1 [--]               [00]  .stabn 68,0,261,L272
------     1 [--]               [00]  L272:
------     1 [--]               [00]  .stabn 224,0,0,L273
------     1 [--]               [00]  L273:
------     1 [--]               [00]  L$240:
00001Fr    1 [01]  13 00        [00]  reti
------     1 [--]               [00]  .STACK interrupt_bp,local,0
------     1 [--]               [00]  public _interrupt_l
------     1 [--]               [00]  public interrupt_l_bp
------     1 [--]               [00]  .stabs "interrupt_l:F15",36,0,0,_interrupt_l
------     1 [--]               [00]  .section ".S9",C_CODE
------     1 [--]               [00]  .SYMDEF ".S9" LOWINT:0,8
------     1 [--]               [00]  _interrupt_l:
------     1 [--]               [00]  .SYMDEF "_interrupt_l" LOWINT:0,8
------     1 [--]               [00]  .stabn 192,0,0,L275
------     1 [--]               [00]  L275:
------     1 [--]               [00]  .stabn 68,0,266,L276
------     1 [--]               [00]  L276:
------     1 [--]               [00]  .stabn 68,0,268,L277
------     1 [--]               [00]  L277:
------     1 [--]               [00]  .stabn 224,0,0,L278
------     1 [--]               [00]  L278:
------     1 [--]               [00]  L$274:
000008r    1 [01]  13 00        [00]  reti
------     1 [--]               [00]  .STACK interrupt_l_bp,local,0
------     1 [--]               [00]  .section ".bss"
------     1 [--]               [00]  .align 1
------     1 [--]               [00]  _cleanFlag:
------     1 [--]               [00]  .SYMDEF "_cleanFlag" BANK:0,BIT:1,32,LEN:1
000000r    1 [--]  xx           [00]  ds 1
------     1 [--]               [00]  .stabs "cleanFlag:S16",40,0,0,_cleanFlag
------     1 [--]               [00]  .align 1
------     1 [--]               [00]  _longPressFlag:
------     1 [--]               [00]  .SYMDEF "_longPressFlag" BANK:0,BIT:1,32,LEN:1
000001r    1 [--]  xx           [00]  ds 1
------     1 [--]               [00]  .stabs "longPressFlag:S16",40,0,0,_longPressFlag
------     1 [--]               [00]  .align 1
------     1 [--]               [00]  _IntFlag:
------     1 [--]               [00]  .SYMDEF "_IntFlag" BANK:0,BIT:0,32,LEN:1
000002r    1 [--]  xx           [00]  ds 1
------     1 [--]               [00]  .stabs "IntFlag:S16",40,0,0,_IntFlag
------     1 [--]               [00]  public _Status
------     1 [--]               [00]  .align 1
------     1 [--]               [00]  _Status:
------     1 [--]               [00]  .SYMDEF "_Status" BANK:0,32,LEN:1
000003r    1 [--]  xx           [00]  ds 1
------     1 [--]               [00]  .stabs "Status:G10",32,0,0,_Status
------     1 [--]               [00]  .align 1
------     1 [--]               [00]  _TCIF:
------     1 [--]               [00]  .SYMDEF "_TCIF" REG:0,BIT:0,15,LEN:1
000004r    1 [--]  xx           [00]  ds 1
------     1 [--]               [00]  .stabs "TCIF:S16",40,0,0,_TCIF
------     1 [--]               [00]  .align 1
------     1 [--]               [00]  _ICIF:
------     1 [--]               [00]  .SYMDEF "_ICIF" REG:0,BIT:1,15,LEN:1
000005r    1 [--]  xx           [00]  ds 1
------     1 [--]               [00]  .stabs "ICIF:S16",40,0,0,_ICIF
------     1 [--]               [00]  .align 1
------     1 [--]               [00]  _EXIF:
------     1 [--]               [00]  .SYMDEF "_EXIF" REG:0,BIT:2,15,LEN:1
000006r    1 [--]  xx           [00]  ds 1
------     1 [--]               [00]  .stabs "EXIF:S16",40,0,0,_EXIF
------     1 [--]               [00]  .align 1
------     1 [--]               [00]  _P60:
------     1 [--]               [00]  .SYMDEF "_P60" REG:0,BIT:0,6,LEN:1
000007r    1 [--]  xx           [00]  ds 1
------     1 [--]               [00]  .stabs "P60:S16",40,0,0,_P60
------     1 [--]               [00]  .align 1
------     1 [--]               [00]  _P61:
------     1 [--]               [00]  .SYMDEF "_P61" REG:0,BIT:1,6,LEN:1
000008r    1 [--]  xx           [00]  ds 1
------     1 [--]               [00]  .stabs "P61:S16",40,0,0,_P61
------     1 [--]               [00]  .align 1
------     1 [--]               [00]  _P62:
------     1 [--]               [00]  .SYMDEF "_P62" REG:0,BIT:2,6,LEN:1
000009r    1 [--]  xx           [00]  ds 1
------     1 [--]               [00]  .stabs "P62:S16",40,0,0,_P62
------     1 [--]               [00]  .align 1
------     1 [--]               [00]  _P63:
------     1 [--]               [00]  .SYMDEF "_P63" REG:0,BIT:3,6,LEN:1
00000Ar    1 [--]  xx           [00]  ds 1
------     1 [--]               [00]  .stabs "P63:S16",40,0,0,_P63
------     1 [--]               [00]  .align 1
------     1 [--]               [00]  _P64:
------     1 [--]               [00]  .SYMDEF "_P64" REG:0,BIT:4,6,LEN:1
00000Br    1 [--]  xx           [00]  ds 1
------     1 [--]               [00]  .stabs "P64:S16",40,0,0,_P64
------     1 [--]               [00]  .align 1
------     1 [--]               [00]  _P65:
------     1 [--]               [00]  .SYMDEF "_P65" REG:0,BIT:5,6,LEN:1
00000Cr    1 [--]  xx           [00]  ds 1
------     1 [--]               [00]  .stabs "P65:S16",40,0,0,_P65
------     1 [--]               [00]  .align 1
------     1 [--]               [00]  _P66:
------     1 [--]               [00]  .SYMDEF "_P66" REG:0,BIT:6,6,LEN:1
00000Dr    1 [--]  xx           [00]  ds 1
------     1 [--]               [00]  .stabs "P66:S16",40,0,0,_P66
------     1 [--]               [00]  .align 1
------     1 [--]               [00]  _P67:
------     1 [--]               [00]  .SYMDEF "_P67" REG:0,BIT:7,6,LEN:1
00000Er    1 [--]  xx           [00]  ds 1
------     1 [--]               [00]  .stabs "P67:S16",40,0,0,_P67
------     1 [--]               [00]  .align 1
------     1 [--]               [00]  _P50:
------     1 [--]               [00]  .SYMDEF "_P50" REG:0,BIT:0,5,LEN:1
00000Fr    1 [--]  xx           [00]  ds 1
------     1 [--]               [00]  .stabs "P50:S16",40,0,0,_P50
------     1 [--]               [00]  .align 1
------     1 [--]               [00]  _P51:
------     1 [--]               [00]  .SYMDEF "_P51" REG:0,BIT:1,5,LEN:1
000010r    1 [--]  xx           [00]  ds 1
------     1 [--]               [00]  .stabs "P51:S16",40,0,0,_P51
------     1 [--]               [00]  .align 1
------     1 [--]               [00]  _P52:
------     1 [--]               [00]  .SYMDEF "_P52" REG:0,BIT:2,5,LEN:1
000011r    1 [--]  xx           [00]  ds 1
------     1 [--]               [00]  .stabs "P52:S16",40,0,0,_P52
------     1 [--]               [00]  .align 1
------     1 [--]               [00]  _P53:
------     1 [--]               [00]  .SYMDEF "_P53" REG:0,BIT:3,5,LEN:1
000012r    1 [--]  xx           [00]  ds 1
------     1 [--]               [00]  .stabs "P53:S16",40,0,0,_P53
------     1 [--]               [00]  .align 1
------     1 [--]               [00]  _C:
------     1 [--]               [00]  .SYMDEF "_C" REG:0,BIT:0,3,LEN:1
000013r    1 [--]  xx           [00]  ds 1
------     1 [--]               [00]  .stabs "C:S16",40,0,0,_C
------     1 [--]               [00]  .align 1
------     1 [--]               [00]  _DC:
------     1 [--]               [00]  .SYMDEF "_DC" REG:0,BIT:1,3,LEN:1
000014r    1 [--]  xx           [00]  ds 1
------     1 [--]               [00]  .stabs "DC:S16",40,0,0,_DC
------     1 [--]               [00]  .align 1
------     1 [--]               [00]  _Z:
------     1 [--]               [00]  .SYMDEF "_Z" REG:0,BIT:2,3,LEN:1
000015r    1 [--]  xx           [00]  ds 1
------     1 [--]               [00]  .stabs "Z:S16",40,0,0,_Z
------     1 [--]               [00]  .align 1
------     1 [--]               [00]  _P:
------     1 [--]               [00]  .SYMDEF "_P" REG:0,BIT:3,3,LEN:1
000016r    1 [--]  xx           [00]  ds 1
------     1 [--]               [00]  .stabs "P:S16",40,0,0,_P
------     1 [--]               [00]  .align 1
------     1 [--]               [00]  _T:
------     1 [--]               [00]  .SYMDEF "_T" REG:0,BIT:4,3,LEN:1
000017r    1 [--]  xx           [00]  ds 1
------     1 [--]               [00]  .stabs "T:S16",40,0,0,_T
------     1 [--]               [00]  .align 1
------     1 [--]               [00]  _GP0:
------     1 [--]               [00]  .SYMDEF "_GP0" REG:0,BIT:5,3,LEN:1
000018r    1 [--]  xx           [00]  ds 1
------     1 [--]               [00]  .stabs "GP0:S16",40,0,0,_GP0
------     1 [--]               [00]  .align 1
------     1 [--]               [00]  _GP1:
------     1 [--]               [00]  .SYMDEF "_GP1" REG:0,BIT:6,3,LEN:1
000019r    1 [--]  xx           [00]  ds 1
------     1 [--]               [00]  .stabs "GP1:S16",40,0,0,_GP1
------     1 [--]               [00]  .align 1
------     1 [--]               [00]  _RST:
------     1 [--]               [00]  .SYMDEF "_RST" REG:0,BIT:7,3,LEN:1
00001Ar    1 [--]  xx           [00]  ds 1
------     1 [--]               [00]  .stabs "RST:S16",40,0,0,_RST
------     1 [--]               [00]  .align 1
------     1 [--]               [00]  _IMR:
------     1 [--]               [00]  .SYMDEF "_IMR" IO:0,15,LEN:1
00001Br    1 [--]  xx           [00]  ds 1
------     1 [--]               [00]  .stabs "IMR:S14",40,0,0,_IMR
------     1 [--]               [00]  .align 1
------     1 [--]               [00]  _WDTCR:
------     1 [--]               [00]  .SYMDEF "_WDTCR" IO:0,14,LEN:1
00001Cr    1 [--]  xx           [00]  ds 1
------     1 [--]               [00]  .stabs "WDTCR:S14",40,0,0,_WDTCR
------     1 [--]               [00]  .align 1
------     1 [--]               [00]  _PHCR:
------     1 [--]               [00]  .SYMDEF "_PHCR" IO:0,13,LEN:1
00001Dr    1 [--]  xx           [00]  ds 1
------     1 [--]               [00]  .stabs "PHCR:S14",40,0,0,_PHCR
------     1 [--]               [00]  .align 1
------     1 [--]               [00]  _PDCR:
------     1 [--]               [00]  .SYMDEF "_PDCR" IO:0,11,LEN:1
00001Er    1 [--]  xx           [00]  ds 1
------     1 [--]               [00]  .stabs "PDCR:S14",40,0,0,_PDCR
------     1 [--]               [00]  .align 1
------     1 [--]               [00]  _PHDCR:
------     1 [--]               [00]  .SYMDEF "_PHDCR" IO:0,9,LEN:1
00001Fr    1 [--]  xx           [00]  ds 1
------     1 [--]               [00]  .stabs "PHDCR:S14",40,0,0,_PHDCR
------     1 [--]               [00]  .align 1
------     1 [--]               [00]  _P6CR:
------     1 [--]               [00]  .SYMDEF "_P6CR" IO:0,6,LEN:1
000020r    1 [--]  xx           [00]  ds 1
------     1 [--]               [00]  .stabs "P6CR:S14",40,0,0,_P6CR
------     1 [--]               [00]  .align 1
------     1 [--]               [00]  _ISR:
------     1 [--]               [00]  .SYMDEF "_ISR" REG:0,15,LEN:1
000021r    1 [--]  xx           [00]  ds 1
------     1 [--]               [00]  .stabs "ISR:S14",40,0,0,_ISR
------     1 [--]               [00]  .align 1
------     1 [--]               [00]  _CPUCON:
------     1 [--]               [00]  .SYMDEF "_CPUCON" REG:0,14,LEN:1
000022r    1 [--]  xx           [00]  ds 1
------     1 [--]               [00]  .stabs "CPUCON:S14",40,0,0,_CPUCON
------     1 [--]               [00]  .align 1
------     1 [--]               [00]  _ICIECR:
------     1 [--]               [00]  .SYMDEF "_ICIECR" REG:0,13,LEN:1
000023r    1 [--]  xx           [00]  ds 1
------     1 [--]               [00]  .stabs "ICIECR:S14",40,0,0,_ICIECR
------     1 [--]               [00]  .align 1
------     1 [--]               [00]  _PDC3:
------     1 [--]               [00]  .SYMDEF "_PDC3" REG:0,12,LEN:1
000024r    1 [--]  xx           [00]  ds 1
------     1 [--]               [00]  .stabs "PDC3:S14",40,0,0,_PDC3
------     1 [--]               [00]  .align 1
------     1 [--]               [00]  _PDC2:
------     1 [--]               [00]  .SYMDEF "_PDC2" REG:0,11,LEN:1
000025r    1 [--]  xx           [00]  ds 1
------     1 [--]               [00]  .stabs "PDC2:S14",40,0,0,_PDC2
------     1 [--]               [00]  .align 1
------     1 [--]               [00]  _PDC1:
------     1 [--]               [00]  .SYMDEF "_PDC1" REG:0,10,LEN:1
000026r    1 [--]  xx           [00]  ds 1
------     1 [--]               [00]  .stabs "PDC1:S14",40,0,0,_PDC1
------     1 [--]               [00]  .align 1
------     1 [--]               [00]  _PRD:
------     1 [--]               [00]  .SYMDEF "_PRD" REG:0,9,LEN:1
000027r    1 [--]  xx           [00]  ds 1
------     1 [--]               [00]  .stabs "PRD:S14",40,0,0,_PRD
------     1 [--]               [00]  .align 1
------     1 [--]               [00]  _PWMCON:
------     1 [--]               [00]  .SYMDEF "_PWMCON" REG:0,8,LEN:1
000028r    1 [--]  xx           [00]  ds 1
------     1 [--]               [00]  .stabs "PWMCON:S14",40,0,0,_PWMCON
------     1 [--]               [00]  .align 1
------     1 [--]               [00]  _PORT6:
------     1 [--]               [00]  .SYMDEF "_PORT6" REG:0,6,LEN:1
000029r    1 [--]  xx           [00]  ds 1
------     1 [--]               [00]  .stabs "PORT6:S14",40,0,0,_PORT6
------     1 [--]               [00]  .align 1
------     1 [--]               [00]  _RSR:
------     1 [--]               [00]  .SYMDEF "_RSR" REG:0,4,LEN:1
00002Ar    1 [--]  xx           [00]  ds 1
------     1 [--]               [00]  .stabs "RSR:S14",40,0,0,_RSR
------     1 [--]               [00]  .align 1
------     1 [--]               [00]  _STATUS:
------     1 [--]               [00]  .SYMDEF "_STATUS" REG:0,3,LEN:1
00002Br    1 [--]  xx           [00]  ds 1
------     1 [--]               [00]  .stabs "STATUS:S14",40,0,0,_STATUS
------     1 [--]               [00]  .align 1
------     1 [--]               [00]  _PC:
------     1 [--]               [00]  .SYMDEF "_PC" REG:0,2,LEN:1
00002Cr    1 [--]  xx           [00]  ds 1
------     1 [--]               [00]  .stabs "PC:S14",40,0,0,_PC
------     1 [--]               [00]  .align 1
------     1 [--]               [00]  _TCC:
------     1 [--]               [00]  .SYMDEF "_TCC" REG:0,1,LEN:1
00002Dr    1 [--]  xx           [00]  ds 1
------     1 [--]               [00]  .stabs "TCC:S14",40,0,0,_TCC
------     1 [--]               [00]  .align 1
------     1 [--]               [00]  _R0:
------     1 [--]               [00]  .SYMDEF "_R0" REG:0,0,LEN:1
00002Er    1 [--]  xx           [00]  ds 1
------     1 [--]               [00]  .stabs "R0:S14",40,0,0,_R0
------     1 [--]               [00]  .stabs "u16t:t14",128,0,0,0
------     1 [--]               [00]  .stabs "u8t:t10",128,0,0,0
------     1 [--]               [00]  .section ".code"
------     1 [--]               [00]  end
------     1 [--]               [00]  

	** End of list file C:\mcuproject\xj\s1_ms153_sop8\PWM.lst **