ias78II.exe v2.0.100.101b - The macro assembler for EM78 series.
Copyright (C) ELAN Microelectronic Corp. 2003-2008. All rights reserved.
Main file : PWM.s

File list:
   1 ----  C:\mcuproject\xj\s18_1001B_sop8\PWM.s
   2 ----  C:\Program Files (x86)\ELAN\eUIDE\Bin\Include\sysdefii.inc


The format of a listing line is:
  XXXXXXm FFFF [TT]  11 22 33 44  [DD]  Source code
Where:
  XXXXXX   is the PC
  m        is the mode ('r' or empty)
  FFFF     is the file name
  [TT]     is the CPU clock
  11 ..    are code or data bytes
  [DD]     depth of IFDEF and ENDIF (The depth or empty)


------     1 [--]               [00]  .autoimport
------     1 [--]               [00]  EM78P153B EQU 1
------     1 [--]               [00]  _SIMPLE_RSR_ EQU 1
------     1 [--]               [00]  .include "sysdefii.inc"
------     2 [--]               [00]  
------     1 [--]               [00]  ccounter equ pr1
------     1 [--]               [00]  .stabs "icc_compiled.",60,0,0,0
------     1 [--]               [00]  .stabs "C:\mcuproject\xj\s18_1001B_sop8\PWM.c",100,0,3,0
------     1 [--]               [00]  .stabs "int:t1=r1;-128;127;",128,0,0,0
------     1 [--]               [00]  .stabs "char:t2=r2;-128;127;",128,0,0,0
------     1 [--]               [00]  .stabs "double:t3=r1;3;0;",128,0,0,0
------     1 [--]               [00]  .stabs "float:t4=r1;3;0;",128,0,0,0
------     1 [--]               [00]  .stabs "long double:t5=r1;3;0;",128,0,0,0
------     1 [--]               [00]  .stabs "long:t6=r1;-2147483648;2147483647;",128,0,0,0
------     1 [--]               [00]  .stabs "long long:t7=r1;-2147483648;2147483647;",128,0,0,0
------     1 [--]               [00]  .stabs "short:t8=r1;-32768;32767;",128,0,0,0
------     1 [--]               [00]  .stabs "signed char:t9=r1;-128;127;",128,0,0,0
------     1 [--]               [00]  .stabs "unsigned char:t10=r1;0;255;",128,0,0,0
------     1 [--]               [00]  .stabs "unsigned long:t11=r1;0;4294967295;",128,0,0,0
------     1 [--]               [00]  .stabs "unsigned long long:t12=r1;0;4294967295;",128,0,0,0
------     1 [--]               [00]  .stabs "unsigned short:t13=r1;0;65535;",128,0,0,0
------     1 [--]               [00]  .stabs "unsigned int:t14=r1;0;255;",128,0,0,0
------     1 [--]               [00]  .stabs "void:t15=15",128,0,0,0
------     1 [--]               [00]  .stabs "bit:t16=r16;0;1;",128,0,0,0
------     1 [--]               [00]  .section ".data"
------     1 [--]               [00]  public _intCount
------     1 [--]               [00]  .align 1
------     1 [--]               [00]  _intCount:
------     1 [--]               [00]  .SYMDEF "_intCount" LEN:1
000000r    1 [--]  00 00        [00]  db 0x0
------     1 [--]               [00]  .stabs "intCount:G10",32,0,0,_intCount
------     1 [--]               [00]  public _workStep
------     1 [--]               [00]  .align 1
------     1 [--]               [00]  _workStep:
------     1 [--]               [00]  .SYMDEF "_workStep" LEN:1
000002r    1 [--]  -- --        [00]  db 0x0
------     1 [--]               [00]  .stabs "workStep:G10",32,0,0,_workStep
------     1 [--]               [00]  public _keyCount
------     1 [--]               [00]  .align 1
------     1 [--]               [00]  _keyCount:
------     1 [--]               [00]  .SYMDEF "_keyCount" LEN:1
000004r    1 [--]  00 00        [00]  db 0x0
------     1 [--]               [00]  .stabs "keyCount:G10",32,0,0,_keyCount
------     1 [--]               [00]  public _pwmCount
------     1 [--]               [00]  .align 1
------     1 [--]               [00]  _pwmCount:
------     1 [--]               [00]  .SYMDEF "_pwmCount" LEN:1
000006r    1 [--]  -- --        [00]  db 0x0
------     1 [--]               [00]  .stabs "pwmCount:G10",32,0,0,_pwmCount
------     1 [--]               [00]  public _ledCount
------     1 [--]               [00]  .align 1
------     1 [--]               [00]  _ledCount:
------     1 [--]               [00]  .SYMDEF "_ledCount" LEN:1
000008r    1 [--]  00 00        [00]  db 0x0
------     1 [--]               [00]  .stabs "ledCount:G10",32,0,0,_ledCount
------     1 [--]               [00]  public _chrgFlag
------     1 [--]               [00]  .align 1
------     1 [--]               [00]  _chrgFlag:
------     1 [--]               [00]  .SYMDEF "_chrgFlag" LEN:1
00000Ar    1 [--]  -- --        [00]  db 0x0
------     1 [--]               [00]  .stabs "chrgFlag:G10",32,0,0,_chrgFlag
------     1 [--]               [00]  public _motorFlag
------     1 [--]               [00]  .align 1
------     1 [--]               [00]  _motorFlag:
------     1 [--]               [00]  .SYMDEF "_motorFlag" LEN:1
00000Cr    1 [--]  00 00        [00]  db 0x0
------     1 [--]               [00]  .stabs "motorFlag:G10",32,0,0,_motorFlag
------     1 [--]               [00]  public _motorCount
------     1 [--]               [00]  .align 1
------     1 [--]               [00]  _motorCount:
------     1 [--]               [00]  .SYMDEF "_motorCount" LEN:1
00000Er    1 [--]  -- --        [00]  db 0x0
------     1 [--]               [00]  .stabs "motorCount:G10",32,0,0,_motorCount
------     1 [--]               [00]  public _duty
------     1 [--]               [00]  .align 1
------     1 [--]               [00]  _duty:
------     1 [--]               [00]  .SYMDEF "_duty" LEN:1
000010r    1 [--]  00 00        [00]  db 0x0
------     1 [--]               [00]  .stabs "duty:G10",32,0,0,_duty
------     1 [--]               [00]  public _breathCount
------     1 [--]               [00]  .align 1
------     1 [--]               [00]  _breathCount:
------     1 [--]               [00]  .SYMDEF "_breathCount" LEN:2
000012r    1 [--]  -- -- 00 00  [00]  dw 0x0
------     1 [--]               [00]  .stabs "breathCount:G13",32,0,0,_breathCount
------     1 [--]               [00]  public _main
------     1 [--]               [00]  public main_bp
------     1 [--]               [00]  .section ".code"
------     1 [--]               [00]  .stabs "main:F15",36,0,0,_main
------     1 [--]               [00]  .section ".S0",C_CODE
------     1 [--]               [00]  .SYMDEF ".S0" 
------     1 [--]               [00]  _main:
------     1 [--]               [00]  .SYMDEF "_main" 
------     1 [--]               [00]  .stabs "i:14",128,0,0,main_bp-1
------     1 [--]               [00]  .stabn 192,0,0,L15
------     1 [--]               [00]  L15:
------     1 [--]               [00]  .stabn 68,0,43,L17
------     1 [--]               [00]  L17:
------     1 [--]               [00]  .stabn 68,0,47,L18
------     1 [--]               [00]  L18:
------     1 [--]               [00]  .cfile "C:\mcuproject\xj\s18_1001B_sop8\PWM.c(47):"
000000r    1 [01]  04 00        [00]  wdtc
------     1 [--]               [00]  .stabn 68,0,47,L19
------     1 [--]               [00]  L19:
------     1 [--]               [00]  .stabn 68,0,48,L20
------     1 [--]               [00]  L20:
------     1 [--]               [00]  .cfile "C:\mcuproject\xj\s18_1001B_sop8\PWM.c(48):"
000001r    1 [01]  11 00        [00]  disi
------     1 [--]               [00]  .stabn 68,0,48,L21
------     1 [--]               [00]  L21:
------     1 [--]               [00]  .stabn 68,0,49,L22
------     1 [--]               [00]  L22:
000002r    1 [01]  00 18        [00]  mov a,@0
000003r    1 [01]  00 00 r      [00]  STA _WDTCR,0,2
------     1 [--]               [00]  .stabn 68,0,51,L23
------     1 [--]               [00]  L23:
000004r    1 [01]  00 10 r      [00]  call _IO_Init
------     1 [--]               [00]  .stabn 68,0,53,L24
------     1 [--]               [00]  L24:
000005r    1 [01]  CE 18        [00]  mov a,@206
000006r    1 [01]  40 00 r      [00]  STA _TCC,0,0
------     1 [--]               [00]  .stabn 68,0,54,L25
------     1 [--]               [00]  L25:
000007r    1 [01]  C0 00 r      [00]  clr _ISR
------     1 [--]               [00]  .stabn 68,0,55,L26
------     1 [--]               [00]  L26:
000008r    1 [01]  01 18        [00]  mov a,@1
000009r    1 [01]  00 00 r      [00]  STA _IMR,0,2
------     1 [--]               [00]  .stabn 68,0,57,L27
------     1 [--]               [00]  L27:
------     1 [--]               [00]  .cfile "C:\mcuproject\xj\s18_1001B_sop8\PWM.c(57):"
00000Ar    1 [01]  10 00        [00]  eni
------     1 [--]               [00]  .stabn 68,0,57,L28
------     1 [--]               [00]  L28:
00000Br    1 [01]  00 14 r      [00]  jmp @L$3
------     1 [--]               [00]  L$2:
------     1 [--]               [00]  .stabn 192,0,1,L29
------     1 [--]               [00]  L29:
------     1 [--]               [00]  .stabn 68,0,62,L30
------     1 [--]               [00]  L30:
------     1 [--]               [00]  .stabn 68,0,63,L31
------     1 [--]               [00]  L31:
------     1 [--]               [00]  .cfile "C:\mcuproject\xj\s18_1001B_sop8\PWM.c(63):"
00000Cr    1 [01]  04 00        [00]  wdtc
------     1 [--]               [00]  .stabn 68,0,63,L32
------     1 [--]               [00]  L32:
------     1 [--]               [00]  .stabn 68,0,64,L33
------     1 [--]               [00]  L33:
00000Dr    1 [01]  40 04 r      [00]  EQNEPRIB _chrgFlag,0
00000Er    1 [01]  83 0C        [00]  jbc STATUS,zf
00000Fr    1 [01]  00 14 r      [00]  EXTJMP @L$5
------     1 [--]               [00]  .stabn 68,0,65,L34
------     1 [--]               [00]  L34:
000010r    1 [01]  00 10 r      [00]  call _ledBreath
------     1 [--]               [00]  L$5:
------     1 [--]               [00]  .stabn 68,0,66,L35
------     1 [--]               [00]  L35:
000011r    1 [01]  40 04 r      [00]  EQNEPRIB _motorFlag,0
000012r    1 [01]  83 0C        [00]  jbc STATUS,zf
000013r    1 [01]  00 14 r      [00]  EXTJMP @L$7
------     1 [--]               [00]  .stabn 192,0,2,L36
------     1 [--]               [00]  L36:
------     1 [--]               [00]  .stabn 68,0,67,L37
------     1 [--]               [00]  L37:
------     1 [--]               [00]  .stabn 68,0,68,L38
------     1 [--]               [00]  L38:
000014r    1 [01]  00 10 r      [00]  call _motorWork2
------     1 [--]               [00]  .stabn 68,0,69,L39
------     1 [--]               [00]  L39:
------     1 [--]               [00]  .stabn 224,0,2,L40
------     1 [--]               [00]  L40:
------     1 [--]               [00]  L$7:
------     1 [--]               [00]  .stabn 68,0,70,L41
------     1 [--]               [00]  L41:
000015r    1 [01]  00 0C r      [00]  jbc _IntFlag,0
000016r    1 [01]  00 14 r      [00]  EXTJMP @L$9
------     1 [--]               [00]  .stabn 68,0,71,L42
------     1 [--]               [00]  L42:
000017r    1 [01]  00 14 r      [00]  jmp @L$3
------     1 [--]               [00]  L$9:
------     1 [--]               [00]  .stabn 68,0,72,L43
------     1 [--]               [00]  L43:
000018r    1 [01]  00 08 r      [00]  bc _IntFlag,0
------     1 [--]               [00]  .stabn 68,0,73,L44
------     1 [--]               [00]  L44:
000019r    1 [01]  00 10 r      [00]  call _keyCtr
------     1 [--]               [00]  .stabn 68,0,74,L45
------     1 [--]               [00]  L45:
00001Ar    1 [01]  80 0E r      [00]  jbs _P62,2
00001Br    1 [01]  00 14 r      [00]  EXTJMP @L$11
------     1 [--]               [00]  .stabn 68,0,75,L46
------     1 [--]               [00]  L46:
00001Cr    1 [01]  00 10 r      [00]  call _chrgCtr
00001Dr    1 [01]  00 14 r      [00]  jmp @L$12
------     1 [--]               [00]  L$11:
------     1 [--]               [00]  .stabn 192,0,2,L47
------     1 [--]               [00]  L47:
------     1 [--]               [00]  .stabn 68,0,77,L48
------     1 [--]               [00]  L48:
------     1 [--]               [00]  .stabn 68,0,78,L49
------     1 [--]               [00]  L49:
00001Er    1 [01]  C0 00 r      [00]  clr _chrgFlag
------     1 [--]               [00]  .stabn 68,0,79,L50
------     1 [--]               [00]  L50:
00001Fr    1 [01]  00 10 r      [00]  call _workCtr
------     1 [--]               [00]  .stabn 68,0,80,L51
------     1 [--]               [00]  L51:
------     1 [--]               [00]  .stabn 224,0,2,L52
------     1 [--]               [00]  L52:
------     1 [--]               [00]  L$12:
------     1 [--]               [00]  .stabn 68,0,81,L53
------     1 [--]               [00]  L53:
000020r    1 [01]  40 04 r      [00]  EQNEPRIB _chrgFlag,0
000021r    1 [01]  83 0C        [00]  jbc STATUS,zf
000022r    1 [01]  00 14 r      [00]  EXTJMP @L$13
------     1 [--]               [00]  .stabn 68,0,82,L54
------     1 [--]               [00]  L54:
000023r    1 [01]  00 10 r      [00]  call _breathCtr
------     1 [--]               [00]  L$13:
------     1 [--]               [00]  .stabn 68,0,84,L55
------     1 [--]               [00]  L55:
------     1 [--]               [00]  .stabn 224,0,1,L56
------     1 [--]               [00]  L56:
------     1 [--]               [00]  L$3:
------     1 [--]               [00]  .stabn 68,0,61,L57
------     1 [--]               [00]  L57:
000024r    1 [01]  00 14 r      [00]  jmp @L$2
------     1 [--]               [00]  .stabn 68,0,85,L58
------     1 [--]               [00]  L58:
------     1 [--]               [00]  .stabn 224,0,0,L59
------     1 [--]               [00]  L59:
------     1 [--]               [00]  L$1:
000025r    1 [01]  12 00        [00]  ret
------     1 [--]               [00]  .STACK main_bp,local,1
------     1 [--]               [00]  public _ledBreath
------     1 [--]               [00]  public ledBreath_bp
------     1 [--]               [00]  .stabs "ledBreath:F15",36,0,0,_ledBreath
------     1 [--]               [00]  .section ".S1",C_CODE
------     1 [--]               [00]  .SYMDEF ".S1" 
------     1 [--]               [00]  _ledBreath:
------     1 [--]               [00]  .SYMDEF "_ledBreath" 
000000r    1 [01]  00 04 r      [00]  mov a,ecx
000001r    1 [01]  7C 00 r      [00]  mov ledBreath_bp-4,a
000002r    1 [01]  01 04 r      [00]  mov a,ecx+1
000003r    1 [01]  7D 00 r      [00]  mov ledBreath_bp-3,a
000004r    1 [01]  02 04 r      [00]  mov a,ecx+2
000005r    1 [01]  7E 00 r      [00]  mov ledBreath_bp-2,a
000006r    1 [01]  03 04 r      [00]  mov a,ecx+3
000007r    1 [01]  7F 00 r      [00]  mov ledBreath_bp-1,a
------     1 [--]               [00]  .stabn 192,0,0,L65
------     1 [--]               [00]  L65:
------     1 [--]               [00]  .stabn 68,0,90,L66
------     1 [--]               [00]  L66:
------     1 [--]               [00]  .stabn 68,0,91,L67
------     1 [--]               [00]  L67:
000008r    1 [01]  00 04 r      [00]  ULTRRB _ledCount,_duty
           1 [01]  00 01 r      [00]  
00000Ar    1 [01]  03 0E        [00]  jbs STATUS,cf
00000Br    1 [01]  00 14 r      [00]  EXTJMP @L$61
------     1 [--]               [00]  .stabn 192,0,1,L68
------     1 [--]               [00]  L68:
------     1 [--]               [00]  .stabn 68,0,92,L69
------     1 [--]               [00]  L69:
------     1 [--]               [00]  .stabn 68,0,93,L70
------     1 [--]               [00]  L70:
00000Cr    1 [01]  C0 0A r      [00]  bs _P63,3
------     1 [--]               [00]  .stabn 68,0,94,L71
------     1 [--]               [00]  L71:
------     1 [--]               [00]  .stabn 224,0,1,L72
------     1 [--]               [00]  L72:
00000Dr    1 [01]  00 14 r      [00]  jmp @L$62
------     1 [--]               [00]  L$61:
------     1 [--]               [00]  .stabn 192,0,1,L73
------     1 [--]               [00]  L73:
------     1 [--]               [00]  .stabn 68,0,96,L74
------     1 [--]               [00]  L74:
------     1 [--]               [00]  .stabn 68,0,97,L75
------     1 [--]               [00]  L75:
00000Er    1 [01]  C0 08 r      [00]  bc _P63,3
------     1 [--]               [00]  .stabn 68,0,98,L76
------     1 [--]               [00]  L76:
------     1 [--]               [00]  .stabn 224,0,1,L77
------     1 [--]               [00]  L77:
------     1 [--]               [00]  L$62:
------     1 [--]               [00]  .stabn 68,0,99,L78
------     1 [--]               [00]  L78:
00000Fr    1 [01]  40 05 r      [00]  LDA _ledCount,0,0
000010r    1 [--]  -- --        [00]  mov ecx,a
000011r    1 [--]  -- --        [00]  mov a,@1
000012r    1 [--]  -- --        [00]  add ecx,a
000013r    1 [01]  00 04 r      [00]  mov a,ecx
000014r    1 [--]  -- --        [00]  STA _ledCount,0,0
000015r    1 [--]  -- --        [00]  UGTRIB ecx,0x64
           1 [01]  64 1D        [00]  
000017r    1 [01]  03 0C        [00]  jbc STATUS, cf
000018r    1 [01]  00 14 r      [00]  EXTJMP L$63
------     1 [--]               [00]  .stabn 68,0,100,L79
------     1 [--]               [00]  L79:
000019r    1 [01]  C0 00 r      [00]  clr _ledCount
------     1 [--]               [00]  L$63:
------     1 [--]               [00]  .stabn 68,0,101,L80
------     1 [--]               [00]  L80:
------     1 [--]               [00]  .stabn 224,0,0,L81
------     1 [--]               [00]  L81:
------     1 [--]               [00]  L$60:
00001Ar    1 [01]  3C 04 r      [00]  mov a,ledBreath_bp-4
00001Br    1 [01]  40 00 r      [00]  mov ecx,a
00001Cr    1 [01]  3D 04 r      [00]  mov a,ledBreath_bp-3
00001Dr    1 [01]  41 00 r      [00]  mov ecx+1,a
00001Er    1 [01]  3E 04 r      [00]  mov a,ledBreath_bp-2
00001Fr    1 [01]  42 00 r      [00]  mov ecx+2,a
000020r    1 [01]  3F 04 r      [00]  mov a,ledBreath_bp-1
000021r    1 [01]  43 00 r      [00]  mov ecx+3,a
000022r    1 [01]  12 00        [00]  ret
------     1 [--]               [00]  .STACK ledBreath_bp,local,4
------     1 [--]               [00]  public _breathCtr
------     1 [--]               [00]  public breathCtr_bp
------     1 [--]               [00]  .stabs "breathCtr:F15",36,0,0,_breathCtr
------     1 [--]               [00]  .section ".S2",C_CODE
------     1 [--]               [00]  .SYMDEF ".S2" 
------     1 [--]               [00]  _breathCtr:
------     1 [--]               [00]  .SYMDEF "_breathCtr" 
000000r    1 [01]  00 04 r      [00]  mov a,ecx
000001r    1 [01]  7C 00 r      [00]  mov breathCtr_bp-4,a
000002r    1 [01]  01 04 r      [00]  mov a,ecx+1
000003r    1 [01]  7D 00 r      [00]  mov breathCtr_bp-3,a
000004r    1 [01]  02 04 r      [00]  mov a,ecx+2
000005r    1 [01]  7E 00 r      [00]  mov breathCtr_bp-2,a
000006r    1 [01]  03 04 r      [00]  mov a,ecx+3
000007r    1 [01]  7F 00 r      [00]  mov breathCtr_bp-1,a
------     1 [--]               [00]  .stabn 192,0,0,L97
------     1 [--]               [00]  L97:
------     1 [--]               [00]  .stabn 68,0,106,L98
------     1 [--]               [00]  L98:
------     1 [--]               [00]  .stabn 68,0,107,L99
------     1 [--]               [00]  L99:
000008r    1 [01]  00 18 r      [00]  ULTRIW _breathCount,0xa
           1 [01]  01 01 r      [00]  
           1 [01]  83 0E r      [00]  
           1 [01]  00 14 r      [00]  
           1 [01]  0A 18 r      [00]  
           1 [01]  00 01 r      [00]  
00000Er    1 [01]  03 0C        [00]  jbc STATUS, cf
00000Fr    1 [01]  00 14 r      [00]  EXTJMP L$83
------     1 [--]               [00]  .stabn 192,0,1,L100
------     1 [--]               [00]  L100:
------     1 [--]               [00]  .stabn 68,0,108,L101
------     1 [--]               [00]  L101:
------     1 [--]               [00]  .stabn 68,0,109,L102
------     1 [--]               [00]  L102:
000010r    1 [01]  C0 00 r      [00]  clr _duty
------     1 [--]               [00]  .stabn 68,0,110,L103
------     1 [--]               [00]  L103:
------     1 [--]               [00]  .stabn 224,0,1,L104
------     1 [--]               [00]  L104:
000011r    1 [01]  00 14 r      [00]  jmp @L$84
------     1 [--]               [00]  L$83:
------     1 [--]               [00]  .stabn 68,0,111,L105
------     1 [--]               [00]  L105:
000012r    1 [01]  00 18 r      [00]  ULTRIW _breathCount,0xc8
           1 [01]  01 01 r      [00]  
           1 [01]  83 0E r      [00]  
           1 [01]  00 14 r      [00]  
           1 [01]  C8 18 r      [00]  
           1 [01]  00 01 r      [00]  
000018r    1 [01]  03 0C        [00]  jbc STATUS, cf
000019r    1 [01]  00 14 r      [00]  EXTJMP L$85
------     1 [--]               [00]  .stabn 192,0,1,L106
------     1 [--]               [00]  L106:
------     1 [--]               [00]  .stabn 68,0,112,L107
------     1 [--]               [00]  L107:
------     1 [--]               [00]  .stabn 68,0,113,L108
------     1 [--]               [00]  L108:
00001Ar    1 [01]  00 04 r      [00]  LDA _breathCount,0,0
00001Br    1 [01]  40 00 r      [00]  mov ecx,a
00001Cr    1 [01]  01 04 r      [00]  LDA _breathCount,1,0
00001Dr    1 [01]  41 00 r      [00]  mov ecx+1,a
00001Er    1 [01]  01 18        [00]  mov a,@.b0.1
00001Fr    1 [01]  C0 02 r      [00]  and ecx,a
000020r    1 [01]  00 18        [00]  mov a,@.b1.1
000021r    1 [01]  81 02 r      [00]  and ecx+1,a
000022r    1 [--]  -- -- r      [00]  NEPRIW ecx,0,@L$86
           1 [01]  00 02 r      [00]  
           1 [01]  83 0E r      [00]  
           1 [01]  00 14 r      [00]  
000026r    1 [01]  64 18 r      [00]  ULTRIB _duty,0x64
           1 [01]  00 01 r      [00]  
000028r    1 [01]  03 0C        [00]  jbc STATUS, cf
000029r    1 [01]  00 14 r      [00]  EXTJMP L$86
------     1 [--]               [00]  .stabn 68,0,114,L109
------     1 [--]               [00]  L109:
00002Ar    1 [01]  40 05 r      [00]  LDA _duty,0,0
00002Br    1 [--]  -- --        [00]  add a,@1
00002Cr    1 [--]  -- --        [00]  STA _duty,0,0
------     1 [--]               [00]  .stabn 68,0,115,L110
------     1 [--]               [00]  L110:
------     1 [--]               [00]  .stabn 224,0,1,L111
------     1 [--]               [00]  L111:
00002Dr    1 [01]  00 14 r      [00]  jmp @L$86
------     1 [--]               [00]  L$85:
------     1 [--]               [00]  .stabn 68,0,116,L112
------     1 [--]               [00]  L112:
00002Er    1 [01]  00 18 r      [00]  ULTRIW _breathCount,0xd2
           1 [01]  01 01 r      [00]  
           1 [01]  83 0E r      [00]  
           1 [01]  00 14 r      [00]  
           1 [01]  D2 18 r      [00]  
           1 [01]  00 01 r      [00]  
000034r    1 [01]  03 0C        [00]  jbc STATUS, cf
000035r    1 [01]  00 14 r      [00]  EXTJMP L$89
------     1 [--]               [00]  .stabn 192,0,1,L113
------     1 [--]               [00]  L113:
------     1 [--]               [00]  .stabn 68,0,117,L114
------     1 [--]               [00]  L114:
------     1 [--]               [00]  .stabn 68,0,118,L115
------     1 [--]               [00]  L115:
000036r    1 [01]  65 18        [00]  mov a,@101
000037r    1 [01]  40 00 r      [00]  STA _duty,0,0
------     1 [--]               [00]  .stabn 68,0,119,L116
------     1 [--]               [00]  L116:
------     1 [--]               [00]  .stabn 224,0,1,L117
------     1 [--]               [00]  L117:
000038r    1 [01]  00 14 r      [00]  jmp @L$90
------     1 [--]               [00]  L$89:
------     1 [--]               [00]  .stabn 68,0,120,L118
------     1 [--]               [00]  L118:
000039r    1 [01]  01 18 r      [00]  ULTRIW _breathCount,0x19a
           1 [01]  01 01 r      [00]  
           1 [01]  83 0E r      [00]  
           1 [01]  00 14 r      [00]  
           1 [01]  9A 18 r      [00]  
           1 [01]  00 01 r      [00]  
00003Fr    1 [01]  03 0C        [00]  jbc STATUS, cf
000040r    1 [01]  00 14 r      [00]  EXTJMP L$91
------     1 [--]               [00]  .stabn 192,0,1,L119
------     1 [--]               [00]  L119:
------     1 [--]               [00]  .stabn 68,0,121,L120
------     1 [--]               [00]  L120:
------     1 [--]               [00]  .stabn 68,0,122,L121
------     1 [--]               [00]  L121:
000041r    1 [01]  00 04 r      [00]  LDA _breathCount,0,0
000042r    1 [01]  40 00 r      [00]  mov ecx,a
000043r    1 [01]  01 04 r      [00]  LDA _breathCount,1,0
000044r    1 [01]  41 00 r      [00]  mov ecx+1,a
000045r    1 [01]  01 18        [00]  mov a,@.b0.1
000046r    1 [01]  C0 02 r      [00]  and ecx,a
000047r    1 [01]  00 18        [00]  mov a,@.b1.1
000048r    1 [01]  81 02 r      [00]  and ecx+1,a
000049r    1 [--]  -- -- r      [00]  NEPRIW ecx,0,@L$93
           1 [01]  00 02 r      [00]  
           1 [01]  83 0E r      [00]  
           1 [01]  00 14 r      [00]  
00004Dr    1 [01]  40 04 r      [00]  EQNEPRIB _duty,0
00004Er    1 [01]  83 0C        [00]  jbc STATUS, zf
00004Fr    1 [01]  00 14 r      [00]  EXTJMP L$93
------     1 [--]               [00]  .stabn 68,0,123,L122
------     1 [--]               [00]  L122:
000050r    1 [01]  C0 01 r      [00]  DECMB _duty,0
------     1 [--]               [00]  L$93:
------     1 [--]               [00]  .stabn 68,0,124,L123
------     1 [--]               [00]  L123:
------     1 [--]               [00]  .stabn 224,0,1,L124
------     1 [--]               [00]  L124:
------     1 [--]               [00]  L$91:
------     1 [--]               [00]  L$90:
------     1 [--]               [00]  L$86:
------     1 [--]               [00]  L$84:
------     1 [--]               [00]  .stabn 68,0,125,L125
------     1 [--]               [00]  L125:
000051r    1 [01]  00 04 r      [00]  LDA _breathCount,0,0
000052r    1 [01]  40 00 r      [00]  mov ecx,a
000053r    1 [01]  01 04 r      [00]  LDA _breathCount,1,0
000054r    1 [01]  41 00 r      [00]  mov ecx+1,a
000055r    1 [01]  01 18        [00]  mov a,@.b0.1
000056r    1 [01]  80 03 r      [00]  add a, ecx
000057r    1 [01]  40 00 r      [00]  mov ecx, a
000058r    1 [01]  03 0C        [00]  jbc STATUS,cf
000059r    1 [01]  41 05 r      [00]  inc ecx+1
00005Ar    1 [--]  -- --        [00]  mov a,ecx+1
00005Br    1 [01]  00 18        [00]  add a, @.b1.1
00005Cr    1 [01]  C1 03 r      [00]  mov ecx+1,a
00005Dr    1 [01]  00 04 r      [00]  mov a,ecx
00005Er    1 [01]  40 00 r      [00]  STA _breathCount,0,0
00005Fr    1 [01]  01 04 r      [00]  mov a,ecx+1
000060r    1 [01]  41 00 r      [00]  STA _breathCount,1,0
000061r    1 [01]  01 04 r      [00]  UGTRIW ecx,0x19a
           1 [01]  01 1D r      [00]  
           1 [01]  83 0E r      [00]  
           1 [01]  00 14 r      [00]  
           1 [01]  00 04 r      [00]  
           1 [01]  9A 1D r      [00]  
000067r    1 [01]  03 0C        [00]  jbc STATUS, cf
000068r    1 [01]  00 14 r      [00]  EXTJMP L$95
------     1 [--]               [00]  .stabn 192,0,1,L126
------     1 [--]               [00]  L126:
------     1 [--]               [00]  .stabn 68,0,126,L127
------     1 [--]               [00]  L127:
------     1 [--]               [00]  .stabn 68,0,127,L128
------     1 [--]               [00]  L128:
000069r    1 [01]  C1 00 r      [00]  clr _breathCount+1
00006Ar    1 [01]  C0 00 r      [00]  clr _breathCount
------     1 [--]               [00]  .stabn 68,0,128,L129
------     1 [--]               [00]  L129:
------     1 [--]               [00]  .stabn 224,0,1,L130
------     1 [--]               [00]  L130:
------     1 [--]               [00]  L$95:
------     1 [--]               [00]  .stabn 68,0,129,L131
------     1 [--]               [00]  L131:
------     1 [--]               [00]  .stabn 224,0,0,L132
------     1 [--]               [00]  L132:
------     1 [--]               [00]  L$82:
00006Br    1 [01]  3C 04 r      [00]  mov a,breathCtr_bp-4
00006Cr    1 [01]  40 00 r      [00]  mov ecx,a
00006Dr    1 [01]  3D 04 r      [00]  mov a,breathCtr_bp-3
00006Er    1 [01]  41 00 r      [00]  mov ecx+1,a
00006Fr    1 [01]  3E 04 r      [00]  mov a,breathCtr_bp-2
000070r    1 [01]  42 00 r      [00]  mov ecx+2,a
000071r    1 [01]  3F 04 r      [00]  mov a,breathCtr_bp-1
000072r    1 [01]  43 00 r      [00]  mov ecx+3,a
000073r    1 [01]  12 00        [00]  ret
------     1 [--]               [00]  .STACK breathCtr_bp,local,4
------     1 [--]               [00]  public _chrgCtr
------     1 [--]               [00]  public chrgCtr_bp
------     1 [--]               [00]  .stabs "chrgCtr:F15",36,0,0,_chrgCtr
------     1 [--]               [00]  .section ".S3",C_CODE
------     1 [--]               [00]  .SYMDEF ".S3" 
------     1 [--]               [00]  _chrgCtr:
------     1 [--]               [00]  .SYMDEF "_chrgCtr" 
000000r    1 [01]  00 04 r      [00]  mov a,ecx
000001r    1 [01]  7C 00 r      [00]  mov chrgCtr_bp-4,a
000002r    1 [01]  01 04 r      [00]  mov a,ecx+1
000003r    1 [01]  7D 00 r      [00]  mov chrgCtr_bp-3,a
000004r    1 [01]  02 04 r      [00]  mov a,ecx+2
000005r    1 [01]  7E 00 r      [00]  mov chrgCtr_bp-2,a
000006r    1 [01]  03 04 r      [00]  mov a,ecx+3
000007r    1 [01]  7F 00 r      [00]  mov chrgCtr_bp-1,a
------     1 [--]               [00]  .stabn 192,0,0,L136
------     1 [--]               [00]  L136:
------     1 [--]               [00]  .stabn 68,0,133,L137
------     1 [--]               [00]  L137:
------     1 [--]               [00]  .stabn 68,0,134,L138
------     1 [--]               [00]  L138:
000008r    1 [01]  C0 00 r      [00]  clr _workStep
------     1 [--]               [00]  .stabn 68,0,135,L139
------     1 [--]               [00]  L139:
000009r    1 [01]  40 0F r      [00]  jbs _P65,5
00000Ar    1 [01]  00 14 r      [00]  EXTJMP @L$134
------     1 [--]               [00]  .stabn 192,0,1,L140
------     1 [--]               [00]  L140:
------     1 [--]               [00]  .stabn 68,0,136,L141
------     1 [--]               [00]  L141:
------     1 [--]               [00]  .stabn 68,0,137,L142
------     1 [--]               [00]  L142:
00000Br    1 [01]  C0 00 r      [00]  clr _chrgFlag
------     1 [--]               [00]  .stabn 68,0,138,L143
------     1 [--]               [00]  L143:
00000Cr    1 [01]  C0 0A r      [00]  bs _P63,3
------     1 [--]               [00]  .stabn 68,0,139,L144
------     1 [--]               [00]  L144:
------     1 [--]               [00]  .stabn 224,0,1,L145
------     1 [--]               [00]  L145:
00000Dr    1 [01]  00 14 r      [00]  jmp @L$135
------     1 [--]               [00]  L$134:
------     1 [--]               [00]  .stabn 192,0,1,L146
------     1 [--]               [00]  L146:
------     1 [--]               [00]  .stabn 68,0,141,L147
------     1 [--]               [00]  L147:
------     1 [--]               [00]  .stabn 68,0,142,L148
------     1 [--]               [00]  L148:
00000Er    1 [01]  01 18        [00]  mov a,@1
00000Fr    1 [01]  40 00 r      [00]  STA _chrgFlag,0,0
------     1 [--]               [00]  .stabn 68,0,143,L149
------     1 [--]               [00]  L149:
------     1 [--]               [00]  .stabn 224,0,1,L150
------     1 [--]               [00]  L150:
------     1 [--]               [00]  L$135:
------     1 [--]               [00]  .stabn 68,0,145,L151
------     1 [--]               [00]  L151:
------     1 [--]               [00]  .stabn 224,0,0,L152
------     1 [--]               [00]  L152:
------     1 [--]               [00]  L$133:
000010r    1 [01]  3C 04 r      [00]  mov a,chrgCtr_bp-4
000011r    1 [01]  40 00 r      [00]  mov ecx,a
000012r    1 [01]  3D 04 r      [00]  mov a,chrgCtr_bp-3
000013r    1 [01]  41 00 r      [00]  mov ecx+1,a
000014r    1 [01]  3E 04 r      [00]  mov a,chrgCtr_bp-2
000015r    1 [01]  42 00 r      [00]  mov ecx+2,a
000016r    1 [01]  3F 04 r      [00]  mov a,chrgCtr_bp-1
000017r    1 [01]  43 00 r      [00]  mov ecx+3,a
000018r    1 [01]  12 00        [00]  ret
------     1 [--]               [00]  .STACK chrgCtr_bp,local,4
------     1 [--]               [00]  public _motorWork2
------     1 [--]               [00]  public motorWork2_bp
------     1 [--]               [00]  .stabs "motorWork2:F15",36,0,0,_motorWork2
------     1 [--]               [00]  .section ".S4",C_CODE
------     1 [--]               [00]  .SYMDEF ".S4" 
------     1 [--]               [00]  _motorWork2:
------     1 [--]               [00]  .SYMDEF "_motorWork2" 
000000r    1 [01]  00 04 r      [00]  mov a,ecx
000001r    1 [01]  7C 00 r      [00]  mov motorWork2_bp-4,a
000002r    1 [01]  01 04 r      [00]  mov a,ecx+1
000003r    1 [01]  7D 00 r      [00]  mov motorWork2_bp-3,a
000004r    1 [01]  02 04 r      [00]  mov a,ecx+2
000005r    1 [01]  7E 00 r      [00]  mov motorWork2_bp-2,a
000006r    1 [01]  03 04 r      [00]  mov a,ecx+3
000007r    1 [01]  7F 00 r      [00]  mov motorWork2_bp-1,a
------     1 [--]               [00]  .stabn 192,0,0,L158
------     1 [--]               [00]  L158:
------     1 [--]               [00]  .stabn 68,0,149,L159
------     1 [--]               [00]  L159:
------     1 [--]               [00]  .stabn 68,0,150,L160
------     1 [--]               [00]  L160:
000008r    1 [01]  00 04 r      [00]  UGTRIB _motorCount,0x1e
           1 [01]  1E 1D r      [00]  
00000Ar    1 [01]  03 0C        [00]  jbc STATUS, cf
00000Br    1 [01]  00 14 r      [00]  EXTJMP L$154
------     1 [--]               [00]  .stabn 192,0,1,L161
------     1 [--]               [00]  L161:
------     1 [--]               [00]  .stabn 68,0,151,L162
------     1 [--]               [00]  L162:
------     1 [--]               [00]  .stabn 68,0,152,L163
------     1 [--]               [00]  L163:
00000Cr    1 [01]  00 08 r      [00]  bc _P60,0
------     1 [--]               [00]  .stabn 68,0,153,L164
------     1 [--]               [00]  L164:
------     1 [--]               [00]  .stabn 224,0,1,L165
------     1 [--]               [00]  L165:
00000Dr    1 [01]  00 14 r      [00]  jmp @L$155
------     1 [--]               [00]  L$154:
------     1 [--]               [00]  .stabn 192,0,1,L166
------     1 [--]               [00]  L166:
------     1 [--]               [00]  .stabn 68,0,155,L167
------     1 [--]               [00]  L167:
------     1 [--]               [00]  .stabn 68,0,156,L168
------     1 [--]               [00]  L168:
00000Er    1 [01]  00 0A r      [00]  bs _P60,0
------     1 [--]               [00]  .stabn 68,0,157,L169
------     1 [--]               [00]  L169:
------     1 [--]               [00]  .stabn 224,0,1,L170
------     1 [--]               [00]  L170:
------     1 [--]               [00]  L$155:
------     1 [--]               [00]  .stabn 68,0,159,L171
------     1 [--]               [00]  L171:
00000Fr    1 [01]  40 05 r      [00]  LDA _motorCount,0,0
000010r    1 [--]  -- --        [00]  mov ecx,a
000011r    1 [--]  -- --        [00]  mov a,@1
000012r    1 [--]  -- --        [00]  add ecx,a
000013r    1 [01]  00 04 r      [00]  mov a,ecx
000014r    1 [--]  -- --        [00]  STA _motorCount,0,0
000015r    1 [--]  -- --        [00]  UGTRIB ecx,0x64
           1 [01]  64 1D        [00]  
000017r    1 [01]  03 0C        [00]  jbc STATUS, cf
000018r    1 [01]  00 14 r      [00]  EXTJMP L$156
------     1 [--]               [00]  .stabn 68,0,160,L172
------     1 [--]               [00]  L172:
000019r    1 [01]  C0 00 r      [00]  clr _motorCount
------     1 [--]               [00]  L$156:
------     1 [--]               [00]  .stabn 68,0,161,L173
------     1 [--]               [00]  L173:
------     1 [--]               [00]  .stabn 224,0,0,L174
------     1 [--]               [00]  L174:
------     1 [--]               [00]  L$153:
00001Ar    1 [01]  3C 04 r      [00]  mov a,motorWork2_bp-4
00001Br    1 [01]  40 00 r      [00]  mov ecx,a
00001Cr    1 [01]  3D 04 r      [00]  mov a,motorWork2_bp-3
00001Dr    1 [01]  41 00 r      [00]  mov ecx+1,a
00001Er    1 [01]  3E 04 r      [00]  mov a,motorWork2_bp-2
00001Fr    1 [01]  42 00 r      [00]  mov ecx+2,a
000020r    1 [01]  3F 04 r      [00]  mov a,motorWork2_bp-1
000021r    1 [01]  43 00 r      [00]  mov ecx+3,a
000022r    1 [01]  12 00        [00]  ret
------     1 [--]               [00]  .STACK motorWork2_bp,local,4
------     1 [--]               [00]  public _motorWork
------     1 [--]               [00]  public motorWork_bp
------     1 [--]               [00]  .stabs "motorWork:F15",36,0,0,_motorWork
------     1 [--]               [00]  .section ".S5",C_CODE
------     1 [--]               [00]  .SYMDEF ".S5" 
------     1 [--]               [00]  _motorWork:
------     1 [--]               [00]  .SYMDEF "_motorWork" 
000000r    1 [01]  00 04 r      [00]  mov a,ecx
000001r    1 [01]  7C 00 r      [00]  mov motorWork_bp-4,a
000002r    1 [01]  01 04 r      [00]  mov a,ecx+1
000003r    1 [01]  7D 00 r      [00]  mov motorWork_bp-3,a
000004r    1 [01]  02 04 r      [00]  mov a,ecx+2
000005r    1 [01]  7E 00 r      [00]  mov motorWork_bp-2,a
000006r    1 [01]  03 04 r      [00]  mov a,ecx+3
000007r    1 [01]  7F 00 r      [00]  mov motorWork_bp-1,a
------     1 [--]               [00]  .stabn 192,0,0,L180
------     1 [--]               [00]  L180:
------     1 [--]               [00]  .stabn 68,0,165,L181
------     1 [--]               [00]  L181:
------     1 [--]               [00]  .stabn 68,0,166,L182
------     1 [--]               [00]  L182:
000008r    1 [01]  00 04 r      [00]  UGTRIB _motorCount,0xc
           1 [01]  0C 1D r      [00]  
00000Ar    1 [01]  03 0C        [00]  jbc STATUS, cf
00000Br    1 [01]  00 14 r      [00]  EXTJMP L$176
------     1 [--]               [00]  .stabn 192,0,1,L183
------     1 [--]               [00]  L183:
------     1 [--]               [00]  .stabn 68,0,167,L184
------     1 [--]               [00]  L184:
------     1 [--]               [00]  .stabn 68,0,168,L185
------     1 [--]               [00]  L185:
00000Cr    1 [01]  00 08 r      [00]  bc _P60,0
------     1 [--]               [00]  .stabn 68,0,169,L186
------     1 [--]               [00]  L186:
------     1 [--]               [00]  .stabn 224,0,1,L187
------     1 [--]               [00]  L187:
00000Dr    1 [01]  00 14 r      [00]  jmp @L$177
------     1 [--]               [00]  L$176:
------     1 [--]               [00]  .stabn 192,0,1,L188
------     1 [--]               [00]  L188:
------     1 [--]               [00]  .stabn 68,0,171,L189
------     1 [--]               [00]  L189:
------     1 [--]               [00]  .stabn 68,0,172,L190
------     1 [--]               [00]  L190:
00000Er    1 [01]  00 0A r      [00]  bs _P60,0
------     1 [--]               [00]  .stabn 68,0,173,L191
------     1 [--]               [00]  L191:
------     1 [--]               [00]  .stabn 224,0,1,L192
------     1 [--]               [00]  L192:
------     1 [--]               [00]  L$177:
------     1 [--]               [00]  .stabn 68,0,175,L193
------     1 [--]               [00]  L193:
00000Fr    1 [01]  40 05 r      [00]  LDA _motorCount,0,0
000010r    1 [--]  -- --        [00]  mov ecx,a
000011r    1 [--]  -- --        [00]  mov a,@1
000012r    1 [--]  -- --        [00]  add ecx,a
000013r    1 [01]  00 04 r      [00]  mov a,ecx
000014r    1 [--]  -- --        [00]  STA _motorCount,0,0
000015r    1 [--]  -- --        [00]  UGTRIB ecx,0x16
           1 [01]  16 1D        [00]  
000017r    1 [01]  03 0C        [00]  jbc STATUS, cf
000018r    1 [01]  00 14 r      [00]  EXTJMP L$178
------     1 [--]               [00]  .stabn 68,0,176,L194
------     1 [--]               [00]  L194:
000019r    1 [01]  C0 00 r      [00]  clr _motorCount
------     1 [--]               [00]  L$178:
------     1 [--]               [00]  .stabn 68,0,177,L195
------     1 [--]               [00]  L195:
------     1 [--]               [00]  .stabn 224,0,0,L196
------     1 [--]               [00]  L196:
------     1 [--]               [00]  L$175:
00001Ar    1 [01]  3C 04 r      [00]  mov a,motorWork_bp-4
00001Br    1 [01]  40 00 r      [00]  mov ecx,a
00001Cr    1 [01]  3D 04 r      [00]  mov a,motorWork_bp-3
00001Dr    1 [01]  41 00 r      [00]  mov ecx+1,a
00001Er    1 [01]  3E 04 r      [00]  mov a,motorWork_bp-2
00001Fr    1 [01]  42 00 r      [00]  mov ecx+2,a
000020r    1 [01]  3F 04 r      [00]  mov a,motorWork_bp-1
000021r    1 [01]  43 00 r      [00]  mov ecx+3,a
000022r    1 [01]  12 00        [00]  ret
------     1 [--]               [00]  .STACK motorWork_bp,local,4
------     1 [--]               [00]  public _workCtr
------     1 [--]               [00]  public workCtr_bp
------     1 [--]               [00]  .stabs "workCtr:F15",36,0,0,_workCtr
------     1 [--]               [00]  .section ".S6",C_CODE
------     1 [--]               [00]  .SYMDEF ".S6" 
------     1 [--]               [00]  _workCtr:
------     1 [--]               [00]  .SYMDEF "_workCtr" 
000000r    1 [01]  00 04 r      [00]  mov a,ecx
000001r    1 [01]  7C 00 r      [00]  mov workCtr_bp-4,a
000002r    1 [01]  01 04 r      [00]  mov a,ecx+1
000003r    1 [01]  7D 00 r      [00]  mov workCtr_bp-3,a
000004r    1 [01]  02 04 r      [00]  mov a,ecx+2
000005r    1 [01]  7E 00 r      [00]  mov workCtr_bp-2,a
000006r    1 [01]  03 04 r      [00]  mov a,ecx+3
000007r    1 [01]  7F 00 r      [00]  mov workCtr_bp-1,a
------     1 [--]               [00]  .stabn 192,0,0,L207
------     1 [--]               [00]  L207:
------     1 [--]               [00]  .stabn 68,0,181,L208
------     1 [--]               [00]  L208:
------     1 [--]               [00]  .stabn 68,0,182,L209
------     1 [--]               [00]  L209:
000008r    1 [01]  00 04 r      [00]  LDA _workStep,0,0
000009r    1 [01]  40 00 r      [00]  mov ecx,a
00000Ar    1 [01]  40 04 r      [00]  EQNEPRIB ecx,0
00000Br    1 [01]  83 0C        [00]  jbc STATUS,zf
00000Cr    1 [01]  00 14 r      [00]  EXTJMP @L$200
00000Dr    1 [01]  00 04 r      [00]  EQNEPRIB ecx,1
           1 [01]  01 1B r      [00]  
00000Fr    1 [01]  83 0C        [00]  jbc STATUS,zf
000010r    1 [01]  00 14 r      [00]  EXTJMP @L$203
000011r    1 [01]  00 04 r      [00]  EQNEPRIB ecx,2
           1 [01]  02 1B r      [00]  
000013r    1 [01]  83 0C        [00]  jbc STATUS,zf
000014r    1 [01]  00 14 r      [00]  EXTJMP @L$204
000015r    1 [01]  00 04 r      [00]  EQNEPRIB ecx,3
           1 [01]  03 1B r      [00]  
000017r    1 [01]  83 0C        [00]  jbc STATUS,zf
000018r    1 [01]  00 14 r      [00]  EXTJMP @L$205
000019r    1 [01]  00 04 r      [00]  EQNEPRIB ecx,4
           1 [01]  04 1B r      [00]  
00001Br    1 [01]  83 0C        [00]  jbc STATUS,zf
00001Cr    1 [01]  00 14 r      [00]  EXTJMP @L$206
00001Dr    1 [01]  00 14 r      [00]  jmp @L$198
------     1 [--]               [00]  .stabn 192,0,1,L210
------     1 [--]               [00]  L210:
------     1 [--]               [00]  .stabn 68,0,183,L211
------     1 [--]               [00]  L211:
------     1 [--]               [00]  L$200:
------     1 [--]               [00]  .stabn 68,0,185,L212
------     1 [--]               [00]  L212:
00001Er    1 [01]  C0 00 r      [00]  clr _motorFlag
------     1 [--]               [00]  .stabn 68,0,186,L213
------     1 [--]               [00]  L213:
00001Fr    1 [01]  C0 0A r      [00]  bs _P63,3
------     1 [--]               [00]  .stabn 68,0,187,L214
------     1 [--]               [00]  L214:
000020r    1 [01]  0F 18        [00]  mov a,@15
000021r    1 [01]  40 00 r      [00]  STA _PWMCON,0,0
------     1 [--]               [00]  .stabn 68,0,188,L215
------     1 [--]               [00]  L215:
000022r    1 [01]  00 08 r      [00]  bc _P60,0
------     1 [--]               [00]  .stabn 68,0,189,L216
------     1 [--]               [00]  L216:
000023r    1 [01]  40 08 r      [00]  bc _P61,1
------     1 [--]               [00]  .stabn 68,0,190,L217
------     1 [--]               [00]  L217:
000024r    1 [01]  40 04 r      [00]  EQNEPRIB _keyCount,0
000025r    1 [01]  83 0E        [00]  jbs STATUS,zf
000026r    1 [01]  00 14 r      [00]  EXTJMP @L$199
------     1 [--]               [00]  .stabn 68,0,191,L218
------     1 [--]               [00]  L218:
000027r    1 [01]  00 10 r      [00]  call _gotoSleep
------     1 [--]               [00]  .stabn 68,0,192,L219
------     1 [--]               [00]  L219:
000028r    1 [01]  00 14 r      [00]  jmp @L$199
------     1 [--]               [00]  L$203:
------     1 [--]               [00]  .stabn 68,0,194,L220
------     1 [--]               [00]  L220:
000029r    1 [01]  01 18        [00]  mov a,@1
00002Ar    1 [01]  40 00 r      [00]  STA _motorFlag,0,0
------     1 [--]               [00]  .stabn 68,0,195,L221
------     1 [--]               [00]  L221:
00002Br    1 [01]  40 08 r      [00]  bc _P61,1
------     1 [--]               [00]  .stabn 68,0,196,L222
------     1 [--]               [00]  L222:
00002Cr    1 [01]  C0 08 r      [00]  bc _P63,3
------     1 [--]               [00]  .stabn 68,0,197,L223
------     1 [--]               [00]  L223:
00002Dr    1 [01]  00 14 r      [00]  jmp @L$199
------     1 [--]               [00]  L$204:
------     1 [--]               [00]  .stabn 68,0,199,L224
------     1 [--]               [00]  L224:
00002Er    1 [01]  C0 00 r      [00]  clr _motorFlag
------     1 [--]               [00]  .stabn 68,0,200,L225
------     1 [--]               [00]  L225:
00002Fr    1 [01]  00 10 r      [00]  call _motorWork
------     1 [--]               [00]  .stabn 68,0,201,L226
------     1 [--]               [00]  L226:
000030r    1 [01]  40 08 r      [00]  bc _P61,1
------     1 [--]               [00]  .stabn 68,0,202,L227
------     1 [--]               [00]  L227:
000031r    1 [01]  C0 08 r      [00]  bc _P63,3
------     1 [--]               [00]  .stabn 68,0,203,L228
------     1 [--]               [00]  L228:
000032r    1 [01]  00 14 r      [00]  jmp @L$199
------     1 [--]               [00]  L$205:
------     1 [--]               [00]  .stabn 68,0,205,L229
------     1 [--]               [00]  L229:
000033r    1 [01]  00 08 r      [00]  bc _P60,0
------     1 [--]               [00]  .stabn 68,0,206,L230
------     1 [--]               [00]  L230:
000034r    1 [01]  40 0A r      [00]  bs _P61,1
------     1 [--]               [00]  .stabn 68,0,207,L231
------     1 [--]               [00]  L231:
000035r    1 [01]  C0 08 r      [00]  bc _P63,3
------     1 [--]               [00]  .stabn 68,0,208,L232
------     1 [--]               [00]  L232:
000036r    1 [01]  00 14 r      [00]  jmp @L$199
------     1 [--]               [00]  L$206:
------     1 [--]               [00]  .stabn 68,0,210,L233
------     1 [--]               [00]  L233:
000037r    1 [01]  00 0A r      [00]  bs _P60,0
------     1 [--]               [00]  .stabn 68,0,211,L234
------     1 [--]               [00]  L234:
000038r    1 [01]  40 0A r      [00]  bs _P61,1
------     1 [--]               [00]  .stabn 68,0,212,L235
------     1 [--]               [00]  L235:
000039r    1 [01]  C0 08 r      [00]  bc _P63,3
------     1 [--]               [00]  .stabn 68,0,213,L236
------     1 [--]               [00]  L236:
------     1 [--]               [00]  .stabn 68,0,214,L237
------     1 [--]               [00]  L237:
------     1 [--]               [00]  .stabn 224,0,1,L238
------     1 [--]               [00]  L238:
------     1 [--]               [00]  L$198:
------     1 [--]               [00]  L$199:
------     1 [--]               [00]  .stabn 68,0,216,L239
------     1 [--]               [00]  L239:
------     1 [--]               [00]  .stabn 224,0,0,L240
------     1 [--]               [00]  L240:
------     1 [--]               [00]  L$197:
00003Ar    1 [01]  3C 04 r      [00]  mov a,workCtr_bp-4
00003Br    1 [01]  40 00 r      [00]  mov ecx,a
00003Cr    1 [01]  3D 04 r      [00]  mov a,workCtr_bp-3
00003Dr    1 [01]  41 00 r      [00]  mov ecx+1,a
00003Er    1 [01]  3E 04 r      [00]  mov a,workCtr_bp-2
00003Fr    1 [01]  42 00 r      [00]  mov ecx+2,a
000040r    1 [01]  3F 04 r      [00]  mov a,workCtr_bp-1
000041r    1 [01]  43 00 r      [00]  mov ecx+3,a
000042r    1 [01]  12 00        [00]  ret
------     1 [--]               [00]  .STACK workCtr_bp,local,4
------     1 [--]               [00]  public _PWM_Init_500
------     1 [--]               [00]  public PWM_Init_500_bp
------     1 [--]               [00]  .stabs "PWM_Init_500:F15",36,0,0,_PWM_Init_500
------     1 [--]               [00]  .section ".S7",C_CODE
------     1 [--]               [00]  .SYMDEF ".S7" 
------     1 [--]               [00]  _PWM_Init_500:
------     1 [--]               [00]  .SYMDEF "_PWM_Init_500" 
000000r    1 [01]  00 04 r      [00]  mov a,ecx
000001r    1 [01]  7C 00 r      [00]  mov PWM_Init_500_bp-4,a
000002r    1 [01]  01 04 r      [00]  mov a,ecx+1
000003r    1 [01]  7D 00 r      [00]  mov PWM_Init_500_bp-3,a
000004r    1 [01]  02 04 r      [00]  mov a,ecx+2
000005r    1 [01]  7E 00 r      [00]  mov PWM_Init_500_bp-2,a
000006r    1 [01]  03 04 r      [00]  mov a,ecx+3
000007r    1 [01]  7F 00 r      [00]  mov PWM_Init_500_bp-1,a
------     1 [--]               [00]  .stabn 192,0,0,L242
------     1 [--]               [00]  L242:
------     1 [--]               [00]  .stabn 68,0,223,L243
------     1 [--]               [00]  L243:
------     1 [--]               [00]  .stabn 68,0,225,L244
------     1 [--]               [00]  L244:
000008r    1 [01]  FA 18        [00]  mov a,@250
000009r    1 [01]  40 00 r      [00]  STA _PRD,0,0
------     1 [--]               [00]  .stabn 68,0,226,L245
------     1 [--]               [00]  L245:
00000Ar    1 [01]  64 18        [00]  mov a,@100
00000Br    1 [01]  40 00 r      [00]  STA _PDC1,0,0
------     1 [--]               [00]  .stabn 68,0,227,L246
------     1 [--]               [00]  L246:
00000Cr    1 [01]  40 18        [00]  mov a,@64
00000Dr    1 [01]  40 00 r      [00]  STA _CPUCON,0,0
------     1 [--]               [00]  .stabn 68,0,228,L247
------     1 [--]               [00]  L247:
00000Er    1 [01]  CF 18        [00]  mov a,@207
00000Fr    1 [01]  40 00 r      [00]  STA _PWMCON,0,0
------     1 [--]               [00]  .stabn 68,0,229,L248
------     1 [--]               [00]  L248:
------     1 [--]               [00]  .stabn 224,0,0,L249
------     1 [--]               [00]  L249:
------     1 [--]               [00]  L$241:
000010r    1 [01]  3C 04 r      [00]  mov a,PWM_Init_500_bp-4
000011r    1 [01]  40 00 r      [00]  mov ecx,a
000012r    1 [01]  3D 04 r      [00]  mov a,PWM_Init_500_bp-3
000013r    1 [01]  41 00 r      [00]  mov ecx+1,a
000014r    1 [01]  3E 04 r      [00]  mov a,PWM_Init_500_bp-2
000015r    1 [01]  42 00 r      [00]  mov ecx+2,a
000016r    1 [01]  3F 04 r      [00]  mov a,PWM_Init_500_bp-1
000017r    1 [01]  43 00 r      [00]  mov ecx+3,a
000018r    1 [01]  12 00        [00]  ret
------     1 [--]               [00]  .STACK PWM_Init_500_bp,local,4
------     1 [--]               [00]  public _IO_Init
------     1 [--]               [00]  public IO_Init_bp
------     1 [--]               [00]  .stabs "IO_Init:F15",36,0,0,_IO_Init
------     1 [--]               [00]  .section ".S8",C_CODE
------     1 [--]               [00]  .SYMDEF ".S8" 
------     1 [--]               [00]  _IO_Init:
------     1 [--]               [00]  .SYMDEF "_IO_Init" 
000000r    1 [01]  00 04 r      [00]  mov a,ecx
000001r    1 [01]  7C 00 r      [00]  mov IO_Init_bp-4,a
000002r    1 [01]  01 04 r      [00]  mov a,ecx+1
000003r    1 [01]  7D 00 r      [00]  mov IO_Init_bp-3,a
000004r    1 [01]  02 04 r      [00]  mov a,ecx+2
000005r    1 [01]  7E 00 r      [00]  mov IO_Init_bp-2,a
000006r    1 [01]  03 04 r      [00]  mov a,ecx+3
000007r    1 [01]  7F 00 r      [00]  mov IO_Init_bp-1,a
------     1 [--]               [00]  .stabn 192,0,0,L251
------     1 [--]               [00]  L251:
------     1 [--]               [00]  .stabn 68,0,235,L252
------     1 [--]               [00]  L252:
------     1 [--]               [00]  .stabn 68,0,237,L253
------     1 [--]               [00]  L253:
000008r    1 [01]  C0 00 r      [00]  clr _PORT6
------     1 [--]               [00]  .stabn 68,0,238,L254
------     1 [--]               [00]  L254:
000009r    1 [01]  34 18        [00]  mov a,@52
00000Ar    1 [01]  00 00 r      [00]  STA _P6CR,0,2
------     1 [--]               [00]  .stabn 68,0,239,L255
------     1 [--]               [00]  L255:
00000Br    1 [01]  EF 18        [00]  mov a,@239
00000Cr    1 [01]  00 00 r      [00]  STA _PHCR,0,2
------     1 [--]               [00]  .stabn 68,0,241,L256
------     1 [--]               [00]  L256:
------     1 [--]               [00]  .cfile "C:\mcuproject\xj\s18_1001B_sop8\PWM.c(241):"
00000Dr    1 [01]  02 18        [00]  mov	a,@0x02
------     1 [--]               [00]  .stabn 68,0,242,L257
------     1 [--]               [00]  L257:
------     1 [--]               [00]  .cfile "C:\mcuproject\xj\s18_1001B_sop8\PWM.c(242):"
00000Er    1 [01]  02 00        [00]  contw
------     1 [--]               [00]  .stabn 68,0,244,L258
------     1 [--]               [00]  L258:
------     1 [--]               [00]  .stabn 224,0,0,L259
------     1 [--]               [00]  L259:
------     1 [--]               [00]  L$250:
00000Fr    1 [01]  3C 04 r      [00]  mov a,IO_Init_bp-4
000010r    1 [01]  40 00 r      [00]  mov ecx,a
000011r    1 [01]  3D 04 r      [00]  mov a,IO_Init_bp-3
000012r    1 [01]  41 00 r      [00]  mov ecx+1,a
000013r    1 [01]  3E 04 r      [00]  mov a,IO_Init_bp-2
000014r    1 [01]  42 00 r      [00]  mov ecx+2,a
000015r    1 [01]  3F 04 r      [00]  mov a,IO_Init_bp-1
000016r    1 [01]  43 00 r      [00]  mov ecx+3,a
000017r    1 [01]  12 00        [00]  ret
------     1 [--]               [00]  .STACK IO_Init_bp,local,4
------     1 [--]               [00]  public _keyCtr
------     1 [--]               [00]  public keyCtr_bp
------     1 [--]               [00]  .stabs "keyCtr:F15",36,0,0,_keyCtr
------     1 [--]               [00]  .section ".S9",C_CODE
------     1 [--]               [00]  .SYMDEF ".S9" 
------     1 [--]               [00]  _keyCtr:
------     1 [--]               [00]  .SYMDEF "_keyCtr" 
000000r    1 [01]  00 04 r      [00]  mov a,ecx
000001r    1 [01]  7C 00 r      [00]  mov keyCtr_bp-4,a
000002r    1 [01]  01 04 r      [00]  mov a,ecx+1
000003r    1 [01]  7D 00 r      [00]  mov keyCtr_bp-3,a
000004r    1 [01]  02 04 r      [00]  mov a,ecx+2
000005r    1 [01]  7E 00 r      [00]  mov keyCtr_bp-2,a
000006r    1 [01]  03 04 r      [00]  mov a,ecx+3
000007r    1 [01]  7F 00 r      [00]  mov keyCtr_bp-1,a
------     1 [--]               [00]  .stabs "kclick:2",128,0,0,keyCtr_bp-5
------     1 [--]               [00]  .stabn 192,0,0,L271
------     1 [--]               [00]  L271:
------     1 [--]               [00]  .stabn 68,0,247,L272
------     1 [--]               [00]  L272:
------     1 [--]               [00]  .stabn 68,0,248,L273
------     1 [--]               [00]  L273:
000008r    1 [01]  00 04 r      [00]  LDA _PORT6,0,0
000009r    1 [01]  40 00 r      [00]  mov ecx,a
00000Ar    1 [01]  C0 04 r      [00]  com ecx
00000Br    1 [01]  10 18        [00]  mov a,@16
00000Cr    1 [01]  80 02 r      [00]  and ecx,a
00000Dr    1 [--]  -- --        [00]  mov a,ecx
00000Er    1 [01]  40 00 r      [00]  mov keyRead_bp+0,a
------     1 [--]               [00]  .STACK keyRead_bp,parameter,1
00000Fr    1 [01]  00 10 r      [00]  call _keyRead
000010r    1 [01]  00 04 r      [00]  mov a,eax
000011r    1 [01]  7B 00 r      [00]  STA keyCtr_bp-5,0,0
------     1 [--]               [00]  .stabn 68,0,250,L274
------     1 [--]               [00]  L274:
000012r    1 [01]  3B 04 r      [00]  EQNEPRIB keyCtr_bp-5,1
           1 [01]  01 1B r      [00]  
000014r    1 [01]  83 0E        [00]  jbs STATUS,zf
000015r    1 [01]  00 14 r      [00]  EXTJMP @L$261
------     1 [--]               [00]  .stabn 192,0,1,L275
------     1 [--]               [00]  L275:
------     1 [--]               [00]  .stabn 68,0,251,L276
------     1 [--]               [00]  L276:
------     1 [--]               [00]  .stabn 68,0,254,L277
------     1 [--]               [00]  L277:
000016r    1 [01]  40 04 r      [00]  EQNEPRIB _workStep,0
000017r    1 [01]  83 0C        [00]  jbc STATUS, zf
000018r    1 [01]  00 14 r      [00]  EXTJMP L$262
------     1 [--]               [00]  .stabn 192,0,2,L278
------     1 [--]               [00]  L278:
------     1 [--]               [00]  .stabn 68,0,255,L279
------     1 [--]               [00]  L279:
------     1 [--]               [00]  .stabn 68,0,256,L280
------     1 [--]               [00]  L280:
000019r    1 [01]  40 05 r      [00]  LDA _workStep,0,0
00001Ar    1 [--]  -- --        [00]  mov ecx,a
00001Br    1 [--]  -- --        [00]  mov a,@1
00001Cr    1 [--]  -- --        [00]  add ecx,a
00001Dr    1 [01]  00 04 r      [00]  mov a,ecx
00001Er    1 [--]  -- --        [00]  STA _workStep,0,0
00001Fr    1 [--]  -- --        [00]  UGTRIB ecx,0x4
           1 [01]  04 1D        [00]  
000021r    1 [01]  03 0C        [00]  jbc STATUS, cf
000022r    1 [01]  00 14 r      [00]  EXTJMP L$262
------     1 [--]               [00]  .stabn 68,0,257,L281
------     1 [--]               [00]  L281:
000023r    1 [01]  01 18        [00]  mov a,@1
000024r    1 [01]  40 00 r      [00]  STA _workStep,0,0
------     1 [--]               [00]  .stabn 68,0,258,L282
------     1 [--]               [00]  L282:
------     1 [--]               [00]  .stabn 224,0,2,L283
------     1 [--]               [00]  L283:
------     1 [--]               [00]  .stabn 68,0,260,L284
------     1 [--]               [00]  L284:
------     1 [--]               [00]  .stabn 224,0,1,L285
------     1 [--]               [00]  L285:
000025r    1 [01]  00 14 r      [00]  jmp @L$262
------     1 [--]               [00]  L$261:
------     1 [--]               [00]  .stabn 68,0,261,L286
------     1 [--]               [00]  L286:
000026r    1 [01]  3B 04 r      [00]  EQNEPRIB keyCtr_bp-5,2
           1 [01]  02 1B r      [00]  
000028r    1 [01]  83 0E        [00]  jbs STATUS,zf
000029r    1 [01]  00 14 r      [00]  EXTJMP @L$267
------     1 [--]               [00]  .stabn 192,0,1,L287
------     1 [--]               [00]  L287:
------     1 [--]               [00]  .stabn 68,0,262,L288
------     1 [--]               [00]  L288:
------     1 [--]               [00]  .stabn 68,0,263,L289
------     1 [--]               [00]  L289:
00002Ar    1 [01]  40 04 r      [00]  EQNEPRIB _workStep,0
00002Br    1 [01]  83 0E        [00]  jbs STATUS,zf
00002Cr    1 [01]  00 14 r      [00]  EXTJMP @L$269
------     1 [--]               [00]  .stabn 68,0,264,L290
------     1 [--]               [00]  L290:
00002Dr    1 [01]  01 18        [00]  mov a,@1
00002Er    1 [01]  40 00 r      [00]  STA _workStep,0,0
00002Fr    1 [01]  00 14 r      [00]  jmp @L$270
------     1 [--]               [00]  L$269:
------     1 [--]               [00]  .stabn 68,0,266,L291
------     1 [--]               [00]  L291:
000030r    1 [01]  C0 00 r      [00]  clr _workStep
------     1 [--]               [00]  L$270:
------     1 [--]               [00]  .stabn 68,0,268,L292
------     1 [--]               [00]  L292:
------     1 [--]               [00]  .stabn 224,0,1,L293
------     1 [--]               [00]  L293:
------     1 [--]               [00]  L$267:
------     1 [--]               [00]  L$262:
------     1 [--]               [00]  .stabn 68,0,272,L294
------     1 [--]               [00]  L294:
------     1 [--]               [00]  .stabn 224,0,0,L295
------     1 [--]               [00]  L295:
------     1 [--]               [00]  L$260:
000031r    1 [01]  3C 04 r      [00]  mov a,keyCtr_bp-4
000032r    1 [01]  40 00 r      [00]  mov ecx,a
000033r    1 [01]  3D 04 r      [00]  mov a,keyCtr_bp-3
000034r    1 [01]  41 00 r      [00]  mov ecx+1,a
000035r    1 [01]  3E 04 r      [00]  mov a,keyCtr_bp-2
000036r    1 [01]  42 00 r      [00]  mov ecx+2,a
000037r    1 [01]  3F 04 r      [00]  mov a,keyCtr_bp-1
000038r    1 [01]  43 00 r      [00]  mov ecx+3,a
000039r    1 [01]  12 00        [00]  ret
------     1 [--]               [00]  .STACK keyCtr_bp,local,5
------     1 [--]               [00]  public _keyRead
------     1 [--]               [00]  public keyRead_bp
------     1 [--]               [00]  .stabs "keyRead:F2",36,0,0,_keyRead
------     1 [--]               [00]  .section ".S10",C_CODE
------     1 [--]               [00]  .SYMDEF ".S10" 
------     1 [--]               [00]  _keyRead:
------     1 [--]               [00]  .SYMDEF "_keyRead" 
000000r    1 [01]  00 04 r      [00]  mov a,ecx
000001r    1 [01]  7C 00 r      [00]  mov keyRead_bp-4,a
000002r    1 [01]  01 04 r      [00]  mov a,ecx+1
000003r    1 [01]  7D 00 r      [00]  mov keyRead_bp-3,a
000004r    1 [01]  02 04 r      [00]  mov a,ecx+2
000005r    1 [01]  7E 00 r      [00]  mov keyRead_bp-2,a
000006r    1 [01]  03 04 r      [00]  mov a,ecx+3
000007r    1 [01]  7F 00 r      [00]  mov keyRead_bp-1,a
------     1 [--]               [00]  .stabs "keyStatus:10",160,0,0,keyRead_bp+0
------     1 [--]               [00]  .stabn 192,0,0,L307
------     1 [--]               [00]  L307:
------     1 [--]               [00]  .stabn 68,0,275,L308
------     1 [--]               [00]  L308:
------     1 [--]               [00]  .stabn 68,0,276,L309
------     1 [--]               [00]  L309:
000008r    1 [01]  40 04 r      [00]  EQNEPRIB keyRead_bp+0,0
000009r    1 [01]  83 0C        [00]  jbc STATUS,zf
00000Ar    1 [01]  00 14 r      [00]  EXTJMP @L$297
------     1 [--]               [00]  .stabn 192,0,1,L310
------     1 [--]               [00]  L310:
------     1 [--]               [00]  .stabn 68,0,277,L311
------     1 [--]               [00]  L311:
------     1 [--]               [00]  .stabn 68,0,278,L312
------     1 [--]               [00]  L312:
00000Br    1 [01]  40 05 r      [00]  LDA _keyCount,0,0
00000Cr    1 [--]  -- --        [00]  add a,@1
00000Dr    1 [--]  -- --        [00]  STA _keyCount,0,0
------     1 [--]               [00]  .stabn 68,0,279,L313
------     1 [--]               [00]  L313:
00000Er    1 [01]  C8 18 r      [00]  ULTRIB _keyCount,0xc8
           1 [01]  00 01 r      [00]  
000010r    1 [01]  03 0E        [00]  jbs STATUS, cf
000011r    1 [01]  00 14 r      [00]  EXTJMP L$298
------     1 [--]               [00]  .stabn 192,0,2,L314
------     1 [--]               [00]  L314:
------     1 [--]               [00]  .stabn 68,0,280,L315
------     1 [--]               [00]  L315:
------     1 [--]               [00]  .stabn 68,0,281,L316
------     1 [--]               [00]  L316:
000012r    1 [01]  C8 18        [00]  mov a,@200
000013r    1 [01]  40 00 r      [00]  STA _keyCount,0,0
------     1 [--]               [00]  .stabn 68,0,282,L317
------     1 [--]               [00]  L317:
000014r    1 [01]  40 0C r      [00]  jbc _longPressFlag,1
000015r    1 [01]  00 14 r      [00]  EXTJMP @L$298
------     1 [--]               [00]  .stabn 192,0,3,L318
------     1 [--]               [00]  L318:
------     1 [--]               [00]  .stabn 68,0,283,L319
------     1 [--]               [00]  L319:
------     1 [--]               [00]  .stabn 68,0,284,L320
------     1 [--]               [00]  L320:
000016r    1 [01]  40 0A r      [00]  bs _longPressFlag,1
------     1 [--]               [00]  .stabn 68,0,285,L321
------     1 [--]               [00]  L321:
000017r    1 [01]  02 18        [00]  mov a,@2
000018r    1 [01]  40 00 r      [00]  mov eax,a
000019r    1 [01]  00 14 r      [00]  jmp @L$296
------     1 [--]               [00]  .stabn 68,0,286,L322
------     1 [--]               [00]  L322:
------     1 [--]               [00]  .stabn 224,0,3,L323
------     1 [--]               [00]  L323:
------     1 [--]               [00]  .stabn 68,0,287,L324
------     1 [--]               [00]  L324:
------     1 [--]               [00]  .stabn 224,0,2,L325
------     1 [--]               [00]  L325:
------     1 [--]               [00]  .stabn 68,0,288,L326
------     1 [--]               [00]  L326:
------     1 [--]               [00]  .stabn 224,0,1,L327
------     1 [--]               [00]  L327:
------     1 [--]               [00]  L$297:
------     1 [--]               [00]  .stabn 192,0,1,L328
------     1 [--]               [00]  L328:
------     1 [--]               [00]  .stabn 68,0,290,L329
------     1 [--]               [00]  L329:
------     1 [--]               [00]  .stabn 68,0,291,L330
------     1 [--]               [00]  L330:
00001Ar    1 [01]  C8 18 r      [00]  ULTRIB _keyCount,0xc8
           1 [01]  00 01 r      [00]  
00001Cr    1 [01]  03 0E        [00]  jbs STATUS, cf
00001Dr    1 [01]  00 14 r      [00]  EXTJMP L$303
------     1 [--]               [00]  .stabn 192,0,2,L331
------     1 [--]               [00]  L331:
------     1 [--]               [00]  .stabn 68,0,292,L332
------     1 [--]               [00]  L332:
------     1 [--]               [00]  .stabn 68,0,293,L333
------     1 [--]               [00]  L333:
00001Er    1 [01]  C0 00 r      [00]  clr _keyCount
------     1 [--]               [00]  .stabn 68,0,294,L334
------     1 [--]               [00]  L334:
00001Fr    1 [01]  40 08 r      [00]  bc _longPressFlag,1
------     1 [--]               [00]  .stabn 68,0,295,L335
------     1 [--]               [00]  L335:
000020r    1 [01]  00 18        [00]  mov a,@0
000021r    1 [01]  40 00 r      [00]  mov eax,a
000022r    1 [01]  00 14 r      [00]  jmp @L$296
------     1 [--]               [00]  .stabn 68,0,296,L336
------     1 [--]               [00]  L336:
------     1 [--]               [00]  .stabn 224,0,2,L337
------     1 [--]               [00]  L337:
------     1 [--]               [00]  L$303:
------     1 [--]               [00]  .stabn 68,0,297,L338
------     1 [--]               [00]  L338:
000023r    1 [01]  08 18 r      [00]  ULTRIB _keyCount,0x8
           1 [01]  00 01 r      [00]  
000025r    1 [01]  03 0E        [00]  jbs STATUS, cf
000026r    1 [01]  00 14 r      [00]  EXTJMP L$305
------     1 [--]               [00]  .stabn 192,0,2,L339
------     1 [--]               [00]  L339:
------     1 [--]               [00]  .stabn 68,0,298,L340
------     1 [--]               [00]  L340:
------     1 [--]               [00]  .stabn 68,0,299,L341
------     1 [--]               [00]  L341:
000027r    1 [01]  C0 00 r      [00]  clr _keyCount
------     1 [--]               [00]  .stabn 68,0,300,L342
------     1 [--]               [00]  L342:
000028r    1 [01]  01 18        [00]  mov a,@1
000029r    1 [01]  40 00 r      [00]  mov eax,a
00002Ar    1 [01]  00 14 r      [00]  jmp @L$296
------     1 [--]               [00]  .stabn 68,0,301,L343
------     1 [--]               [00]  L343:
------     1 [--]               [00]  .stabn 224,0,2,L344
------     1 [--]               [00]  L344:
------     1 [--]               [00]  L$305:
------     1 [--]               [00]  .stabn 68,0,302,L345
------     1 [--]               [00]  L345:
00002Br    1 [01]  C0 00 r      [00]  clr _keyCount
------     1 [--]               [00]  .stabn 68,0,303,L346
------     1 [--]               [00]  L346:
------     1 [--]               [00]  .stabn 224,0,1,L347
------     1 [--]               [00]  L347:
------     1 [--]               [00]  L$298:
------     1 [--]               [00]  .stabn 68,0,304,L348
------     1 [--]               [00]  L348:
00002Cr    1 [01]  00 18        [00]  mov a,@0
00002Dr    1 [01]  40 00 r      [00]  mov eax,a
------     1 [--]               [00]  .stabn 68,0,305,L349
------     1 [--]               [00]  L349:
------     1 [--]               [00]  .stabn 224,0,0,L350
------     1 [--]               [00]  L350:
------     1 [--]               [00]  L$296:
00002Er    1 [01]  3C 04 r      [00]  mov a,keyRead_bp-4
00002Fr    1 [01]  40 00 r      [00]  mov ecx,a
000030r    1 [01]  3D 04 r      [00]  mov a,keyRead_bp-3
000031r    1 [01]  41 00 r      [00]  mov ecx+1,a
000032r    1 [01]  3E 04 r      [00]  mov a,keyRead_bp-2
000033r    1 [01]  42 00 r      [00]  mov ecx+2,a
000034r    1 [01]  3F 04 r      [00]  mov a,keyRead_bp-1
000035r    1 [01]  43 00 r      [00]  mov ecx+3,a
000036r    1 [01]  12 00        [00]  ret
------     1 [--]               [00]  .STACK keyRead_bp,local,4
------     1 [--]               [00]  public _gotoSleep
------     1 [--]               [00]  public gotoSleep_bp
------     1 [--]               [00]  .stabs "gotoSleep:F15",36,0,0,_gotoSleep
------     1 [--]               [00]  .section ".S11",C_CODE
------     1 [--]               [00]  .SYMDEF ".S11" 
------     1 [--]               [00]  _gotoSleep:
------     1 [--]               [00]  .SYMDEF "_gotoSleep" 
000000r    1 [01]  00 04 r      [00]  mov a,ecx
000001r    1 [01]  7C 00 r      [00]  mov gotoSleep_bp-4,a
000002r    1 [01]  01 04 r      [00]  mov a,ecx+1
000003r    1 [01]  7D 00 r      [00]  mov gotoSleep_bp-3,a
000004r    1 [01]  02 04 r      [00]  mov a,ecx+2
000005r    1 [01]  7E 00 r      [00]  mov gotoSleep_bp-2,a
000006r    1 [01]  03 04 r      [00]  mov a,ecx+3
000007r    1 [01]  7F 00 r      [00]  mov gotoSleep_bp-1,a
------     1 [--]               [00]  .stabn 192,0,0,L352
------     1 [--]               [00]  L352:
------     1 [--]               [00]  .stabn 68,0,308,L353
------     1 [--]               [00]  L353:
------     1 [--]               [00]  .stabn 68,0,309,L354
------     1 [--]               [00]  L354:
000008r    1 [01]  C0 00 r      [00]  clr _motorFlag
------     1 [--]               [00]  .stabn 68,0,310,L355
------     1 [--]               [00]  L355:
000009r    1 [01]  C0 00 r      [00]  clr _chrgFlag
------     1 [--]               [00]  .stabn 68,0,311,L356
------     1 [--]               [00]  L356:
00000Ar    1 [01]  C0 00 r      [00]  clr _workStep
------     1 [--]               [00]  .stabn 68,0,312,L357
------     1 [--]               [00]  L357:
00000Br    1 [01]  00 18        [00]  mov a,@0
00000Cr    1 [01]  00 00 r      [00]  STA _WDTCR,0,2
------     1 [--]               [00]  .stabn 68,0,313,L358
------     1 [--]               [00]  L358:
00000Dr    1 [01]  14 18        [00]  mov a,@20
00000Er    1 [01]  40 00 r      [00]  STA _ICIECR,0,0
------     1 [--]               [00]  .stabn 68,0,314,L359
------     1 [--]               [00]  L359:
00000Fr    1 [01]  02 18        [00]  mov a,@2
000010r    1 [01]  00 00 r      [00]  STA _IMR,0,2
------     1 [--]               [00]  .stabn 68,0,315,L360
------     1 [--]               [00]  L360:
000011r    1 [--]  -- --        [00]  LDA _ISR,0,0
000012r    1 [01]  F0 18        [00]  and a,@240
000013r    1 [01]  C0 02 r      [00]  STA _ISR,0,0
------     1 [--]               [00]  .stabn 68,0,316,L361
------     1 [--]               [00]  L361:
------     1 [--]               [00]  .cfile "C:\mcuproject\xj\s18_1001B_sop8\PWM.c(316):"
000014r    1 [01]  11 00        [00]  disi
------     1 [--]               [00]  .stabn 68,0,316,L362
------     1 [--]               [00]  L362:
------     1 [--]               [00]  .stabn 68,0,317,L363
------     1 [--]               [00]  L363:
------     1 [--]               [00]  .cfile "C:\mcuproject\xj\s18_1001B_sop8\PWM.c(317):"
000015r    1 [01]  03 00        [00]  slep
------     1 [--]               [00]  .stabn 68,0,317,L364
------     1 [--]               [00]  L364:
------     1 [--]               [00]  .stabn 68,0,318,L365
------     1 [--]               [00]  L365:
------     1 [--]               [00]  .cfile "C:\mcuproject\xj\s18_1001B_sop8\PWM.c(318):"
000016r    1 [01]  10 00        [00]  eni
------     1 [--]               [00]  .stabn 68,0,318,L366
------     1 [--]               [00]  L366:
------     1 [--]               [00]  .stabn 68,0,319,L367
------     1 [--]               [00]  L367:
000017r    1 [01]  80 18        [00]  mov a,@128
000018r    1 [01]  00 00 r      [00]  STA _WDTCR,0,2
------     1 [--]               [00]  .stabn 68,0,320,L368
------     1 [--]               [00]  L368:
000019r    1 [01]  C0 00 r      [00]  clr _ICIECR
------     1 [--]               [00]  .stabn 68,0,321,L369
------     1 [--]               [00]  L369:
00001Ar    1 [01]  C0 00 r      [00]  clr _ISR
------     1 [--]               [00]  .stabn 68,0,322,L370
------     1 [--]               [00]  L370:
00001Br    1 [01]  01 18        [00]  mov a,@1
00001Cr    1 [01]  00 00 r      [00]  STA _IMR,0,2
------     1 [--]               [00]  .stabn 68,0,323,L371
------     1 [--]               [00]  L371:
------     1 [--]               [00]  .stabn 224,0,0,L372
------     1 [--]               [00]  L372:
------     1 [--]               [00]  L$351:
00001Dr    1 [01]  3C 04 r      [00]  mov a,gotoSleep_bp-4
00001Er    1 [01]  40 00 r      [00]  mov ecx,a
00001Fr    1 [01]  3D 04 r      [00]  mov a,gotoSleep_bp-3
000020r    1 [01]  41 00 r      [00]  mov ecx+1,a
000021r    1 [01]  3E 04 r      [00]  mov a,gotoSleep_bp-2
000022r    1 [01]  42 00 r      [00]  mov ecx+2,a
000023r    1 [01]  3F 04 r      [00]  mov a,gotoSleep_bp-1
000024r    1 [01]  43 00 r      [00]  mov ecx+3,a
000025r    1 [01]  12 00        [00]  ret
------     1 [--]               [00]  .STACK gotoSleep_bp,local,4
------     1 [--]               [00]  public _interrupt
------     1 [--]               [00]  public interrupt_bp
------     1 [--]               [00]  .stabs "interrupt:F15",36,0,0,_interrupt
------     1 [--]               [00]  .section ".S12",C_CODE
------     1 [--]               [00]  .SYMDEF ".S12" INT:-1
------     1 [--]               [00]  _interrupt:
------     1 [--]               [00]  .SYMDEF "_interrupt" INT:-1
------     1 [--]               [00]  .stabn 192,0,0,L378
------     1 [--]               [00]  L378:
------     1 [--]               [00]  .stabn 68,0,328,L379
------     1 [--]               [00]  L379:
------     1 [--]               [00]  .stabn 68,0,331,L380
------     1 [--]               [00]  L380:
------     1 [--]               [00]  .cfile "C:\mcuproject\xj\s18_1001B_sop8\PWM.c(331):"
000000r    1 [01]  7D 00        [00]  MOV 0x3D,A ; A
------     1 [--]               [00]  .stabn 68,0,332,L381
------     1 [--]               [00]  L381:
------     1 [--]               [00]  .cfile "C:\mcuproject\xj\s18_1001B_sop8\PWM.c(332):"
000001r    1 [01]  03 04        [00]  MOV A,0x03
------     1 [--]               [00]  .stabn 68,0,333,L382
------     1 [--]               [00]  L382:
------     1 [--]               [00]  .cfile "C:\mcuproject\xj\s18_1001B_sop8\PWM.c(333):"
000002r    1 [01]  7E 00        [00]  MOV 0x3E,A ; R3
------     1 [--]               [00]  .stabn 68,0,334,L383
------     1 [--]               [00]  L383:
------     1 [--]               [00]  .cfile "C:\mcuproject\xj\s18_1001B_sop8\PWM.c(334):"
000003r    1 [01]  04 04        [00]  MOV A,0x04
------     1 [--]               [00]  .stabn 68,0,335,L384
------     1 [--]               [00]  L384:
------     1 [--]               [00]  .cfile "C:\mcuproject\xj\s18_1001B_sop8\PWM.c(335):"
000004r    1 [01]  7F 00        [00]  MOV 0x3F,A ; R4
------     1 [--]               [00]  .stabn 68,0,338,L385
------     1 [--]               [00]  L385:
000005r    1 [01]  00 0E r      [00]  jbs _TCIF,0
000006r    1 [01]  00 14 r      [00]  EXTJMP @L$374
------     1 [--]               [00]  .stabn 192,0,1,L386
------     1 [--]               [00]  L386:
------     1 [--]               [00]  .stabn 68,0,339,L387
------     1 [--]               [00]  L387:
------     1 [--]               [00]  .stabn 68,0,341,L388
------     1 [--]               [00]  L388:
000007r    1 [--]  -- --        [00]  LDA _ISR,0,0
000008r    1 [01]  FE 18        [00]  and a,@254
000009r    1 [01]  C0 02 r      [00]  STA _ISR,0,0
------     1 [--]               [00]  .stabn 68,0,342,L389
------     1 [--]               [00]  L389:
00000Ar    1 [--]  -- --        [00]  LDA _TCC,0,0
00000Br    1 [01]  CE 18        [00]  add a,@206
00000Cr    1 [01]  C0 03 r      [00]  STA _TCC,0,0
------     1 [--]               [00]  .stabn 68,0,344,L390
------     1 [--]               [00]  L390:
00000Dr    1 [01]  40 05 r      [00]  LDA _intCount,0,0
00000Er    1 [--]  -- --        [00]  mov ecx,a
00000Fr    1 [--]  -- --        [00]  mov a,@1
000010r    1 [--]  -- --        [00]  add ecx,a
000011r    1 [--]  -- --        [00]  mov a,ecx
000012r    1 [--]  -- --        [00]  STA _intCount,0,0
000013r    1 [01]  64 18 r      [00]  ULTRIB ecx,0x64
           1 [01]  00 01 r      [00]  
000015r    1 [01]  03 0E        [00]  jbs STATUS, cf
000016r    1 [01]  00 14 r      [00]  EXTJMP L$376
------     1 [--]               [00]  .stabn 192,0,2,L391
------     1 [--]               [00]  L391:
------     1 [--]               [00]  .stabn 68,0,345,L392
------     1 [--]               [00]  L392:
------     1 [--]               [00]  .stabn 68,0,346,L393
------     1 [--]               [00]  L393:
000017r    1 [01]  C0 00 r      [00]  clr _intCount
------     1 [--]               [00]  .stabn 68,0,347,L394
------     1 [--]               [00]  L394:
000018r    1 [01]  00 0A r      [00]  bs _IntFlag,0
------     1 [--]               [00]  .stabn 68,0,350,L395
------     1 [--]               [00]  L395:
------     1 [--]               [00]  .stabn 224,0,2,L396
------     1 [--]               [00]  L396:
------     1 [--]               [00]  L$376:
------     1 [--]               [00]  .stabn 68,0,351,L397
------     1 [--]               [00]  L397:
------     1 [--]               [00]  .stabn 224,0,1,L398
------     1 [--]               [00]  L398:
------     1 [--]               [00]  L$374:
------     1 [--]               [00]  .stabn 68,0,355,L399
------     1 [--]               [00]  L399:
------     1 [--]               [00]  .cfile "C:\mcuproject\xj\s18_1001B_sop8\PWM.c(355):"
000019r    1 [01]  3F 04        [00]  MOV A,0x3F ; R4
------     1 [--]               [00]  .stabn 68,0,356,L400
------     1 [--]               [00]  L400:
------     1 [--]               [00]  .cfile "C:\mcuproject\xj\s18_1001B_sop8\PWM.c(356):"
00001Ar    1 [01]  44 00        [00]  MOV 0x04,A
------     1 [--]               [00]  .stabn 68,0,357,L401
------     1 [--]               [00]  L401:
------     1 [--]               [00]  .cfile "C:\mcuproject\xj\s18_1001B_sop8\PWM.c(357):"
00001Br    1 [01]  3E 04        [00]  MOV A,0x3E ; R3
------     1 [--]               [00]  .stabn 68,0,358,L402
------     1 [--]               [00]  L402:
------     1 [--]               [00]  .cfile "C:\mcuproject\xj\s18_1001B_sop8\PWM.c(358):"
00001Cr    1 [01]  43 00        [00]  MOV 0x03,A
------     1 [--]               [00]  .stabn 68,0,359,L403
------     1 [--]               [00]  L403:
------     1 [--]               [00]  .cfile "C:\mcuproject\xj\s18_1001B_sop8\PWM.c(359):"
00001Dr    1 [01]  7D 07        [00]  SWAP 0x3D  ; A
------     1 [--]               [00]  .stabn 68,0,360,L404
------     1 [--]               [00]  L404:
------     1 [--]               [00]  .cfile "C:\mcuproject\xj\s18_1001B_sop8\PWM.c(360):"
00001Er    1 [01]  3D 07        [00]  SWAPA 0x3D
------     1 [--]               [00]  .stabn 68,0,362,L405
------     1 [--]               [00]  L405:
------     1 [--]               [00]  .stabn 224,0,0,L406
------     1 [--]               [00]  L406:
------     1 [--]               [00]  L$373:
00001Fr    1 [01]  13 00        [00]  reti
------     1 [--]               [00]  .STACK interrupt_bp,local,0
------     1 [--]               [00]  public _interrupt_l
------     1 [--]               [00]  public interrupt_l_bp
------     1 [--]               [00]  .stabs "interrupt_l:F15",36,0,0,_interrupt_l
------     1 [--]               [00]  .section ".S13",C_CODE
------     1 [--]               [00]  .SYMDEF ".S13" LOWINT:0,8
------     1 [--]               [00]  _interrupt_l:
------     1 [--]               [00]  .SYMDEF "_interrupt_l" LOWINT:0,8
------     1 [--]               [00]  .stabn 192,0,0,L408
------     1 [--]               [00]  L408:
------     1 [--]               [00]  .stabn 68,0,367,L409
------     1 [--]               [00]  L409:
------     1 [--]               [00]  .stabn 68,0,369,L410
------     1 [--]               [00]  L410:
------     1 [--]               [00]  .stabn 224,0,0,L411
------     1 [--]               [00]  L411:
------     1 [--]               [00]  L$407:
000008r    1 [01]  13 00        [00]  reti
------     1 [--]               [00]  .STACK interrupt_l_bp,local,0
------     1 [--]               [00]  .section ".bss"
------     1 [--]               [00]  .align 1
------     1 [--]               [00]  _longPressFlag:
------     1 [--]               [00]  .SYMDEF "_longPressFlag" BANK:0,BIT:1,32,LEN:1
000000r    1 [--]  xx           [00]  ds 1
------     1 [--]               [00]  .stabs "longPressFlag:S16",40,0,0,_longPressFlag
------     1 [--]               [00]  .align 1
------     1 [--]               [00]  _IntFlag:
------     1 [--]               [00]  .SYMDEF "_IntFlag" BANK:0,BIT:0,32,LEN:1
000001r    1 [--]  xx           [00]  ds 1
------     1 [--]               [00]  .stabs "IntFlag:S16",40,0,0,_IntFlag
------     1 [--]               [00]  public _Status
------     1 [--]               [00]  .align 1
------     1 [--]               [00]  _Status:
------     1 [--]               [00]  .SYMDEF "_Status" BANK:0,32,LEN:1
000002r    1 [--]  xx           [00]  ds 1
------     1 [--]               [00]  .stabs "Status:G10",32,0,0,_Status
------     1 [--]               [00]  .align 1
------     1 [--]               [00]  _TCIF:
------     1 [--]               [00]  .SYMDEF "_TCIF" REG:0,BIT:0,15,LEN:1
000003r    1 [--]  xx           [00]  ds 1
------     1 [--]               [00]  .stabs "TCIF:S16",40,0,0,_TCIF
------     1 [--]               [00]  .align 1
------     1 [--]               [00]  _ICIF:
------     1 [--]               [00]  .SYMDEF "_ICIF" REG:0,BIT:1,15,LEN:1
000004r    1 [--]  xx           [00]  ds 1
------     1 [--]               [00]  .stabs "ICIF:S16",40,0,0,_ICIF
------     1 [--]               [00]  .align 1
------     1 [--]               [00]  _EXIF:
------     1 [--]               [00]  .SYMDEF "_EXIF" REG:0,BIT:2,15,LEN:1
000005r    1 [--]  xx           [00]  ds 1
------     1 [--]               [00]  .stabs "EXIF:S16",40,0,0,_EXIF
------     1 [--]               [00]  .align 1
------     1 [--]               [00]  _P60:
------     1 [--]               [00]  .SYMDEF "_P60" REG:0,BIT:0,6,LEN:1
000006r    1 [--]  xx           [00]  ds 1
------     1 [--]               [00]  .stabs "P60:S16",40,0,0,_P60
------     1 [--]               [00]  .align 1
------     1 [--]               [00]  _P61:
------     1 [--]               [00]  .SYMDEF "_P61" REG:0,BIT:1,6,LEN:1
000007r    1 [--]  xx           [00]  ds 1
------     1 [--]               [00]  .stabs "P61:S16",40,0,0,_P61
------     1 [--]               [00]  .align 1
------     1 [--]               [00]  _P62:
------     1 [--]               [00]  .SYMDEF "_P62" REG:0,BIT:2,6,LEN:1
000008r    1 [--]  xx           [00]  ds 1
------     1 [--]               [00]  .stabs "P62:S16",40,0,0,_P62
------     1 [--]               [00]  .align 1
------     1 [--]               [00]  _P63:
------     1 [--]               [00]  .SYMDEF "_P63" REG:0,BIT:3,6,LEN:1
000009r    1 [--]  xx           [00]  ds 1
------     1 [--]               [00]  .stabs "P63:S16",40,0,0,_P63
------     1 [--]               [00]  .align 1
------     1 [--]               [00]  _P64:
------     1 [--]               [00]  .SYMDEF "_P64" REG:0,BIT:4,6,LEN:1
00000Ar    1 [--]  xx           [00]  ds 1
------     1 [--]               [00]  .stabs "P64:S16",40,0,0,_P64
------     1 [--]               [00]  .align 1
------     1 [--]               [00]  _P65:
------     1 [--]               [00]  .SYMDEF "_P65" REG:0,BIT:5,6,LEN:1
00000Br    1 [--]  xx           [00]  ds 1
------     1 [--]               [00]  .stabs "P65:S16",40,0,0,_P65
------     1 [--]               [00]  .align 1
------     1 [--]               [00]  _P66:
------     1 [--]               [00]  .SYMDEF "_P66" REG:0,BIT:6,6,LEN:1
00000Cr    1 [--]  xx           [00]  ds 1
------     1 [--]               [00]  .stabs "P66:S16",40,0,0,_P66
------     1 [--]               [00]  .align 1
------     1 [--]               [00]  _P67:
------     1 [--]               [00]  .SYMDEF "_P67" REG:0,BIT:7,6,LEN:1
00000Dr    1 [--]  xx           [00]  ds 1
------     1 [--]               [00]  .stabs "P67:S16",40,0,0,_P67
------     1 [--]               [00]  .align 1
------     1 [--]               [00]  _P50:
------     1 [--]               [00]  .SYMDEF "_P50" REG:0,BIT:0,5,LEN:1
00000Er    1 [--]  xx           [00]  ds 1
------     1 [--]               [00]  .stabs "P50:S16",40,0,0,_P50
------     1 [--]               [00]  .align 1
------     1 [--]               [00]  _P51:
------     1 [--]               [00]  .SYMDEF "_P51" REG:0,BIT:1,5,LEN:1
00000Fr    1 [--]  xx           [00]  ds 1
------     1 [--]               [00]  .stabs "P51:S16",40,0,0,_P51
------     1 [--]               [00]  .align 1
------     1 [--]               [00]  _P52:
------     1 [--]               [00]  .SYMDEF "_P52" REG:0,BIT:2,5,LEN:1
000010r    1 [--]  xx           [00]  ds 1
------     1 [--]               [00]  .stabs "P52:S16",40,0,0,_P52
------     1 [--]               [00]  .align 1
------     1 [--]               [00]  _P53:
------     1 [--]               [00]  .SYMDEF "_P53" REG:0,BIT:3,5,LEN:1
000011r    1 [--]  xx           [00]  ds 1
------     1 [--]               [00]  .stabs "P53:S16",40,0,0,_P53
------     1 [--]               [00]  .align 1
------     1 [--]               [00]  _C:
------     1 [--]               [00]  .SYMDEF "_C" REG:0,BIT:0,3,LEN:1
000012r    1 [--]  xx           [00]  ds 1
------     1 [--]               [00]  .stabs "C:S16",40,0,0,_C
------     1 [--]               [00]  .align 1
------     1 [--]               [00]  _DC:
------     1 [--]               [00]  .SYMDEF "_DC" REG:0,BIT:1,3,LEN:1
000013r    1 [--]  xx           [00]  ds 1
------     1 [--]               [00]  .stabs "DC:S16",40,0,0,_DC
------     1 [--]               [00]  .align 1
------     1 [--]               [00]  _Z:
------     1 [--]               [00]  .SYMDEF "_Z" REG:0,BIT:2,3,LEN:1
000014r    1 [--]  xx           [00]  ds 1
------     1 [--]               [00]  .stabs "Z:S16",40,0,0,_Z
------     1 [--]               [00]  .align 1
------     1 [--]               [00]  _P:
------     1 [--]               [00]  .SYMDEF "_P" REG:0,BIT:3,3,LEN:1
000015r    1 [--]  xx           [00]  ds 1
------     1 [--]               [00]  .stabs "P:S16",40,0,0,_P
------     1 [--]               [00]  .align 1
------     1 [--]               [00]  _T:
------     1 [--]               [00]  .SYMDEF "_T" REG:0,BIT:4,3,LEN:1
000016r    1 [--]  xx           [00]  ds 1
------     1 [--]               [00]  .stabs "T:S16",40,0,0,_T
------     1 [--]               [00]  .align 1
------     1 [--]               [00]  _GP0:
------     1 [--]               [00]  .SYMDEF "_GP0" REG:0,BIT:5,3,LEN:1
000017r    1 [--]  xx           [00]  ds 1
------     1 [--]               [00]  .stabs "GP0:S16",40,0,0,_GP0
------     1 [--]               [00]  .align 1
------     1 [--]               [00]  _GP1:
------     1 [--]               [00]  .SYMDEF "_GP1" REG:0,BIT:6,3,LEN:1
000018r    1 [--]  xx           [00]  ds 1
------     1 [--]               [00]  .stabs "GP1:S16",40,0,0,_GP1
------     1 [--]               [00]  .align 1
------     1 [--]               [00]  _RST:
------     1 [--]               [00]  .SYMDEF "_RST" REG:0,BIT:7,3,LEN:1
000019r    1 [--]  xx           [00]  ds 1
------     1 [--]               [00]  .stabs "RST:S16",40,0,0,_RST
------     1 [--]               [00]  .align 1
------     1 [--]               [00]  _IMR:
------     1 [--]               [00]  .SYMDEF "_IMR" IO:0,15,LEN:1
00001Ar    1 [--]  xx           [00]  ds 1
------     1 [--]               [00]  .stabs "IMR:S14",40,0,0,_IMR
------     1 [--]               [00]  .align 1
------     1 [--]               [00]  _WDTCR:
------     1 [--]               [00]  .SYMDEF "_WDTCR" IO:0,14,LEN:1
00001Br    1 [--]  xx           [00]  ds 1
------     1 [--]               [00]  .stabs "WDTCR:S14",40,0,0,_WDTCR
------     1 [--]               [00]  .align 1
------     1 [--]               [00]  _PHCR:
------     1 [--]               [00]  .SYMDEF "_PHCR" IO:0,13,LEN:1
00001Cr    1 [--]  xx           [00]  ds 1
------     1 [--]               [00]  .stabs "PHCR:S14",40,0,0,_PHCR
------     1 [--]               [00]  .align 1
------     1 [--]               [00]  _PDCR:
------     1 [--]               [00]  .SYMDEF "_PDCR" IO:0,11,LEN:1
00001Dr    1 [--]  xx           [00]  ds 1
------     1 [--]               [00]  .stabs "PDCR:S14",40,0,0,_PDCR
------     1 [--]               [00]  .align 1
------     1 [--]               [00]  _PHDCR:
------     1 [--]               [00]  .SYMDEF "_PHDCR" IO:0,9,LEN:1
00001Er    1 [--]  xx           [00]  ds 1
------     1 [--]               [00]  .stabs "PHDCR:S14",40,0,0,_PHDCR
------     1 [--]               [00]  .align 1
------     1 [--]               [00]  _P6CR:
------     1 [--]               [00]  .SYMDEF "_P6CR" IO:0,6,LEN:1
00001Fr    1 [--]  xx           [00]  ds 1
------     1 [--]               [00]  .stabs "P6CR:S14",40,0,0,_P6CR
------     1 [--]               [00]  .align 1
------     1 [--]               [00]  _ISR:
------     1 [--]               [00]  .SYMDEF "_ISR" REG:0,15,LEN:1
000020r    1 [--]  xx           [00]  ds 1
------     1 [--]               [00]  .stabs "ISR:S14",40,0,0,_ISR
------     1 [--]               [00]  .align 1
------     1 [--]               [00]  _CPUCON:
------     1 [--]               [00]  .SYMDEF "_CPUCON" REG:0,14,LEN:1
000021r    1 [--]  xx           [00]  ds 1
------     1 [--]               [00]  .stabs "CPUCON:S14",40,0,0,_CPUCON
------     1 [--]               [00]  .align 1
------     1 [--]               [00]  _ICIECR:
------     1 [--]               [00]  .SYMDEF "_ICIECR" REG:0,13,LEN:1
000022r    1 [--]  xx           [00]  ds 1
------     1 [--]               [00]  .stabs "ICIECR:S14",40,0,0,_ICIECR
------     1 [--]               [00]  .align 1
------     1 [--]               [00]  _PDC3:
------     1 [--]               [00]  .SYMDEF "_PDC3" REG:0,12,LEN:1
000023r    1 [--]  xx           [00]  ds 1
------     1 [--]               [00]  .stabs "PDC3:S14",40,0,0,_PDC3
------     1 [--]               [00]  .align 1
------     1 [--]               [00]  _PDC2:
------     1 [--]               [00]  .SYMDEF "_PDC2" REG:0,11,LEN:1
000024r    1 [--]  xx           [00]  ds 1
------     1 [--]               [00]  .stabs "PDC2:S14",40,0,0,_PDC2
------     1 [--]               [00]  .align 1
------     1 [--]               [00]  _PDC1:
------     1 [--]               [00]  .SYMDEF "_PDC1" REG:0,10,LEN:1
000025r    1 [--]  xx           [00]  ds 1
------     1 [--]               [00]  .stabs "PDC1:S14",40,0,0,_PDC1
------     1 [--]               [00]  .align 1
------     1 [--]               [00]  _PRD:
------     1 [--]               [00]  .SYMDEF "_PRD" REG:0,9,LEN:1
000026r    1 [--]  xx           [00]  ds 1
------     1 [--]               [00]  .stabs "PRD:S14",40,0,0,_PRD
------     1 [--]               [00]  .align 1
------     1 [--]               [00]  _PWMCON:
------     1 [--]               [00]  .SYMDEF "_PWMCON" REG:0,8,LEN:1
000027r    1 [--]  xx           [00]  ds 1
------     1 [--]               [00]  .stabs "PWMCON:S14",40,0,0,_PWMCON
------     1 [--]               [00]  .align 1
------     1 [--]               [00]  _PORT6:
------     1 [--]               [00]  .SYMDEF "_PORT6" REG:0,6,LEN:1
000028r    1 [--]  xx           [00]  ds 1
------     1 [--]               [00]  .stabs "PORT6:S14",40,0,0,_PORT6
------     1 [--]               [00]  .align 1
------     1 [--]               [00]  _RSR:
------     1 [--]               [00]  .SYMDEF "_RSR" REG:0,4,LEN:1
000029r    1 [--]  xx           [00]  ds 1
------     1 [--]               [00]  .stabs "RSR:S14",40,0,0,_RSR
------     1 [--]               [00]  .align 1
------     1 [--]               [00]  _STATUS:
------     1 [--]               [00]  .SYMDEF "_STATUS" REG:0,3,LEN:1
00002Ar    1 [--]  xx           [00]  ds 1
------     1 [--]               [00]  .stabs "STATUS:S14",40,0,0,_STATUS
------     1 [--]               [00]  .align 1
------     1 [--]               [00]  _PC:
------     1 [--]               [00]  .SYMDEF "_PC" REG:0,2,LEN:1
00002Br    1 [--]  xx           [00]  ds 1
------     1 [--]               [00]  .stabs "PC:S14",40,0,0,_PC
------     1 [--]               [00]  .align 1
------     1 [--]               [00]  _TCC:
------     1 [--]               [00]  .SYMDEF "_TCC" REG:0,1,LEN:1
00002Cr    1 [--]  xx           [00]  ds 1
------     1 [--]               [00]  .stabs "TCC:S14",40,0,0,_TCC
------     1 [--]               [00]  .align 1
------     1 [--]               [00]  _R0:
------     1 [--]               [00]  .SYMDEF "_R0" REG:0,0,LEN:1
00002Dr    1 [--]  xx           [00]  ds 1
------     1 [--]               [00]  .stabs "R0:S14",40,0,0,_R0
------     1 [--]               [00]  .stabs "u16t:t13",128,0,0,0
------     1 [--]               [00]  .stabs "u8t:t10",128,0,0,0
------     1 [--]               [00]  .section ".code"
------     1 [--]               [00]  end
------     1 [--]               [00]  

	** End of list file C:\mcuproject\xj\s18_1001B_sop8\PWM.lst **