ias78II.exe v2.0.100.101b - The macro assembler for EM78 series.
Copyright (C) ELAN Microelectronic Corp. 2003-2008. All rights reserved.
Main file : PWM.s

File list:
   1 ----  C:\mcuproject\xj\S2_V3_1101B_SOP14\PWM.s
   2 ----  C:\Program Files (x86)\ELAN\eUIDE\Bin\Include\sysdefii.inc


The format of a listing line is:
  XXXXXXm FFFF [TT]  11 22 33 44  [DD]  Source code
Where:
  XXXXXX   is the PC
  m        is the mode ('r' or empty)
  FFFF     is the file name
  [TT]     is the CPU clock
  11 ..    are code or data bytes
  [DD]     depth of IFDEF and ENDIF (The depth or empty)


------     1 [--]               [00]  .autoimport
------     1 [--]               [00]  EM78P153B EQU 1
------     1 [--]               [00]  _SIMPLE_RSR_ EQU 1
------     1 [--]               [00]  .include "sysdefii.inc"
------     2 [--]               [00]  
------     1 [--]               [00]  ccounter equ pr1
------     1 [--]               [00]  .stabs "icc_compiled.",60,0,0,0
------     1 [--]               [00]  .stabs "C:\mcuproject\xj\S2_V3_1101B_SOP14\PWM.c",100,0,3,0
------     1 [--]               [00]  .stabs "int:t1=r1;-128;127;",128,0,0,0
------     1 [--]               [00]  .stabs "char:t2=r2;-128;127;",128,0,0,0
------     1 [--]               [00]  .stabs "double:t3=r1;3;0;",128,0,0,0
------     1 [--]               [00]  .stabs "float:t4=r1;3;0;",128,0,0,0
------     1 [--]               [00]  .stabs "long double:t5=r1;3;0;",128,0,0,0
------     1 [--]               [00]  .stabs "long:t6=r1;-2147483648;2147483647;",128,0,0,0
------     1 [--]               [00]  .stabs "long long:t7=r1;-2147483648;2147483647;",128,0,0,0
------     1 [--]               [00]  .stabs "short:t8=r1;-32768;32767;",128,0,0,0
------     1 [--]               [00]  .stabs "signed char:t9=r1;-128;127;",128,0,0,0
------     1 [--]               [00]  .stabs "unsigned char:t10=r1;0;255;",128,0,0,0
------     1 [--]               [00]  .stabs "unsigned long:t11=r1;0;4294967295;",128,0,0,0
------     1 [--]               [00]  .stabs "unsigned long long:t12=r1;0;4294967295;",128,0,0,0
------     1 [--]               [00]  .stabs "unsigned short:t13=r1;0;65535;",128,0,0,0
------     1 [--]               [00]  .stabs "unsigned int:t14=r1;0;255;",128,0,0,0
------     1 [--]               [00]  .stabs "void:t15=15",128,0,0,0
------     1 [--]               [00]  .stabs "bit:t16=r16;0;1;",128,0,0,0
------     1 [--]               [00]  .section ".data"
------     1 [--]               [00]  public _intCount
------     1 [--]               [00]  .align 1
------     1 [--]               [00]  _intCount:
------     1 [--]               [00]  .SYMDEF "_intCount" LEN:1
000000r    1 [--]  00 00        [00]  db 0x0
------     1 [--]               [00]  .stabs "intCount:G10",32,0,0,_intCount
------     1 [--]               [00]  public _duty
------     1 [--]               [00]  .align 1
------     1 [--]               [00]  _duty:
------     1 [--]               [00]  .SYMDEF "_duty" LEN:1
000002r    1 [--]  -- --        [00]  db 0x0
------     1 [--]               [00]  .stabs "duty:G10",32,0,0,_duty
------     1 [--]               [00]  public _int2Count
------     1 [--]               [00]  .align 1
------     1 [--]               [00]  _int2Count:
------     1 [--]               [00]  .SYMDEF "_int2Count" LEN:1
000004r    1 [--]  00 00        [00]  db 0x0
------     1 [--]               [00]  .stabs "int2Count:G10",32,0,0,_int2Count
------     1 [--]               [00]  public _count1s
------     1 [--]               [00]  .align 1
------     1 [--]               [00]  _count1s:
------     1 [--]               [00]  .SYMDEF "_count1s" LEN:1
000006r    1 [--]  -- --        [00]  db 0x0
------     1 [--]               [00]  .stabs "count1s:G10",32,0,0,_count1s
------     1 [--]               [00]  public _count1min
------     1 [--]               [00]  .align 1
------     1 [--]               [00]  _count1min:
------     1 [--]               [00]  .SYMDEF "_count1min" LEN:1
000008r    1 [--]  00 00        [00]  db 0x0
------     1 [--]               [00]  .stabs "count1min:G10",32,0,0,_count1min
------     1 [--]               [00]  public _count900s
------     1 [--]               [00]  .align 1
------     1 [--]               [00]  _count900s:
------     1 [--]               [00]  .SYMDEF "_count900s" LEN:1
00000Ar    1 [--]  -- --        [00]  db 0x0
------     1 [--]               [00]  .stabs "count900s:G10",32,0,0,_count900s
------     1 [--]               [00]  public _workStep
------     1 [--]               [00]  .align 1
------     1 [--]               [00]  _workStep:
------     1 [--]               [00]  .SYMDEF "_workStep" LEN:1
00000Cr    1 [--]  00 00        [00]  db 0x0
------     1 [--]               [00]  .stabs "workStep:G10",32,0,0,_workStep
------     1 [--]               [00]  public _keyCount
------     1 [--]               [00]  .align 1
------     1 [--]               [00]  _keyCount:
------     1 [--]               [00]  .SYMDEF "_keyCount" LEN:1
00000Er    1 [--]  -- --        [00]  db 0x0
------     1 [--]               [00]  .stabs "keyCount:G10",32,0,0,_keyCount
------     1 [--]               [00]  public _pwmCount
------     1 [--]               [00]  .align 1
------     1 [--]               [00]  _pwmCount:
------     1 [--]               [00]  .SYMDEF "_pwmCount" LEN:1
000010r    1 [--]  00 00        [00]  db 0x0
------     1 [--]               [00]  .stabs "pwmCount:G10",32,0,0,_pwmCount
------     1 [--]               [00]  public _main
------     1 [--]               [00]  public main_bp
------     1 [--]               [00]  .section ".code"
------     1 [--]               [00]  .stabs "main:F15",36,0,0,_main
------     1 [--]               [00]  .section ".S0",C_CODE
------     1 [--]               [00]  .SYMDEF ".S0" 
------     1 [--]               [00]  _main:
------     1 [--]               [00]  .SYMDEF "_main" 
------     1 [--]               [00]  .stabs "i:14",128,0,0,main_bp-1
------     1 [--]               [00]  .stabn 192,0,0,L24
------     1 [--]               [00]  L24:
------     1 [--]               [00]  .stabn 68,0,51,L26
------     1 [--]               [00]  L26:
------     1 [--]               [00]  .stabn 68,0,55,L27
------     1 [--]               [00]  L27:
------     1 [--]               [00]  .cfile "C:\mcuproject\xj\S2_V3_1101B_SOP14\PWM.c(55):"
000000r    1 [01]  04 00        [00]  wdtc
------     1 [--]               [00]  .stabn 68,0,55,L28
------     1 [--]               [00]  L28:
------     1 [--]               [00]  .stabn 68,0,56,L29
------     1 [--]               [00]  L29:
------     1 [--]               [00]  .cfile "C:\mcuproject\xj\S2_V3_1101B_SOP14\PWM.c(56):"
000001r    1 [01]  11 00        [00]  disi
------     1 [--]               [00]  .stabn 68,0,56,L30
------     1 [--]               [00]  L30:
------     1 [--]               [00]  .stabn 68,0,57,L31
------     1 [--]               [00]  L31:
000002r    1 [01]  80 18        [00]  mov a,@128
000003r    1 [01]  00 00 r      [00]  STA _WDTCR,0,2
------     1 [--]               [00]  .stabn 68,0,58,L32
------     1 [--]               [00]  L32:
000004r    1 [01]  C0 00 r      [00]  clr _workStep
------     1 [--]               [00]  .stabn 68,0,60,L33
------     1 [--]               [00]  L33:
000005r    1 [01]  00 10 r      [00]  call _IO_Init
------     1 [--]               [00]  .stabn 68,0,61,L34
------     1 [--]               [00]  L34:
000006r    1 [01]  CE 18        [00]  mov a,@206
000007r    1 [01]  40 00 r      [00]  STA _TCC,0,0
------     1 [--]               [00]  .stabn 68,0,62,L35
------     1 [--]               [00]  L35:
000008r    1 [01]  C0 00 r      [00]  clr _ISR
------     1 [--]               [00]  .stabn 68,0,63,L36
------     1 [--]               [00]  L36:
000009r    1 [01]  01 18        [00]  mov a,@1
00000Ar    1 [01]  00 00 r      [00]  STA _IMR,0,2
------     1 [--]               [00]  .stabn 68,0,64,L37
------     1 [--]               [00]  L37:
00000Br    1 [01]  C0 00 r      [00]  clr _duty
------     1 [--]               [00]  .stabn 68,0,65,L38
------     1 [--]               [00]  L38:
------     1 [--]               [00]  .cfile "C:\mcuproject\xj\S2_V3_1101B_SOP14\PWM.c(65):"
00000Cr    1 [01]  10 00        [00]  eni
------     1 [--]               [00]  .stabn 68,0,65,L39
------     1 [--]               [00]  L39:
------     1 [--]               [00]  .stabn 68,0,68,L40
------     1 [--]               [00]  L40:
------     1 [--]               [00]  L$2:
------     1 [--]               [00]  .stabn 192,0,1,L41
------     1 [--]               [00]  L41:
------     1 [--]               [00]  .stabn 68,0,69,L42
------     1 [--]               [00]  L42:
------     1 [--]               [00]  .stabn 68,0,70,L43
------     1 [--]               [00]  L43:
00000Dr    1 [01]  00 08 r      [00]  bc _P50,0
------     1 [--]               [00]  .stabn 68,0,71,L44
------     1 [--]               [00]  L44:
00000Er    1 [01]  04 18 r      [00]  ULTRIB _workStep,0x4
           1 [01]  00 01 r      [00]  
000010r    1 [01]  03 0C        [00]  jbc STATUS, cf
000011r    1 [01]  00 14 r      [00]  EXTJMP L$6
------     1 [--]               [00]  .stabn 192,0,2,L45
------     1 [--]               [00]  L45:
------     1 [--]               [00]  .stabn 68,0,72,L46
------     1 [--]               [00]  L46:
------     1 [--]               [00]  .stabn 68,0,73,L47
------     1 [--]               [00]  L47:
000012r    1 [01]  00 08 r      [00]  bc _P50,0
------     1 [--]               [00]  .stabn 68,0,74,L48
------     1 [--]               [00]  L48:
------     1 [--]               [00]  .cfile "C:\mcuproject\xj\S2_V3_1101B_SOP14\PWM.c(74):"
000013r    1 [01]  00 00        [00]  nop
------     1 [--]               [00]  .stabn 68,0,74,L49
------     1 [--]               [00]  L49:
------     1 [--]               [00]  .stabn 68,0,75,L50
------     1 [--]               [00]  L50:
------     1 [--]               [00]  .cfile "C:\mcuproject\xj\S2_V3_1101B_SOP14\PWM.c(75):"
000014r    1 [01]  00 00        [00]  nop
------     1 [--]               [00]  .stabn 68,0,75,L51
------     1 [--]               [00]  L51:
------     1 [--]               [00]  .stabn 68,0,76,L52
------     1 [--]               [00]  L52:
------     1 [--]               [00]  .cfile "C:\mcuproject\xj\S2_V3_1101B_SOP14\PWM.c(76):"
000015r    1 [01]  00 00        [00]  nop
------     1 [--]               [00]  .stabn 68,0,76,L53
------     1 [--]               [00]  L53:
------     1 [--]               [00]  .stabn 68,0,77,L54
------     1 [--]               [00]  L54:
------     1 [--]               [00]  .stabn 224,0,2,L55
------     1 [--]               [00]  L55:
------     1 [--]               [00]  L$6:
------     1 [--]               [00]  .stabn 68,0,78,L56
------     1 [--]               [00]  L56:
000016r    1 [01]  FF 00 r      [00]  clr main_bp-1
000017r    1 [01]  00 14 r      [00]  jmp @L$11
------     1 [--]               [00]  L$8:
------     1 [--]               [00]  .stabn 192,0,2,L57
------     1 [--]               [00]  L57:
------     1 [--]               [00]  .stabn 68,0,79,L58
------     1 [--]               [00]  L58:
------     1 [--]               [00]  .stabn 68,0,80,L59
------     1 [--]               [00]  L59:
000018r    1 [01]  00 0A r      [00]  bs _P50,0
------     1 [--]               [00]  .stabn 68,0,81,L60
------     1 [--]               [00]  L60:
------     1 [--]               [00]  .cfile "C:\mcuproject\xj\S2_V3_1101B_SOP14\PWM.c(81):"
000019r    1 [01]  00 00        [00]  nop
------     1 [--]               [00]  .stabn 68,0,81,L61
------     1 [--]               [00]  L61:
------     1 [--]               [00]  .stabn 68,0,82,L62
------     1 [--]               [00]  L62:
------     1 [--]               [00]  .stabn 224,0,2,L63
------     1 [--]               [00]  L63:
------     1 [--]               [00]  L$9:
------     1 [--]               [00]  .stabn 68,0,78,L64
------     1 [--]               [00]  L64:
00001Ar    1 [01]  7F 05 r      [00]  LDA main_bp-1,0,0
00001Br    1 [--]  -- --        [00]  add a,@1
00001Cr    1 [--]  -- --        [00]  STA main_bp-1,0,0
------     1 [--]               [00]  L$11:
------     1 [--]               [00]  .stabn 68,0,78,L65
------     1 [--]               [00]  L65:
00001Dr    1 [01]  00 04 r      [00]  ULTRRB main_bp-1,_duty
           1 [01]  3F 01 r      [00]  
00001Fr    1 [01]  03 0E        [00]  jbs STATUS,cf
000020r    1 [01]  00 14 r      [00]  EXTJMP @L$8
------     1 [--]               [00]  .stabn 68,0,83,L66
------     1 [--]               [00]  L66:
------     1 [--]               [00]  .cfile "C:\mcuproject\xj\S2_V3_1101B_SOP14\PWM.c(83):"
000021r    1 [01]  04 00        [00]  wdtc
------     1 [--]               [00]  .stabn 68,0,83,L67
------     1 [--]               [00]  L67:
------     1 [--]               [00]  .stabn 68,0,84,L68
------     1 [--]               [00]  L68:
000022r    1 [01]  00 0C r      [00]  jbc _IntFlag,0
000023r    1 [01]  00 14 r      [00]  EXTJMP @L$12
------     1 [--]               [00]  .stabn 68,0,85,L69
------     1 [--]               [00]  L69:
000024r    1 [01]  00 14 r      [00]  jmp @L$2
------     1 [--]               [00]  L$12:
------     1 [--]               [00]  .stabn 68,0,86,L70
------     1 [--]               [00]  L70:
000025r    1 [01]  00 08 r      [00]  bc _IntFlag,0
------     1 [--]               [00]  .stabn 68,0,87,L71
------     1 [--]               [00]  L71:
000026r    1 [01]  00 0D r      [00]  jbc _P64,4
000027r    1 [01]  00 14 r      [00]  EXTJMP @L$14
------     1 [--]               [00]  .stabn 68,0,88,L72
------     1 [--]               [00]  L72:
000028r    1 [01]  00 10 r      [00]  call _keyCtr
000029r    1 [01]  00 14 r      [00]  jmp @L$15
------     1 [--]               [00]  L$14:
------     1 [--]               [00]  .stabn 192,0,2,L73
------     1 [--]               [00]  L73:
------     1 [--]               [00]  .stabn 68,0,90,L74
------     1 [--]               [00]  L74:
------     1 [--]               [00]  .stabn 68,0,91,L75
------     1 [--]               [00]  L75:
00002Ar    1 [01]  00 08 r      [00]  bc _P50,0
------     1 [--]               [00]  .stabn 68,0,92,L76
------     1 [--]               [00]  L76:
00002Br    1 [01]  C0 00 r      [00]  clr _duty
------     1 [--]               [00]  .stabn 68,0,93,L77
------     1 [--]               [00]  L77:
00002Cr    1 [01]  C0 00 r      [00]  clr _workStep
------     1 [--]               [00]  .stabn 68,0,94,L78
------     1 [--]               [00]  L78:
00002Dr    1 [01]  C0 00 r      [00]  clr _count900s
------     1 [--]               [00]  .stabn 68,0,95,L79
------     1 [--]               [00]  L79:
------     1 [--]               [00]  .stabn 224,0,2,L80
------     1 [--]               [00]  L80:
------     1 [--]               [00]  L$15:
------     1 [--]               [00]  .stabn 68,0,96,L81
------     1 [--]               [00]  L81:
00002Er    1 [01]  00 10 r      [00]  call _workCtr
------     1 [--]               [00]  .stabn 68,0,97,L82
------     1 [--]               [00]  L82:
00002Fr    1 [01]  40 04 r      [00]  EQNEPRIB _workStep,0
000030r    1 [01]  83 0C        [00]  jbc STATUS,zf
000031r    1 [01]  00 14 r      [00]  EXTJMP @L$2
------     1 [--]               [00]  .stabn 192,0,2,L83
------     1 [--]               [00]  L83:
------     1 [--]               [00]  .stabn 68,0,98,L84
------     1 [--]               [00]  L84:
------     1 [--]               [00]  .stabn 68,0,99,L85
------     1 [--]               [00]  L85:
000032r    1 [01]  40 05 r      [00]  LDA _count1s,0,0
000033r    1 [--]  -- --        [00]  mov ecx,a
000034r    1 [--]  -- --        [00]  mov a,@1
000035r    1 [--]  -- --        [00]  add ecx,a
000036r    1 [--]  -- --        [00]  mov a,ecx
000037r    1 [--]  -- --        [00]  STA _count1s,0,0
000038r    1 [01]  64 18 r      [00]  ULTRIB ecx,0x64
           1 [01]  00 01 r      [00]  
00003Ar    1 [01]  03 0E        [00]  jbs STATUS, cf
00003Br    1 [01]  00 14 r      [00]  EXTJMP L$18
------     1 [--]               [00]  .stabn 192,0,3,L86
------     1 [--]               [00]  L86:
------     1 [--]               [00]  .stabn 68,0,100,L87
------     1 [--]               [00]  L87:
------     1 [--]               [00]  .stabn 68,0,101,L88
------     1 [--]               [00]  L88:
00003Cr    1 [01]  C0 00 r      [00]  clr _count1s
------     1 [--]               [00]  .stabn 68,0,102,L89
------     1 [--]               [00]  L89:
00003Dr    1 [01]  40 05 r      [00]  LDA _count1min,0,0
00003Er    1 [--]  -- --        [00]  mov ecx,a
00003Fr    1 [--]  -- --        [00]  mov a,@1
000040r    1 [--]  -- --        [00]  add ecx,a
000041r    1 [--]  -- --        [00]  mov a,ecx
000042r    1 [--]  -- --        [00]  STA _count1min,0,0
000043r    1 [01]  3C 18 r      [00]  ULTRIB ecx,0x3c
           1 [01]  00 01 r      [00]  
000045r    1 [01]  03 0E        [00]  jbs STATUS, cf
000046r    1 [01]  00 14 r      [00]  EXTJMP L$20
------     1 [--]               [00]  .stabn 192,0,4,L90
------     1 [--]               [00]  L90:
------     1 [--]               [00]  .stabn 68,0,103,L91
------     1 [--]               [00]  L91:
------     1 [--]               [00]  .stabn 68,0,104,L92
------     1 [--]               [00]  L92:
000047r    1 [01]  C0 00 r      [00]  clr _count1min
------     1 [--]               [00]  .stabn 68,0,105,L93
------     1 [--]               [00]  L93:
000048r    1 [01]  40 05 r      [00]  LDA _count900s,0,0
000049r    1 [--]  -- --        [00]  add a,@1
00004Ar    1 [--]  -- --        [00]  STA _count900s,0,0
------     1 [--]               [00]  .stabn 68,0,106,L94
------     1 [--]               [00]  L94:
------     1 [--]               [00]  .stabn 224,0,4,L95
------     1 [--]               [00]  L95:
------     1 [--]               [00]  L$20:
------     1 [--]               [00]  .stabn 68,0,108,L96
------     1 [--]               [00]  L96:
------     1 [--]               [00]  .stabn 224,0,3,L97
------     1 [--]               [00]  L97:
------     1 [--]               [00]  L$18:
------     1 [--]               [00]  .stabn 68,0,110,L98
------     1 [--]               [00]  L98:
00004Br    1 [01]  0F 18 r      [00]  ULTRIB _count900s,0xf
           1 [01]  00 01 r      [00]  
00004Dr    1 [01]  03 0E        [00]  jbs STATUS, cf
00004Er    1 [01]  00 14 r      [00]  EXTJMP L$2
00004Fr    1 [01]  40 04 r      [00]  EQNEPRIB _keyCount,0
000050r    1 [01]  83 0E        [00]  jbs STATUS,zf
000051r    1 [01]  00 14 r      [00]  EXTJMP @L$2
------     1 [--]               [00]  .stabn 68,0,111,L99
------     1 [--]               [00]  L99:
000052r    1 [01]  00 10 r      [00]  call _gotoSleep
------     1 [--]               [00]  .stabn 68,0,112,L100
------     1 [--]               [00]  L100:
------     1 [--]               [00]  .stabn 224,0,2,L101
------     1 [--]               [00]  L101:
------     1 [--]               [00]  .stabn 68,0,115,L102
------     1 [--]               [00]  L102:
------     1 [--]               [00]  .stabn 224,0,1,L103
------     1 [--]               [00]  L103:
------     1 [--]               [00]  .stabn 68,0,68,L104
------     1 [--]               [00]  L104:
------     1 [--]               [00]  .stabn 68,0,68,L105
------     1 [--]               [00]  L105:
000053r    1 [01]  00 14 r      [00]  jmp @L$2
------     1 [--]               [00]  .stabn 68,0,117,L106
------     1 [--]               [00]  L106:
------     1 [--]               [00]  .stabn 224,0,0,L107
------     1 [--]               [00]  L107:
------     1 [--]               [00]  L$1:
000054r    1 [01]  12 00        [00]  ret
------     1 [--]               [00]  .STACK main_bp,local,1
------     1 [--]               [00]  public _keyCtr
------     1 [--]               [00]  public keyCtr_bp
------     1 [--]               [00]  .stabs "keyCtr:F15",36,0,0,_keyCtr
------     1 [--]               [00]  .section ".S1",C_CODE
------     1 [--]               [00]  .SYMDEF ".S1" 
------     1 [--]               [00]  _keyCtr:
------     1 [--]               [00]  .SYMDEF "_keyCtr" 
000000r    1 [01]  00 04 r      [00]  mov a,ecx
000001r    1 [01]  7C 00 r      [00]  mov keyCtr_bp-4,a
000002r    1 [01]  01 04 r      [00]  mov a,ecx+1
000003r    1 [01]  7D 00 r      [00]  mov keyCtr_bp-3,a
000004r    1 [01]  02 04 r      [00]  mov a,ecx+2
000005r    1 [01]  7E 00 r      [00]  mov keyCtr_bp-2,a
000006r    1 [01]  03 04 r      [00]  mov a,ecx+3
000007r    1 [01]  7F 00 r      [00]  mov keyCtr_bp-1,a
------     1 [--]               [00]  .stabs "kclick:2",128,0,0,keyCtr_bp-5
------     1 [--]               [00]  .stabn 192,0,0,L115
------     1 [--]               [00]  L115:
------     1 [--]               [00]  .stabn 68,0,121,L116
------     1 [--]               [00]  L116:
------     1 [--]               [00]  .stabn 68,0,122,L117
------     1 [--]               [00]  L117:
000008r    1 [01]  00 04 r      [00]  LDA _PORT6,0,0
000009r    1 [01]  40 00 r      [00]  mov ecx,a
00000Ar    1 [01]  C0 04 r      [00]  com ecx
00000Br    1 [01]  80 18        [00]  mov a,@128
00000Cr    1 [01]  80 02 r      [00]  and ecx,a
00000Dr    1 [--]  -- --        [00]  mov a,ecx
00000Er    1 [01]  40 00 r      [00]  mov keyRead_bp+0,a
------     1 [--]               [00]  .STACK keyRead_bp,parameter,1
00000Fr    1 [01]  00 10 r      [00]  call _keyRead
000010r    1 [01]  00 04 r      [00]  mov a,eax
000011r    1 [01]  7B 00 r      [00]  STA keyCtr_bp-5,0,0
------     1 [--]               [00]  .stabn 68,0,124,L118
------     1 [--]               [00]  L118:
000012r    1 [01]  3B 04 r      [00]  EQNEPRIB keyCtr_bp-5,1
           1 [01]  01 1B r      [00]  
000014r    1 [01]  83 0E        [00]  jbs STATUS,zf
000015r    1 [01]  00 14 r      [00]  EXTJMP @L$109
------     1 [--]               [00]  .stabn 192,0,1,L119
------     1 [--]               [00]  L119:
------     1 [--]               [00]  .stabn 68,0,125,L120
------     1 [--]               [00]  L120:
------     1 [--]               [00]  .stabn 68,0,128,L121
------     1 [--]               [00]  L121:
000016r    1 [01]  40 05 r      [00]  LDA _workStep,0,0
000017r    1 [--]  -- --        [00]  mov ecx,a
000018r    1 [--]  -- --        [00]  mov a,@1
000019r    1 [--]  -- --        [00]  add ecx,a
00001Ar    1 [--]  -- --        [00]  mov a,ecx
00001Br    1 [--]  -- --        [00]  STA _workStep,0,0
00001Cr    1 [01]  06 18 r      [00]  ULTRIB ecx,0x6
           1 [01]  00 01 r      [00]  
00001Er    1 [01]  03 0E        [00]  jbs STATUS, cf
00001Fr    1 [01]  00 14 r      [00]  EXTJMP L$110
------     1 [--]               [00]  .stabn 68,0,129,L122
------     1 [--]               [00]  L122:
000020r    1 [01]  C0 00 r      [00]  clr _workStep
------     1 [--]               [00]  .stabn 68,0,131,L123
------     1 [--]               [00]  L123:
------     1 [--]               [00]  .stabn 224,0,1,L124
------     1 [--]               [00]  L124:
000021r    1 [01]  00 14 r      [00]  jmp @L$110
------     1 [--]               [00]  L$109:
------     1 [--]               [00]  .stabn 68,0,132,L125
------     1 [--]               [00]  L125:
000022r    1 [01]  3B 04 r      [00]  EQNEPRIB keyCtr_bp-5,2
           1 [01]  02 1B r      [00]  
000024r    1 [01]  83 0E        [00]  jbs STATUS,zf
000025r    1 [01]  00 14 r      [00]  EXTJMP @L$113
------     1 [--]               [00]  .stabn 192,0,1,L126
------     1 [--]               [00]  L126:
------     1 [--]               [00]  .stabn 68,0,133,L127
------     1 [--]               [00]  L127:
------     1 [--]               [00]  .stabn 68,0,134,L128
------     1 [--]               [00]  L128:
000026r    1 [01]  C0 00 r      [00]  clr _workStep
------     1 [--]               [00]  .stabn 68,0,135,L129
------     1 [--]               [00]  L129:
------     1 [--]               [00]  .stabn 224,0,1,L130
------     1 [--]               [00]  L130:
------     1 [--]               [00]  L$113:
------     1 [--]               [00]  L$110:
------     1 [--]               [00]  .stabn 68,0,139,L131
------     1 [--]               [00]  L131:
------     1 [--]               [00]  .stabn 224,0,0,L132
------     1 [--]               [00]  L132:
------     1 [--]               [00]  L$108:
000027r    1 [01]  3C 04 r      [00]  mov a,keyCtr_bp-4
000028r    1 [01]  40 00 r      [00]  mov ecx,a
000029r    1 [01]  3D 04 r      [00]  mov a,keyCtr_bp-3
00002Ar    1 [01]  41 00 r      [00]  mov ecx+1,a
00002Br    1 [01]  3E 04 r      [00]  mov a,keyCtr_bp-2
00002Cr    1 [01]  42 00 r      [00]  mov ecx+2,a
00002Dr    1 [01]  3F 04 r      [00]  mov a,keyCtr_bp-1
00002Er    1 [01]  43 00 r      [00]  mov ecx+3,a
00002Fr    1 [01]  12 00        [00]  ret
------     1 [--]               [00]  .STACK keyCtr_bp,local,5
------     1 [--]               [00]  public _workCtr
------     1 [--]               [00]  public workCtr_bp
------     1 [--]               [00]  .stabs "workCtr:F15",36,0,0,_workCtr
------     1 [--]               [00]  .section ".S2",C_CODE
------     1 [--]               [00]  .SYMDEF ".S2" 
------     1 [--]               [00]  _workCtr:
------     1 [--]               [00]  .SYMDEF "_workCtr" 
000000r    1 [01]  00 04 r      [00]  mov a,ecx
000001r    1 [01]  7C 00 r      [00]  mov workCtr_bp-4,a
000002r    1 [01]  01 04 r      [00]  mov a,ecx+1
000003r    1 [01]  7D 00 r      [00]  mov workCtr_bp-3,a
000004r    1 [01]  02 04 r      [00]  mov a,ecx+2
000005r    1 [01]  7E 00 r      [00]  mov workCtr_bp-2,a
000006r    1 [01]  03 04 r      [00]  mov a,ecx+3
000007r    1 [01]  7F 00 r      [00]  mov workCtr_bp-1,a
------     1 [--]               [00]  .stabn 192,0,0,L144
------     1 [--]               [00]  L144:
------     1 [--]               [00]  .stabn 68,0,142,L145
------     1 [--]               [00]  L145:
------     1 [--]               [00]  .stabn 68,0,143,L146
------     1 [--]               [00]  L146:
000008r    1 [01]  00 04 r      [00]  LDA _workStep,0,0
000009r    1 [01]  40 00 r      [00]  mov ecx,a
00000Ar    1 [01]  40 04 r      [00]  EQNEPRIB ecx,0
00000Br    1 [01]  83 0C        [00]  jbc STATUS,zf
00000Cr    1 [01]  00 14 r      [00]  EXTJMP @L$136
00000Dr    1 [01]  00 04 r      [00]  EQNEPRIB ecx,1
           1 [01]  01 1B r      [00]  
00000Fr    1 [01]  83 0C        [00]  jbc STATUS,zf
000010r    1 [01]  00 14 r      [00]  EXTJMP @L$139
000011r    1 [01]  00 04 r      [00]  EQNEPRIB ecx,2
           1 [01]  02 1B r      [00]  
000013r    1 [01]  83 0C        [00]  jbc STATUS,zf
000014r    1 [01]  00 14 r      [00]  EXTJMP @L$140
000015r    1 [01]  00 04 r      [00]  EQNEPRIB ecx,3
           1 [01]  03 1B r      [00]  
000017r    1 [01]  83 0C        [00]  jbc STATUS,zf
000018r    1 [01]  00 14 r      [00]  EXTJMP @L$141
000019r    1 [01]  00 04 r      [00]  EQNEPRIB ecx,4
           1 [01]  04 1B r      [00]  
00001Br    1 [01]  83 0C        [00]  jbc STATUS,zf
00001Cr    1 [01]  00 14 r      [00]  EXTJMP @L$142
00001Dr    1 [01]  00 04 r      [00]  EQNEPRIB ecx,5
           1 [01]  05 1B r      [00]  
00001Fr    1 [01]  83 0C        [00]  jbc STATUS,zf
000020r    1 [01]  00 14 r      [00]  EXTJMP @L$143
000021r    1 [01]  00 14 r      [00]  jmp @L$134
------     1 [--]               [00]  .stabn 192,0,1,L147
------     1 [--]               [00]  L147:
------     1 [--]               [00]  .stabn 68,0,144,L148
------     1 [--]               [00]  L148:
------     1 [--]               [00]  L$136:
------     1 [--]               [00]  .stabn 68,0,146,L149
------     1 [--]               [00]  L149:
000022r    1 [01]  C0 00 r      [00]  clr _duty
------     1 [--]               [00]  .stabn 68,0,147,L150
------     1 [--]               [00]  L150:
000023r    1 [--]  -- --        [00]  LDA _PORT5,0,0
000024r    1 [01]  F1 18        [00]  and a,@241
000025r    1 [01]  C0 02 r      [00]  STA _PORT5,0,0
------     1 [--]               [00]  .stabn 68,0,148,L151
------     1 [--]               [00]  L151:
000026r    1 [--]  -- --        [00]  LDA _PORT6,0,0
000027r    1 [01]  F8 18        [00]  and a,@248
000028r    1 [01]  C0 02 r      [00]  STA _PORT6,0,0
------     1 [--]               [00]  .stabn 68,0,149,L152
------     1 [--]               [00]  L152:
000029r    1 [01]  00 08 r      [00]  bc _P50,0
------     1 [--]               [00]  .stabn 68,0,150,L153
------     1 [--]               [00]  L153:
00002Ar    1 [01]  40 04 r      [00]  EQNEPRIB _keyCount,0
00002Br    1 [01]  83 0E        [00]  jbs STATUS,zf
00002Cr    1 [01]  00 14 r      [00]  EXTJMP @L$135
------     1 [--]               [00]  .stabn 68,0,151,L154
------     1 [--]               [00]  L154:
00002Dr    1 [01]  00 10 r      [00]  call _gotoSleep
------     1 [--]               [00]  .stabn 68,0,152,L155
------     1 [--]               [00]  L155:
00002Er    1 [01]  00 14 r      [00]  jmp @L$135
------     1 [--]               [00]  L$139:
------     1 [--]               [00]  .stabn 68,0,154,L156
------     1 [--]               [00]  L156:
00002Fr    1 [01]  09 18        [00]  mov a,@9
000030r    1 [01]  40 00 r      [00]  STA _duty,0,0
------     1 [--]               [00]  .stabn 68,0,155,L157
------     1 [--]               [00]  L157:
000031r    1 [01]  40 0A r      [00]  bs _P51,1
------     1 [--]               [00]  .stabn 68,0,156,L158
------     1 [--]               [00]  L158:
000032r    1 [01]  00 14 r      [00]  jmp @L$135
------     1 [--]               [00]  L$140:
------     1 [--]               [00]  .stabn 68,0,158,L159
------     1 [--]               [00]  L159:
000033r    1 [01]  0B 18        [00]  mov a,@11
000034r    1 [01]  40 00 r      [00]  STA _duty,0,0
------     1 [--]               [00]  .stabn 68,0,159,L160
------     1 [--]               [00]  L160:
000035r    1 [01]  80 0A r      [00]  bs _P52,2
------     1 [--]               [00]  .stabn 68,0,160,L161
------     1 [--]               [00]  L161:
000036r    1 [01]  00 14 r      [00]  jmp @L$135
------     1 [--]               [00]  L$141:
------     1 [--]               [00]  .stabn 68,0,162,L162
------     1 [--]               [00]  L162:
000037r    1 [01]  0E 18        [00]  mov a,@14
000038r    1 [01]  40 00 r      [00]  STA _duty,0,0
------     1 [--]               [00]  .stabn 68,0,163,L163
------     1 [--]               [00]  L163:
000039r    1 [01]  C0 0A r      [00]  bs _P53,3
------     1 [--]               [00]  .stabn 68,0,164,L164
------     1 [--]               [00]  L164:
00003Ar    1 [01]  00 14 r      [00]  jmp @L$135
------     1 [--]               [00]  L$142:
------     1 [--]               [00]  .stabn 68,0,166,L165
------     1 [--]               [00]  L165:
00003Br    1 [01]  13 18        [00]  mov a,@19
00003Cr    1 [01]  40 00 r      [00]  STA _duty,0,0
------     1 [--]               [00]  .stabn 68,0,167,L166
------     1 [--]               [00]  L166:
00003Dr    1 [01]  00 0A r      [00]  bs _P60,0
------     1 [--]               [00]  .stabn 68,0,168,L167
------     1 [--]               [00]  L167:
00003Er    1 [01]  00 14 r      [00]  jmp @L$135
------     1 [--]               [00]  L$143:
------     1 [--]               [00]  .stabn 68,0,170,L168
------     1 [--]               [00]  L168:
00003Fr    1 [01]  2D 18        [00]  mov a,@45
000040r    1 [01]  40 00 r      [00]  STA _duty,0,0
------     1 [--]               [00]  .stabn 68,0,171,L169
------     1 [--]               [00]  L169:
000041r    1 [01]  40 0A r      [00]  bs _P61,1
------     1 [--]               [00]  .stabn 68,0,172,L170
------     1 [--]               [00]  L170:
------     1 [--]               [00]  .stabn 68,0,174,L171
------     1 [--]               [00]  L171:
------     1 [--]               [00]  .stabn 224,0,1,L172
------     1 [--]               [00]  L172:
------     1 [--]               [00]  L$134:
------     1 [--]               [00]  L$135:
------     1 [--]               [00]  .stabn 68,0,176,L173
------     1 [--]               [00]  L173:
------     1 [--]               [00]  .stabn 224,0,0,L174
------     1 [--]               [00]  L174:
------     1 [--]               [00]  L$133:
000042r    1 [01]  3C 04 r      [00]  mov a,workCtr_bp-4
000043r    1 [01]  40 00 r      [00]  mov ecx,a
000044r    1 [01]  3D 04 r      [00]  mov a,workCtr_bp-3
000045r    1 [01]  41 00 r      [00]  mov ecx+1,a
000046r    1 [01]  3E 04 r      [00]  mov a,workCtr_bp-2
000047r    1 [01]  42 00 r      [00]  mov ecx+2,a
000048r    1 [01]  3F 04 r      [00]  mov a,workCtr_bp-1
000049r    1 [01]  43 00 r      [00]  mov ecx+3,a
00004Ar    1 [01]  12 00        [00]  ret
------     1 [--]               [00]  .STACK workCtr_bp,local,4
------     1 [--]               [00]  public _keyRead
------     1 [--]               [00]  public keyRead_bp
------     1 [--]               [00]  .stabs "keyRead:F2",36,0,0,_keyRead
------     1 [--]               [00]  .section ".S3",C_CODE
------     1 [--]               [00]  .SYMDEF ".S3" 
------     1 [--]               [00]  _keyRead:
------     1 [--]               [00]  .SYMDEF "_keyRead" 
000000r    1 [01]  00 04 r      [00]  mov a,ecx
000001r    1 [01]  7C 00 r      [00]  mov keyRead_bp-4,a
000002r    1 [01]  01 04 r      [00]  mov a,ecx+1
000003r    1 [01]  7D 00 r      [00]  mov keyRead_bp-3,a
000004r    1 [01]  02 04 r      [00]  mov a,ecx+2
000005r    1 [01]  7E 00 r      [00]  mov keyRead_bp-2,a
000006r    1 [01]  03 04 r      [00]  mov a,ecx+3
000007r    1 [01]  7F 00 r      [00]  mov keyRead_bp-1,a
------     1 [--]               [00]  .stabs "keyStatus:10",160,0,0,keyRead_bp+0
------     1 [--]               [00]  .stabn 192,0,0,L186
------     1 [--]               [00]  L186:
------     1 [--]               [00]  .stabn 68,0,180,L187
------     1 [--]               [00]  L187:
------     1 [--]               [00]  .stabn 68,0,181,L188
------     1 [--]               [00]  L188:
000008r    1 [01]  40 04 r      [00]  EQNEPRIB keyRead_bp+0,0
000009r    1 [01]  83 0C        [00]  jbc STATUS,zf
00000Ar    1 [01]  00 14 r      [00]  EXTJMP @L$176
------     1 [--]               [00]  .stabn 192,0,1,L189
------     1 [--]               [00]  L189:
------     1 [--]               [00]  .stabn 68,0,182,L190
------     1 [--]               [00]  L190:
------     1 [--]               [00]  .stabn 68,0,183,L191
------     1 [--]               [00]  L191:
00000Br    1 [01]  40 05 r      [00]  LDA _keyCount,0,0
00000Cr    1 [--]  -- --        [00]  add a,@1
00000Dr    1 [--]  -- --        [00]  STA _keyCount,0,0
------     1 [--]               [00]  .stabn 68,0,184,L192
------     1 [--]               [00]  L192:
00000Er    1 [01]  C8 18 r      [00]  ULTRIB _keyCount,0xc8
           1 [01]  00 01 r      [00]  
000010r    1 [01]  03 0E        [00]  jbs STATUS, cf
000011r    1 [01]  00 14 r      [00]  EXTJMP L$177
------     1 [--]               [00]  .stabn 192,0,2,L193
------     1 [--]               [00]  L193:
------     1 [--]               [00]  .stabn 68,0,185,L194
------     1 [--]               [00]  L194:
------     1 [--]               [00]  .stabn 68,0,186,L195
------     1 [--]               [00]  L195:
000012r    1 [01]  C8 18        [00]  mov a,@200
000013r    1 [01]  40 00 r      [00]  STA _keyCount,0,0
------     1 [--]               [00]  .stabn 68,0,187,L196
------     1 [--]               [00]  L196:
000014r    1 [01]  40 0C r      [00]  jbc _longPressFlag,1
000015r    1 [01]  00 14 r      [00]  EXTJMP @L$177
------     1 [--]               [00]  .stabn 192,0,3,L197
------     1 [--]               [00]  L197:
------     1 [--]               [00]  .stabn 68,0,188,L198
------     1 [--]               [00]  L198:
------     1 [--]               [00]  .stabn 68,0,189,L199
------     1 [--]               [00]  L199:
000016r    1 [01]  40 0A r      [00]  bs _longPressFlag,1
------     1 [--]               [00]  .stabn 68,0,190,L200
------     1 [--]               [00]  L200:
000017r    1 [01]  02 18        [00]  mov a,@2
000018r    1 [01]  40 00 r      [00]  mov eax,a
000019r    1 [01]  00 14 r      [00]  jmp @L$175
------     1 [--]               [00]  .stabn 68,0,191,L201
------     1 [--]               [00]  L201:
------     1 [--]               [00]  .stabn 224,0,3,L202
------     1 [--]               [00]  L202:
------     1 [--]               [00]  .stabn 68,0,192,L203
------     1 [--]               [00]  L203:
------     1 [--]               [00]  .stabn 224,0,2,L204
------     1 [--]               [00]  L204:
------     1 [--]               [00]  .stabn 68,0,193,L205
------     1 [--]               [00]  L205:
------     1 [--]               [00]  .stabn 224,0,1,L206
------     1 [--]               [00]  L206:
------     1 [--]               [00]  L$176:
------     1 [--]               [00]  .stabn 192,0,1,L207
------     1 [--]               [00]  L207:
------     1 [--]               [00]  .stabn 68,0,195,L208
------     1 [--]               [00]  L208:
------     1 [--]               [00]  .stabn 68,0,196,L209
------     1 [--]               [00]  L209:
00001Ar    1 [01]  C8 18 r      [00]  ULTRIB _keyCount,0xc8
           1 [01]  00 01 r      [00]  
00001Cr    1 [01]  03 0E        [00]  jbs STATUS, cf
00001Dr    1 [01]  00 14 r      [00]  EXTJMP L$182
------     1 [--]               [00]  .stabn 192,0,2,L210
------     1 [--]               [00]  L210:
------     1 [--]               [00]  .stabn 68,0,197,L211
------     1 [--]               [00]  L211:
------     1 [--]               [00]  .stabn 68,0,198,L212
------     1 [--]               [00]  L212:
00001Er    1 [01]  C0 00 r      [00]  clr _keyCount
------     1 [--]               [00]  .stabn 68,0,199,L213
------     1 [--]               [00]  L213:
00001Fr    1 [01]  40 08 r      [00]  bc _longPressFlag,1
------     1 [--]               [00]  .stabn 68,0,200,L214
------     1 [--]               [00]  L214:
000020r    1 [01]  00 18        [00]  mov a,@0
000021r    1 [01]  40 00 r      [00]  mov eax,a
000022r    1 [01]  00 14 r      [00]  jmp @L$175
------     1 [--]               [00]  .stabn 68,0,201,L215
------     1 [--]               [00]  L215:
------     1 [--]               [00]  .stabn 224,0,2,L216
------     1 [--]               [00]  L216:
------     1 [--]               [00]  L$182:
------     1 [--]               [00]  .stabn 68,0,202,L217
------     1 [--]               [00]  L217:
000023r    1 [01]  08 18 r      [00]  ULTRIB _keyCount,0x8
           1 [01]  00 01 r      [00]  
000025r    1 [01]  03 0E        [00]  jbs STATUS, cf
000026r    1 [01]  00 14 r      [00]  EXTJMP L$184
------     1 [--]               [00]  .stabn 192,0,2,L218
------     1 [--]               [00]  L218:
------     1 [--]               [00]  .stabn 68,0,203,L219
------     1 [--]               [00]  L219:
------     1 [--]               [00]  .stabn 68,0,204,L220
------     1 [--]               [00]  L220:
000027r    1 [01]  C0 00 r      [00]  clr _keyCount
------     1 [--]               [00]  .stabn 68,0,205,L221
------     1 [--]               [00]  L221:
000028r    1 [01]  01 18        [00]  mov a,@1
000029r    1 [01]  40 00 r      [00]  mov eax,a
00002Ar    1 [01]  00 14 r      [00]  jmp @L$175
------     1 [--]               [00]  .stabn 68,0,206,L222
------     1 [--]               [00]  L222:
------     1 [--]               [00]  .stabn 224,0,2,L223
------     1 [--]               [00]  L223:
------     1 [--]               [00]  L$184:
------     1 [--]               [00]  .stabn 68,0,207,L224
------     1 [--]               [00]  L224:
00002Br    1 [01]  C0 00 r      [00]  clr _keyCount
------     1 [--]               [00]  .stabn 68,0,208,L225
------     1 [--]               [00]  L225:
------     1 [--]               [00]  .stabn 224,0,1,L226
------     1 [--]               [00]  L226:
------     1 [--]               [00]  L$177:
------     1 [--]               [00]  .stabn 68,0,209,L227
------     1 [--]               [00]  L227:
00002Cr    1 [01]  00 18        [00]  mov a,@0
00002Dr    1 [01]  40 00 r      [00]  mov eax,a
------     1 [--]               [00]  .stabn 68,0,210,L228
------     1 [--]               [00]  L228:
------     1 [--]               [00]  .stabn 224,0,0,L229
------     1 [--]               [00]  L229:
------     1 [--]               [00]  L$175:
00002Er    1 [01]  3C 04 r      [00]  mov a,keyRead_bp-4
00002Fr    1 [01]  40 00 r      [00]  mov ecx,a
000030r    1 [01]  3D 04 r      [00]  mov a,keyRead_bp-3
000031r    1 [01]  41 00 r      [00]  mov ecx+1,a
000032r    1 [01]  3E 04 r      [00]  mov a,keyRead_bp-2
000033r    1 [01]  42 00 r      [00]  mov ecx+2,a
000034r    1 [01]  3F 04 r      [00]  mov a,keyRead_bp-1
000035r    1 [01]  43 00 r      [00]  mov ecx+3,a
000036r    1 [01]  12 00        [00]  ret
------     1 [--]               [00]  .STACK keyRead_bp,local,4
------     1 [--]               [00]  public _gotoSleep
------     1 [--]               [00]  public gotoSleep_bp
------     1 [--]               [00]  .stabs "gotoSleep:F15",36,0,0,_gotoSleep
------     1 [--]               [00]  .section ".S4",C_CODE
------     1 [--]               [00]  .SYMDEF ".S4" 
------     1 [--]               [00]  _gotoSleep:
------     1 [--]               [00]  .SYMDEF "_gotoSleep" 
000000r    1 [01]  00 04 r      [00]  mov a,ecx
000001r    1 [01]  7C 00 r      [00]  mov gotoSleep_bp-4,a
000002r    1 [01]  01 04 r      [00]  mov a,ecx+1
000003r    1 [01]  7D 00 r      [00]  mov gotoSleep_bp-3,a
000004r    1 [01]  02 04 r      [00]  mov a,ecx+2
000005r    1 [01]  7E 00 r      [00]  mov gotoSleep_bp-2,a
000006r    1 [01]  03 04 r      [00]  mov a,ecx+3
000007r    1 [01]  7F 00 r      [00]  mov gotoSleep_bp-1,a
------     1 [--]               [00]  .stabn 192,0,0,L231
------     1 [--]               [00]  L231:
------     1 [--]               [00]  .stabn 68,0,213,L232
------     1 [--]               [00]  L232:
------     1 [--]               [00]  .stabn 68,0,214,L233
------     1 [--]               [00]  L233:
000008r    1 [01]  40 09 r      [00]  bc _P65,5
------     1 [--]               [00]  .stabn 68,0,215,L234
------     1 [--]               [00]  L234:
000009r    1 [01]  00 08 r      [00]  bc _P50,0
------     1 [--]               [00]  .stabn 68,0,216,L235
------     1 [--]               [00]  L235:
00000Ar    1 [--]  -- --        [00]  LDA _PORT5,0,0
00000Br    1 [01]  F1 18        [00]  and a,@241
00000Cr    1 [01]  C0 02 r      [00]  STA _PORT5,0,0
------     1 [--]               [00]  .stabn 68,0,217,L236
------     1 [--]               [00]  L236:
00000Dr    1 [--]  -- --        [00]  LDA _PORT6,0,0
00000Er    1 [01]  F8 18        [00]  and a,@248
00000Fr    1 [01]  C0 02 r      [00]  STA _PORT6,0,0
------     1 [--]               [00]  .stabn 68,0,218,L237
------     1 [--]               [00]  L237:
000010r    1 [01]  C0 00 r      [00]  clr _count900s
------     1 [--]               [00]  .stabn 68,0,219,L238
------     1 [--]               [00]  L238:
000011r    1 [01]  C0 00 r      [00]  clr _workStep
------     1 [--]               [00]  .stabn 68,0,220,L239
------     1 [--]               [00]  L239:
000012r    1 [01]  00 18        [00]  mov a,@0
000013r    1 [01]  00 00 r      [00]  STA _WDTCR,0,2
------     1 [--]               [00]  .stabn 68,0,221,L240
------     1 [--]               [00]  L240:
000014r    1 [01]  80 18        [00]  mov a,@128
000015r    1 [01]  40 00 r      [00]  STA _ICIECR,0,0
------     1 [--]               [00]  .stabn 68,0,222,L241
------     1 [--]               [00]  L241:
000016r    1 [01]  02 18        [00]  mov a,@2
000017r    1 [01]  00 00 r      [00]  STA _IMR,0,2
------     1 [--]               [00]  .stabn 68,0,223,L242
------     1 [--]               [00]  L242:
000018r    1 [--]  -- --        [00]  LDA _ISR,0,0
000019r    1 [01]  F0 18        [00]  and a,@240
00001Ar    1 [01]  C0 02 r      [00]  STA _ISR,0,0
------     1 [--]               [00]  .stabn 68,0,224,L243
------     1 [--]               [00]  L243:
------     1 [--]               [00]  .cfile "C:\mcuproject\xj\S2_V3_1101B_SOP14\PWM.c(224):"
00001Br    1 [01]  11 00        [00]  disi
------     1 [--]               [00]  .stabn 68,0,224,L244
------     1 [--]               [00]  L244:
------     1 [--]               [00]  .stabn 68,0,225,L245
------     1 [--]               [00]  L245:
------     1 [--]               [00]  .cfile "C:\mcuproject\xj\S2_V3_1101B_SOP14\PWM.c(225):"
00001Cr    1 [01]  03 00        [00]  slep
------     1 [--]               [00]  .stabn 68,0,225,L246
------     1 [--]               [00]  L246:
------     1 [--]               [00]  .stabn 68,0,226,L247
------     1 [--]               [00]  L247:
------     1 [--]               [00]  .cfile "C:\mcuproject\xj\S2_V3_1101B_SOP14\PWM.c(226):"
00001Dr    1 [01]  10 00        [00]  eni
------     1 [--]               [00]  .stabn 68,0,226,L248
------     1 [--]               [00]  L248:
------     1 [--]               [00]  .stabn 68,0,227,L249
------     1 [--]               [00]  L249:
00001Er    1 [01]  80 18        [00]  mov a,@128
00001Fr    1 [01]  00 00 r      [00]  STA _WDTCR,0,2
------     1 [--]               [00]  .stabn 68,0,228,L250
------     1 [--]               [00]  L250:
000020r    1 [01]  C0 00 r      [00]  clr _ICIECR
------     1 [--]               [00]  .stabn 68,0,229,L251
------     1 [--]               [00]  L251:
000021r    1 [01]  C0 00 r      [00]  clr _ISR
------     1 [--]               [00]  .stabn 68,0,230,L252
------     1 [--]               [00]  L252:
000022r    1 [01]  01 18        [00]  mov a,@1
000023r    1 [01]  00 00 r      [00]  STA _IMR,0,2
------     1 [--]               [00]  .stabn 68,0,231,L253
------     1 [--]               [00]  L253:
------     1 [--]               [00]  .stabn 224,0,0,L254
------     1 [--]               [00]  L254:
------     1 [--]               [00]  L$230:
000024r    1 [01]  3C 04 r      [00]  mov a,gotoSleep_bp-4
000025r    1 [01]  40 00 r      [00]  mov ecx,a
000026r    1 [01]  3D 04 r      [00]  mov a,gotoSleep_bp-3
000027r    1 [01]  41 00 r      [00]  mov ecx+1,a
000028r    1 [01]  3E 04 r      [00]  mov a,gotoSleep_bp-2
000029r    1 [01]  42 00 r      [00]  mov ecx+2,a
00002Ar    1 [01]  3F 04 r      [00]  mov a,gotoSleep_bp-1
00002Br    1 [01]  43 00 r      [00]  mov ecx+3,a
00002Cr    1 [01]  12 00        [00]  ret
------     1 [--]               [00]  .STACK gotoSleep_bp,local,4
------     1 [--]               [00]  public _IO_Init
------     1 [--]               [00]  public IO_Init_bp
------     1 [--]               [00]  .stabs "IO_Init:F15",36,0,0,_IO_Init
------     1 [--]               [00]  .section ".S5",C_CODE
------     1 [--]               [00]  .SYMDEF ".S5" 
------     1 [--]               [00]  _IO_Init:
------     1 [--]               [00]  .SYMDEF "_IO_Init" 
000000r    1 [01]  00 04 r      [00]  mov a,ecx
000001r    1 [01]  7C 00 r      [00]  mov IO_Init_bp-4,a
000002r    1 [01]  01 04 r      [00]  mov a,ecx+1
000003r    1 [01]  7D 00 r      [00]  mov IO_Init_bp-3,a
000004r    1 [01]  02 04 r      [00]  mov a,ecx+2
000005r    1 [01]  7E 00 r      [00]  mov IO_Init_bp-2,a
000006r    1 [01]  03 04 r      [00]  mov a,ecx+3
000007r    1 [01]  7F 00 r      [00]  mov IO_Init_bp-1,a
------     1 [--]               [00]  .stabn 192,0,0,L256
------     1 [--]               [00]  L256:
------     1 [--]               [00]  .stabn 68,0,235,L257
------     1 [--]               [00]  L257:
------     1 [--]               [00]  .stabn 68,0,237,L258
------     1 [--]               [00]  L258:
000008r    1 [01]  C0 00 r      [00]  clr _PORT5
------     1 [--]               [00]  .stabn 68,0,238,L259
------     1 [--]               [00]  L259:
000009r    1 [01]  00 18        [00]  mov a,@0
00000Ar    1 [01]  00 00 r      [00]  STA _P5CR,0,2
------     1 [--]               [00]  .stabn 68,0,239,L260
------     1 [--]               [00]  L260:
00000Br    1 [01]  C0 00 r      [00]  clr _PORT6
------     1 [--]               [00]  .stabn 68,0,240,L261
------     1 [--]               [00]  L261:
00000Cr    1 [01]  90 18        [00]  mov a,@144
00000Dr    1 [01]  00 00 r      [00]  STA _P6CR,0,2
------     1 [--]               [00]  .stabn 68,0,241,L262
------     1 [--]               [00]  L262:
00000Er    1 [01]  7F 18        [00]  mov a,@127
00000Fr    1 [01]  00 00 r      [00]  STA _PHCR,0,2
------     1 [--]               [00]  .stabn 68,0,242,L263
------     1 [--]               [00]  L263:
000010r    1 [01]  FF 18        [00]  mov a,@255
000011r    1 [01]  00 00 r      [00]  STA _PHDCR,0,2
------     1 [--]               [00]  .stabn 68,0,244,L264
------     1 [--]               [00]  L264:
------     1 [--]               [00]  .cfile "C:\mcuproject\xj\S2_V3_1101B_SOP14\PWM.c(244):"
000012r    1 [01]  02 18        [00]  mov	a,@0x02
------     1 [--]               [00]  .stabn 68,0,245,L265
------     1 [--]               [00]  L265:
------     1 [--]               [00]  .cfile "C:\mcuproject\xj\S2_V3_1101B_SOP14\PWM.c(245):"
000013r    1 [01]  02 00        [00]  contw
------     1 [--]               [00]  .stabn 68,0,247,L266
------     1 [--]               [00]  L266:
------     1 [--]               [00]  .stabn 224,0,0,L267
------     1 [--]               [00]  L267:
------     1 [--]               [00]  L$255:
000014r    1 [01]  3C 04 r      [00]  mov a,IO_Init_bp-4
000015r    1 [01]  40 00 r      [00]  mov ecx,a
000016r    1 [01]  3D 04 r      [00]  mov a,IO_Init_bp-3
000017r    1 [01]  41 00 r      [00]  mov ecx+1,a
000018r    1 [01]  3E 04 r      [00]  mov a,IO_Init_bp-2
000019r    1 [01]  42 00 r      [00]  mov ecx+2,a
00001Ar    1 [01]  3F 04 r      [00]  mov a,IO_Init_bp-1
00001Br    1 [01]  43 00 r      [00]  mov ecx+3,a
00001Cr    1 [01]  12 00        [00]  ret
------     1 [--]               [00]  .STACK IO_Init_bp,local,4
------     1 [--]               [00]  public _interrupt
------     1 [--]               [00]  public interrupt_bp
------     1 [--]               [00]  .stabs "interrupt:F15",36,0,0,_interrupt
------     1 [--]               [00]  .section ".S6",C_CODE
------     1 [--]               [00]  .SYMDEF ".S6" INT:-1
------     1 [--]               [00]  _interrupt:
------     1 [--]               [00]  .SYMDEF "_interrupt" INT:-1
------     1 [--]               [00]  .stabn 192,0,0,L273
------     1 [--]               [00]  L273:
------     1 [--]               [00]  .stabn 68,0,251,L274
------     1 [--]               [00]  L274:
------     1 [--]               [00]  .stabn 68,0,254,L275
------     1 [--]               [00]  L275:
------     1 [--]               [00]  .cfile "C:\mcuproject\xj\S2_V3_1101B_SOP14\PWM.c(254):"
000000r    1 [01]  7D 00        [00]  MOV 0x3D,A ; A
------     1 [--]               [00]  .stabn 68,0,255,L276
------     1 [--]               [00]  L276:
------     1 [--]               [00]  .cfile "C:\mcuproject\xj\S2_V3_1101B_SOP14\PWM.c(255):"
000001r    1 [01]  03 04        [00]  MOV A,0x03
------     1 [--]               [00]  .stabn 68,0,256,L277
------     1 [--]               [00]  L277:
------     1 [--]               [00]  .cfile "C:\mcuproject\xj\S2_V3_1101B_SOP14\PWM.c(256):"
000002r    1 [01]  7E 00        [00]  MOV 0x3E,A ; R3
------     1 [--]               [00]  .stabn 68,0,257,L278
------     1 [--]               [00]  L278:
------     1 [--]               [00]  .cfile "C:\mcuproject\xj\S2_V3_1101B_SOP14\PWM.c(257):"
000003r    1 [01]  04 04        [00]  MOV A,0x04
------     1 [--]               [00]  .stabn 68,0,258,L279
------     1 [--]               [00]  L279:
------     1 [--]               [00]  .cfile "C:\mcuproject\xj\S2_V3_1101B_SOP14\PWM.c(258):"
000004r    1 [01]  7F 00        [00]  MOV 0x3F,A ; R4
------     1 [--]               [00]  .stabn 68,0,261,L280
------     1 [--]               [00]  L280:
000005r    1 [01]  00 0E r      [00]  jbs _TCIF,0
000006r    1 [01]  00 14 r      [00]  EXTJMP @L$269
------     1 [--]               [00]  .stabn 192,0,1,L281
------     1 [--]               [00]  L281:
------     1 [--]               [00]  .stabn 68,0,262,L282
------     1 [--]               [00]  L282:
------     1 [--]               [00]  .stabn 68,0,264,L283
------     1 [--]               [00]  L283:
000007r    1 [--]  -- --        [00]  LDA _ISR,0,0
000008r    1 [01]  FE 18        [00]  and a,@254
000009r    1 [01]  C0 02 r      [00]  STA _ISR,0,0
------     1 [--]               [00]  .stabn 68,0,265,L284
------     1 [--]               [00]  L284:
00000Ar    1 [--]  -- --        [00]  LDA _TCC,0,0
00000Br    1 [01]  CE 18        [00]  add a,@206
00000Cr    1 [01]  C0 03 r      [00]  STA _TCC,0,0
------     1 [--]               [00]  .stabn 68,0,267,L285
------     1 [--]               [00]  L285:
00000Dr    1 [01]  40 05 r      [00]  LDA _intCount,0,0
00000Er    1 [--]  -- --        [00]  mov ecx,a
00000Fr    1 [--]  -- --        [00]  mov a,@1
000010r    1 [--]  -- --        [00]  add ecx,a
000011r    1 [--]  -- --        [00]  mov a,ecx
000012r    1 [--]  -- --        [00]  STA _intCount,0,0
000013r    1 [01]  64 18 r      [00]  ULTRIB ecx,0x64
           1 [01]  00 01 r      [00]  
000015r    1 [01]  03 0E        [00]  jbs STATUS, cf
000016r    1 [01]  00 14 r      [00]  EXTJMP L$271
------     1 [--]               [00]  .stabn 192,0,2,L286
------     1 [--]               [00]  L286:
------     1 [--]               [00]  .stabn 68,0,268,L287
------     1 [--]               [00]  L287:
------     1 [--]               [00]  .stabn 68,0,269,L288
------     1 [--]               [00]  L288:
000017r    1 [01]  C0 00 r      [00]  clr _intCount
------     1 [--]               [00]  .stabn 68,0,270,L289
------     1 [--]               [00]  L289:
000018r    1 [01]  00 0A r      [00]  bs _IntFlag,0
------     1 [--]               [00]  .stabn 68,0,274,L290
------     1 [--]               [00]  L290:
------     1 [--]               [00]  .stabn 224,0,2,L291
------     1 [--]               [00]  L291:
------     1 [--]               [00]  L$271:
------     1 [--]               [00]  .stabn 68,0,277,L292
------     1 [--]               [00]  L292:
------     1 [--]               [00]  .stabn 224,0,1,L293
------     1 [--]               [00]  L293:
------     1 [--]               [00]  L$269:
------     1 [--]               [00]  .stabn 68,0,281,L294
------     1 [--]               [00]  L294:
------     1 [--]               [00]  .cfile "C:\mcuproject\xj\S2_V3_1101B_SOP14\PWM.c(281):"
000019r    1 [01]  3F 04        [00]  MOV A,0x3F ; R4
------     1 [--]               [00]  .stabn 68,0,282,L295
------     1 [--]               [00]  L295:
------     1 [--]               [00]  .cfile "C:\mcuproject\xj\S2_V3_1101B_SOP14\PWM.c(282):"
00001Ar    1 [01]  44 00        [00]  MOV 0x04,A
------     1 [--]               [00]  .stabn 68,0,283,L296
------     1 [--]               [00]  L296:
------     1 [--]               [00]  .cfile "C:\mcuproject\xj\S2_V3_1101B_SOP14\PWM.c(283):"
00001Br    1 [01]  3E 04        [00]  MOV A,0x3E ; R3
------     1 [--]               [00]  .stabn 68,0,284,L297
------     1 [--]               [00]  L297:
------     1 [--]               [00]  .cfile "C:\mcuproject\xj\S2_V3_1101B_SOP14\PWM.c(284):"
00001Cr    1 [01]  43 00        [00]  MOV 0x03,A
------     1 [--]               [00]  .stabn 68,0,285,L298
------     1 [--]               [00]  L298:
------     1 [--]               [00]  .cfile "C:\mcuproject\xj\S2_V3_1101B_SOP14\PWM.c(285):"
00001Dr    1 [01]  7D 07        [00]  SWAP 0x3D  ; A
------     1 [--]               [00]  .stabn 68,0,286,L299
------     1 [--]               [00]  L299:
------     1 [--]               [00]  .cfile "C:\mcuproject\xj\S2_V3_1101B_SOP14\PWM.c(286):"
00001Er    1 [01]  3D 07        [00]  SWAPA 0x3D
------     1 [--]               [00]  .stabn 68,0,288,L300
------     1 [--]               [00]  L300:
------     1 [--]               [00]  .stabn 224,0,0,L301
------     1 [--]               [00]  L301:
------     1 [--]               [00]  L$268:
00001Fr    1 [01]  13 00        [00]  reti
------     1 [--]               [00]  .STACK interrupt_bp,local,0
------     1 [--]               [00]  public _interrupt_l
------     1 [--]               [00]  public interrupt_l_bp
------     1 [--]               [00]  .stabs "interrupt_l:F15",36,0,0,_interrupt_l
------     1 [--]               [00]  .section ".S7",C_CODE
------     1 [--]               [00]  .SYMDEF ".S7" LOWINT:0,8
------     1 [--]               [00]  _interrupt_l:
------     1 [--]               [00]  .SYMDEF "_interrupt_l" LOWINT:0,8
------     1 [--]               [00]  .stabn 192,0,0,L303
------     1 [--]               [00]  L303:
------     1 [--]               [00]  .stabn 68,0,293,L304
------     1 [--]               [00]  L304:
------     1 [--]               [00]  .stabn 68,0,295,L305
------     1 [--]               [00]  L305:
------     1 [--]               [00]  .stabn 224,0,0,L306
------     1 [--]               [00]  L306:
------     1 [--]               [00]  L$302:
000008r    1 [01]  13 00        [00]  reti
------     1 [--]               [00]  .STACK interrupt_l_bp,local,0
------     1 [--]               [00]  .section ".bss"
------     1 [--]               [00]  .align 1
------     1 [--]               [00]  _longPressFlag:
------     1 [--]               [00]  .SYMDEF "_longPressFlag" BANK:0,BIT:1,32,LEN:1
000000r    1 [--]  xx           [00]  ds 1
------     1 [--]               [00]  .stabs "longPressFlag:S16",40,0,0,_longPressFlag
------     1 [--]               [00]  .align 1
------     1 [--]               [00]  _IntFlag:
------     1 [--]               [00]  .SYMDEF "_IntFlag" BANK:0,BIT:0,32,LEN:1
000001r    1 [--]  xx           [00]  ds 1
------     1 [--]               [00]  .stabs "IntFlag:S16",40,0,0,_IntFlag
------     1 [--]               [00]  public _Status
------     1 [--]               [00]  .align 1
------     1 [--]               [00]  _Status:
------     1 [--]               [00]  .SYMDEF "_Status" BANK:0,32,LEN:1
000002r    1 [--]  xx           [00]  ds 1
------     1 [--]               [00]  .stabs "Status:G10",32,0,0,_Status
------     1 [--]               [00]  .align 1
------     1 [--]               [00]  _TCIF:
------     1 [--]               [00]  .SYMDEF "_TCIF" REG:0,BIT:0,15,LEN:1
000003r    1 [--]  xx           [00]  ds 1
------     1 [--]               [00]  .stabs "TCIF:S16",40,0,0,_TCIF
------     1 [--]               [00]  .align 1
------     1 [--]               [00]  _ICIF:
------     1 [--]               [00]  .SYMDEF "_ICIF" REG:0,BIT:1,15,LEN:1
000004r    1 [--]  xx           [00]  ds 1
------     1 [--]               [00]  .stabs "ICIF:S16",40,0,0,_ICIF
------     1 [--]               [00]  .align 1
------     1 [--]               [00]  _EXIF:
------     1 [--]               [00]  .SYMDEF "_EXIF" REG:0,BIT:2,15,LEN:1
000005r    1 [--]  xx           [00]  ds 1
------     1 [--]               [00]  .stabs "EXIF:S16",40,0,0,_EXIF
------     1 [--]               [00]  .align 1
------     1 [--]               [00]  _P60:
------     1 [--]               [00]  .SYMDEF "_P60" REG:0,BIT:0,6,LEN:1
000006r    1 [--]  xx           [00]  ds 1
------     1 [--]               [00]  .stabs "P60:S16",40,0,0,_P60
------     1 [--]               [00]  .align 1
------     1 [--]               [00]  _P61:
------     1 [--]               [00]  .SYMDEF "_P61" REG:0,BIT:1,6,LEN:1
000007r    1 [--]  xx           [00]  ds 1
------     1 [--]               [00]  .stabs "P61:S16",40,0,0,_P61
------     1 [--]               [00]  .align 1
------     1 [--]               [00]  _P62:
------     1 [--]               [00]  .SYMDEF "_P62" REG:0,BIT:2,6,LEN:1
000008r    1 [--]  xx           [00]  ds 1
------     1 [--]               [00]  .stabs "P62:S16",40,0,0,_P62
------     1 [--]               [00]  .align 1
------     1 [--]               [00]  _P63:
------     1 [--]               [00]  .SYMDEF "_P63" REG:0,BIT:3,6,LEN:1
000009r    1 [--]  xx           [00]  ds 1
------     1 [--]               [00]  .stabs "P63:S16",40,0,0,_P63
------     1 [--]               [00]  .align 1
------     1 [--]               [00]  _P64:
------     1 [--]               [00]  .SYMDEF "_P64" REG:0,BIT:4,6,LEN:1
00000Ar    1 [--]  xx           [00]  ds 1
------     1 [--]               [00]  .stabs "P64:S16",40,0,0,_P64
------     1 [--]               [00]  .align 1
------     1 [--]               [00]  _P65:
------     1 [--]               [00]  .SYMDEF "_P65" REG:0,BIT:5,6,LEN:1
00000Br    1 [--]  xx           [00]  ds 1
------     1 [--]               [00]  .stabs "P65:S16",40,0,0,_P65
------     1 [--]               [00]  .align 1
------     1 [--]               [00]  _P66:
------     1 [--]               [00]  .SYMDEF "_P66" REG:0,BIT:6,6,LEN:1
00000Cr    1 [--]  xx           [00]  ds 1
------     1 [--]               [00]  .stabs "P66:S16",40,0,0,_P66
------     1 [--]               [00]  .align 1
------     1 [--]               [00]  _P67:
------     1 [--]               [00]  .SYMDEF "_P67" REG:0,BIT:7,6,LEN:1
00000Dr    1 [--]  xx           [00]  ds 1
------     1 [--]               [00]  .stabs "P67:S16",40,0,0,_P67
------     1 [--]               [00]  .align 1
------     1 [--]               [00]  _P50:
------     1 [--]               [00]  .SYMDEF "_P50" REG:0,BIT:0,5,LEN:1
00000Er    1 [--]  xx           [00]  ds 1
------     1 [--]               [00]  .stabs "P50:S16",40,0,0,_P50
------     1 [--]               [00]  .align 1
------     1 [--]               [00]  _P51:
------     1 [--]               [00]  .SYMDEF "_P51" REG:0,BIT:1,5,LEN:1
00000Fr    1 [--]  xx           [00]  ds 1
------     1 [--]               [00]  .stabs "P51:S16",40,0,0,_P51
------     1 [--]               [00]  .align 1
------     1 [--]               [00]  _P52:
------     1 [--]               [00]  .SYMDEF "_P52" REG:0,BIT:2,5,LEN:1
000010r    1 [--]  xx           [00]  ds 1
------     1 [--]               [00]  .stabs "P52:S16",40,0,0,_P52
------     1 [--]               [00]  .align 1
------     1 [--]               [00]  _P53:
------     1 [--]               [00]  .SYMDEF "_P53" REG:0,BIT:3,5,LEN:1
000011r    1 [--]  xx           [00]  ds 1
------     1 [--]               [00]  .stabs "P53:S16",40,0,0,_P53
------     1 [--]               [00]  .align 1
------     1 [--]               [00]  _C:
------     1 [--]               [00]  .SYMDEF "_C" REG:0,BIT:0,3,LEN:1
000012r    1 [--]  xx           [00]  ds 1
------     1 [--]               [00]  .stabs "C:S16",40,0,0,_C
------     1 [--]               [00]  .align 1
------     1 [--]               [00]  _DC:
------     1 [--]               [00]  .SYMDEF "_DC" REG:0,BIT:1,3,LEN:1
000013r    1 [--]  xx           [00]  ds 1
------     1 [--]               [00]  .stabs "DC:S16",40,0,0,_DC
------     1 [--]               [00]  .align 1
------     1 [--]               [00]  _Z:
------     1 [--]               [00]  .SYMDEF "_Z" REG:0,BIT:2,3,LEN:1
000014r    1 [--]  xx           [00]  ds 1
------     1 [--]               [00]  .stabs "Z:S16",40,0,0,_Z
------     1 [--]               [00]  .align 1
------     1 [--]               [00]  _P:
------     1 [--]               [00]  .SYMDEF "_P" REG:0,BIT:3,3,LEN:1
000015r    1 [--]  xx           [00]  ds 1
------     1 [--]               [00]  .stabs "P:S16",40,0,0,_P
------     1 [--]               [00]  .align 1
------     1 [--]               [00]  _T:
------     1 [--]               [00]  .SYMDEF "_T" REG:0,BIT:4,3,LEN:1
000016r    1 [--]  xx           [00]  ds 1
------     1 [--]               [00]  .stabs "T:S16",40,0,0,_T
------     1 [--]               [00]  .align 1
------     1 [--]               [00]  _GP0:
------     1 [--]               [00]  .SYMDEF "_GP0" REG:0,BIT:5,3,LEN:1
000017r    1 [--]  xx           [00]  ds 1
------     1 [--]               [00]  .stabs "GP0:S16",40,0,0,_GP0
------     1 [--]               [00]  .align 1
------     1 [--]               [00]  _GP1:
------     1 [--]               [00]  .SYMDEF "_GP1" REG:0,BIT:6,3,LEN:1
000018r    1 [--]  xx           [00]  ds 1
------     1 [--]               [00]  .stabs "GP1:S16",40,0,0,_GP1
------     1 [--]               [00]  .align 1
------     1 [--]               [00]  _RST:
------     1 [--]               [00]  .SYMDEF "_RST" REG:0,BIT:7,3,LEN:1
000019r    1 [--]  xx           [00]  ds 1
------     1 [--]               [00]  .stabs "RST:S16",40,0,0,_RST
------     1 [--]               [00]  .align 1
------     1 [--]               [00]  _IMR:
------     1 [--]               [00]  .SYMDEF "_IMR" IO:0,15,LEN:1
00001Ar    1 [--]  xx           [00]  ds 1
------     1 [--]               [00]  .stabs "IMR:S14",40,0,0,_IMR
------     1 [--]               [00]  .align 1
------     1 [--]               [00]  _WDTCR:
------     1 [--]               [00]  .SYMDEF "_WDTCR" IO:0,14,LEN:1
00001Br    1 [--]  xx           [00]  ds 1
------     1 [--]               [00]  .stabs "WDTCR:S14",40,0,0,_WDTCR
------     1 [--]               [00]  .align 1
------     1 [--]               [00]  _PHCR:
------     1 [--]               [00]  .SYMDEF "_PHCR" IO:0,13,LEN:1
00001Cr    1 [--]  xx           [00]  ds 1
------     1 [--]               [00]  .stabs "PHCR:S14",40,0,0,_PHCR
------     1 [--]               [00]  .align 1
------     1 [--]               [00]  _PDCR:
------     1 [--]               [00]  .SYMDEF "_PDCR" IO:0,11,LEN:1
00001Dr    1 [--]  xx           [00]  ds 1
------     1 [--]               [00]  .stabs "PDCR:S14",40,0,0,_PDCR
------     1 [--]               [00]  .align 1
------     1 [--]               [00]  _PHDCR:
------     1 [--]               [00]  .SYMDEF "_PHDCR" IO:0,9,LEN:1
00001Er    1 [--]  xx           [00]  ds 1
------     1 [--]               [00]  .stabs "PHDCR:S14",40,0,0,_PHDCR
------     1 [--]               [00]  .align 1
------     1 [--]               [00]  _P6CR:
------     1 [--]               [00]  .SYMDEF "_P6CR" IO:0,6,LEN:1
00001Fr    1 [--]  xx           [00]  ds 1
------     1 [--]               [00]  .stabs "P6CR:S14",40,0,0,_P6CR
------     1 [--]               [00]  .align 1
------     1 [--]               [00]  _P5CR:
------     1 [--]               [00]  .SYMDEF "_P5CR" IO:0,5,LEN:1
000020r    1 [--]  xx           [00]  ds 1
------     1 [--]               [00]  .stabs "P5CR:S14",40,0,0,_P5CR
------     1 [--]               [00]  .align 1
------     1 [--]               [00]  _ISR:
------     1 [--]               [00]  .SYMDEF "_ISR" REG:0,15,LEN:1
000021r    1 [--]  xx           [00]  ds 1
------     1 [--]               [00]  .stabs "ISR:S14",40,0,0,_ISR
------     1 [--]               [00]  .align 1
------     1 [--]               [00]  _CPUCON:
------     1 [--]               [00]  .SYMDEF "_CPUCON" REG:0,14,LEN:1
000022r    1 [--]  xx           [00]  ds 1
------     1 [--]               [00]  .stabs "CPUCON:S14",40,0,0,_CPUCON
------     1 [--]               [00]  .align 1
------     1 [--]               [00]  _ICIECR:
------     1 [--]               [00]  .SYMDEF "_ICIECR" REG:0,13,LEN:1
000023r    1 [--]  xx           [00]  ds 1
------     1 [--]               [00]  .stabs "ICIECR:S14",40,0,0,_ICIECR
------     1 [--]               [00]  .align 1
------     1 [--]               [00]  _PDC3:
------     1 [--]               [00]  .SYMDEF "_PDC3" REG:0,12,LEN:1
000024r    1 [--]  xx           [00]  ds 1
------     1 [--]               [00]  .stabs "PDC3:S14",40,0,0,_PDC3
------     1 [--]               [00]  .align 1
------     1 [--]               [00]  _PDC2:
------     1 [--]               [00]  .SYMDEF "_PDC2" REG:0,11,LEN:1
000025r    1 [--]  xx           [00]  ds 1
------     1 [--]               [00]  .stabs "PDC2:S14",40,0,0,_PDC2
------     1 [--]               [00]  .align 1
------     1 [--]               [00]  _PDC1:
------     1 [--]               [00]  .SYMDEF "_PDC1" REG:0,10,LEN:1
000026r    1 [--]  xx           [00]  ds 1
------     1 [--]               [00]  .stabs "PDC1:S14",40,0,0,_PDC1
------     1 [--]               [00]  .align 1
------     1 [--]               [00]  _PRD:
------     1 [--]               [00]  .SYMDEF "_PRD" REG:0,9,LEN:1
000027r    1 [--]  xx           [00]  ds 1
------     1 [--]               [00]  .stabs "PRD:S14",40,0,0,_PRD
------     1 [--]               [00]  .align 1
------     1 [--]               [00]  _PWMCON:
------     1 [--]               [00]  .SYMDEF "_PWMCON" REG:0,8,LEN:1
000028r    1 [--]  xx           [00]  ds 1
------     1 [--]               [00]  .stabs "PWMCON:S14",40,0,0,_PWMCON
------     1 [--]               [00]  .align 1
------     1 [--]               [00]  _LVDCON:
------     1 [--]               [00]  .SYMDEF "_LVDCON" REG:0,6,LEN:1
000029r    1 [--]  xx           [00]  ds 1
------     1 [--]               [00]  .stabs "LVDCON:S14",40,0,0,_LVDCON
------     1 [--]               [00]  .align 1
------     1 [--]               [00]  _PORT6:
------     1 [--]               [00]  .SYMDEF "_PORT6" REG:0,6,LEN:1
00002Ar    1 [--]  xx           [00]  ds 1
------     1 [--]               [00]  .stabs "PORT6:S14",40,0,0,_PORT6
------     1 [--]               [00]  .align 1
------     1 [--]               [00]  _PORT5:
------     1 [--]               [00]  .SYMDEF "_PORT5" REG:0,5,LEN:1
00002Br    1 [--]  xx           [00]  ds 1
------     1 [--]               [00]  .stabs "PORT5:S14",40,0,0,_PORT5
------     1 [--]               [00]  .align 1
------     1 [--]               [00]  _RSR:
------     1 [--]               [00]  .SYMDEF "_RSR" REG:0,4,LEN:1
00002Cr    1 [--]  xx           [00]  ds 1
------     1 [--]               [00]  .stabs "RSR:S14",40,0,0,_RSR
------     1 [--]               [00]  .align 1
------     1 [--]               [00]  _STATUS:
------     1 [--]               [00]  .SYMDEF "_STATUS" REG:0,3,LEN:1
00002Dr    1 [--]  xx           [00]  ds 1
------     1 [--]               [00]  .stabs "STATUS:S14",40,0,0,_STATUS
------     1 [--]               [00]  .align 1
------     1 [--]               [00]  _PC:
------     1 [--]               [00]  .SYMDEF "_PC" REG:0,2,LEN:1
00002Er    1 [--]  xx           [00]  ds 1
------     1 [--]               [00]  .stabs "PC:S14",40,0,0,_PC
------     1 [--]               [00]  .align 1
------     1 [--]               [00]  _TCC:
------     1 [--]               [00]  .SYMDEF "_TCC" REG:0,1,LEN:1
00002Fr    1 [--]  xx           [00]  ds 1
------     1 [--]               [00]  .stabs "TCC:S14",40,0,0,_TCC
------     1 [--]               [00]  .align 1
------     1 [--]               [00]  _R0:
------     1 [--]               [00]  .SYMDEF "_R0" REG:0,0,LEN:1
000030r    1 [--]  xx           [00]  ds 1
------     1 [--]               [00]  .stabs "R0:S14",40,0,0,_R0
------     1 [--]               [00]  .stabs "u16t:t14",128,0,0,0
------     1 [--]               [00]  .stabs "u8t:t10",128,0,0,0
------     1 [--]               [00]  .section ".code"
------     1 [--]               [00]  end
------     1 [--]               [00]  

	** End of list file C:\mcuproject\xj\S2_V3_1101B_SOP14\PWM.lst **