ias78II.exe v2.0.100.101b - The macro assembler for EM78 series.
Copyright (C) ELAN Microelectronic Corp. 2003-2008. All rights reserved.
Main file : PWM.s

File list:
   1 ----  C:\mcuproject\xj\S21_1101B_SOP14\PWM.s
   2 ----  C:\Program Files (x86)\ELAN\eUIDE\Bin\Include\sysdefii.inc


The format of a listing line is:
  XXXXXXm FFFF [TT]  11 22 33 44  [DD]  Source code
Where:
  XXXXXX   is the PC
  m        is the mode ('r' or empty)
  FFFF     is the file name
  [TT]     is the CPU clock
  11 ..    are code or data bytes
  [DD]     depth of IFDEF and ENDIF (The depth or empty)


------     1 [--]               [00]  .autoimport
------     1 [--]               [00]  EM78P153B EQU 1
------     1 [--]               [00]  _SIMPLE_RSR_ EQU 1
------     1 [--]               [00]  .include "sysdefii.inc"
------     2 [--]               [00]  
------     1 [--]               [00]  ccounter equ pr1
------     1 [--]               [00]  .stabs "icc_compiled.",60,0,0,0
------     1 [--]               [00]  .stabs "C:\mcuproject\xj\S21_1101B_SOP14\PWM.c",100,0,3,0
------     1 [--]               [00]  .stabs "int:t1=r1;-128;127;",128,0,0,0
------     1 [--]               [00]  .stabs "char:t2=r2;-128;127;",128,0,0,0
------     1 [--]               [00]  .stabs "double:t3=r1;3;0;",128,0,0,0
------     1 [--]               [00]  .stabs "float:t4=r1;3;0;",128,0,0,0
------     1 [--]               [00]  .stabs "long double:t5=r1;3;0;",128,0,0,0
------     1 [--]               [00]  .stabs "long:t6=r1;-2147483648;2147483647;",128,0,0,0
------     1 [--]               [00]  .stabs "long long:t7=r1;-2147483648;2147483647;",128,0,0,0
------     1 [--]               [00]  .stabs "short:t8=r1;-32768;32767;",128,0,0,0
------     1 [--]               [00]  .stabs "signed char:t9=r1;-128;127;",128,0,0,0
------     1 [--]               [00]  .stabs "unsigned char:t10=r1;0;255;",128,0,0,0
------     1 [--]               [00]  .stabs "unsigned long:t11=r1;0;4294967295;",128,0,0,0
------     1 [--]               [00]  .stabs "unsigned long long:t12=r1;0;4294967295;",128,0,0,0
------     1 [--]               [00]  .stabs "unsigned short:t13=r1;0;65535;",128,0,0,0
------     1 [--]               [00]  .stabs "unsigned int:t14=r1;0;255;",128,0,0,0
------     1 [--]               [00]  .stabs "void:t15=15",128,0,0,0
------     1 [--]               [00]  .stabs "bit:t16=r16;0;1;",128,0,0,0
------     1 [--]               [00]  .section ".data"
------     1 [--]               [00]  public _intCount
------     1 [--]               [00]  .align 1
------     1 [--]               [00]  _intCount:
------     1 [--]               [00]  .SYMDEF "_intCount" LEN:1
000000r    1 [--]  00 00        [00]  db 0x0
------     1 [--]               [00]  .stabs "intCount:G10",32,0,0,_intCount
------     1 [--]               [00]  public _duty
------     1 [--]               [00]  .align 1
------     1 [--]               [00]  _duty:
------     1 [--]               [00]  .SYMDEF "_duty" LEN:1
000002r    1 [--]  -- --        [00]  db 0x0
------     1 [--]               [00]  .stabs "duty:G10",32,0,0,_duty
------     1 [--]               [00]  public _int2Count
------     1 [--]               [00]  .align 1
------     1 [--]               [00]  _int2Count:
------     1 [--]               [00]  .SYMDEF "_int2Count" LEN:1
000004r    1 [--]  00 00        [00]  db 0x0
------     1 [--]               [00]  .stabs "int2Count:G10",32,0,0,_int2Count
------     1 [--]               [00]  public _count1s
------     1 [--]               [00]  .align 1
------     1 [--]               [00]  _count1s:
------     1 [--]               [00]  .SYMDEF "_count1s" LEN:1
000006r    1 [--]  -- --        [00]  db 0x0
------     1 [--]               [00]  .stabs "count1s:G10",32,0,0,_count1s
------     1 [--]               [00]  public _count1min
------     1 [--]               [00]  .align 1
------     1 [--]               [00]  _count1min:
------     1 [--]               [00]  .SYMDEF "_count1min" LEN:1
000008r    1 [--]  00 00        [00]  db 0x0
------     1 [--]               [00]  .stabs "count1min:G10",32,0,0,_count1min
------     1 [--]               [00]  public _count900s
------     1 [--]               [00]  .align 1
------     1 [--]               [00]  _count900s:
------     1 [--]               [00]  .SYMDEF "_count900s" LEN:1
00000Ar    1 [--]  -- --        [00]  db 0x0
------     1 [--]               [00]  .stabs "count900s:G10",32,0,0,_count900s
------     1 [--]               [00]  public _workStep
------     1 [--]               [00]  .align 1
------     1 [--]               [00]  _workStep:
------     1 [--]               [00]  .SYMDEF "_workStep" LEN:1
00000Cr    1 [--]  00 00        [00]  db 0x0
------     1 [--]               [00]  .stabs "workStep:G10",32,0,0,_workStep
------     1 [--]               [00]  public _keyCount
------     1 [--]               [00]  .align 1
------     1 [--]               [00]  _keyCount:
------     1 [--]               [00]  .SYMDEF "_keyCount" LEN:1
00000Er    1 [--]  -- --        [00]  db 0x0
------     1 [--]               [00]  .stabs "keyCount:G10",32,0,0,_keyCount
------     1 [--]               [00]  public _pwmCount
------     1 [--]               [00]  .align 1
------     1 [--]               [00]  _pwmCount:
------     1 [--]               [00]  .SYMDEF "_pwmCount" LEN:1
000010r    1 [--]  00 00        [00]  db 0x0
------     1 [--]               [00]  .stabs "pwmCount:G10",32,0,0,_pwmCount
------     1 [--]               [00]  public _ledStep
------     1 [--]               [00]  .align 1
------     1 [--]               [00]  _ledStep:
------     1 [--]               [00]  .SYMDEF "_ledStep" LEN:1
000012r    1 [--]  -- --        [00]  db 0x0
------     1 [--]               [00]  .stabs "ledStep:G10",32,0,0,_ledStep
------     1 [--]               [00]  public _ledCount
------     1 [--]               [00]  .align 1
------     1 [--]               [00]  _ledCount:
------     1 [--]               [00]  .SYMDEF "_ledCount" LEN:1
000014r    1 [--]  00 00        [00]  db 0x0
------     1 [--]               [00]  .stabs "ledCount:G10",32,0,0,_ledCount
------     1 [--]               [00]  public _chrgCount
------     1 [--]               [00]  .align 1
------     1 [--]               [00]  _chrgCount:
------     1 [--]               [00]  .SYMDEF "_chrgCount" LEN:1
000016r    1 [--]  -- --        [00]  db 0x0
------     1 [--]               [00]  .stabs "chrgCount:G10",32,0,0,_chrgCount
------     1 [--]               [00]  public _main
------     1 [--]               [00]  public main_bp
------     1 [--]               [00]  .section ".code"
------     1 [--]               [00]  .stabs "main:F15",36,0,0,_main
------     1 [--]               [00]  .section ".S0",C_CODE
------     1 [--]               [00]  .SYMDEF ".S0" 
------     1 [--]               [00]  _main:
------     1 [--]               [00]  .SYMDEF "_main" 
------     1 [--]               [00]  .stabs "i:14",128,0,0,main_bp-1
------     1 [--]               [00]  .stabn 192,0,0,L24
------     1 [--]               [00]  L24:
------     1 [--]               [00]  .stabn 68,0,55,L26
------     1 [--]               [00]  L26:
------     1 [--]               [00]  .stabn 68,0,59,L27
------     1 [--]               [00]  L27:
------     1 [--]               [00]  .cfile "C:\mcuproject\xj\S21_1101B_SOP14\PWM.c(59):"
000000r    1 [01]  04 00        [00]  wdtc
------     1 [--]               [00]  .stabn 68,0,59,L28
------     1 [--]               [00]  L28:
------     1 [--]               [00]  .stabn 68,0,60,L29
------     1 [--]               [00]  L29:
------     1 [--]               [00]  .cfile "C:\mcuproject\xj\S21_1101B_SOP14\PWM.c(60):"
000001r    1 [01]  11 00        [00]  disi
------     1 [--]               [00]  .stabn 68,0,60,L30
------     1 [--]               [00]  L30:
------     1 [--]               [00]  .stabn 68,0,61,L31
------     1 [--]               [00]  L31:
000002r    1 [01]  80 18        [00]  mov a,@128
000003r    1 [01]  00 00 r      [00]  STA _WDTCR,0,2
------     1 [--]               [00]  .stabn 68,0,62,L32
------     1 [--]               [00]  L32:
000004r    1 [01]  C0 00 r      [00]  clr _workStep
------     1 [--]               [00]  .stabn 68,0,63,L33
------     1 [--]               [00]  L33:
000005r    1 [01]  AD 18        [00]  mov a,@173
000006r    1 [01]  40 00 r      [00]  STA _LVDCON,0,0
------     1 [--]               [00]  .stabn 68,0,64,L34
------     1 [--]               [00]  L34:
000007r    1 [01]  00 10 r      [00]  call _IO_Init
------     1 [--]               [00]  .stabn 68,0,65,L35
------     1 [--]               [00]  L35:
000008r    1 [01]  CE 18        [00]  mov a,@206
000009r    1 [01]  40 00 r      [00]  STA _TCC,0,0
------     1 [--]               [00]  .stabn 68,0,66,L36
------     1 [--]               [00]  L36:
00000Ar    1 [01]  C0 00 r      [00]  clr _ISR
------     1 [--]               [00]  .stabn 68,0,67,L37
------     1 [--]               [00]  L37:
00000Br    1 [01]  01 18        [00]  mov a,@1
00000Cr    1 [01]  00 00 r      [00]  STA _IMR,0,2
------     1 [--]               [00]  .stabn 68,0,68,L38
------     1 [--]               [00]  L38:
00000Dr    1 [01]  C0 00 r      [00]  clr _duty
------     1 [--]               [00]  .stabn 68,0,69,L39
------     1 [--]               [00]  L39:
------     1 [--]               [00]  .cfile "C:\mcuproject\xj\S21_1101B_SOP14\PWM.c(69):"
00000Er    1 [01]  10 00        [00]  eni
------     1 [--]               [00]  .stabn 68,0,69,L40
------     1 [--]               [00]  L40:
------     1 [--]               [00]  .stabn 68,0,72,L41
------     1 [--]               [00]  L41:
------     1 [--]               [00]  L$2:
------     1 [--]               [00]  .stabn 192,0,1,L42
------     1 [--]               [00]  L42:
------     1 [--]               [00]  .stabn 68,0,73,L43
------     1 [--]               [00]  L43:
------     1 [--]               [00]  .stabn 68,0,75,L44
------     1 [--]               [00]  L44:
00000Fr    1 [01]  06 18 r      [00]  ULTRIB _workStep,0x6
           1 [01]  00 01 r      [00]  
000011r    1 [01]  03 0C        [00]  jbc STATUS, cf
000012r    1 [01]  00 14 r      [00]  EXTJMP L$6
------     1 [--]               [00]  .stabn 192,0,2,L45
------     1 [--]               [00]  L45:
------     1 [--]               [00]  .stabn 68,0,76,L46
------     1 [--]               [00]  L46:
------     1 [--]               [00]  .stabn 68,0,77,L47
------     1 [--]               [00]  L47:
000013r    1 [01]  00 08 r      [00]  bc _P50,0
------     1 [--]               [00]  .stabn 68,0,78,L48
------     1 [--]               [00]  L48:
------     1 [--]               [00]  .cfile "C:\mcuproject\xj\S21_1101B_SOP14\PWM.c(78):"
000014r    1 [01]  00 00        [00]  nop
------     1 [--]               [00]  .stabn 68,0,78,L49
------     1 [--]               [00]  L49:
------     1 [--]               [00]  .stabn 68,0,79,L50
------     1 [--]               [00]  L50:
------     1 [--]               [00]  .cfile "C:\mcuproject\xj\S21_1101B_SOP14\PWM.c(79):"
000015r    1 [01]  00 00        [00]  nop
------     1 [--]               [00]  .stabn 68,0,79,L51
------     1 [--]               [00]  L51:
------     1 [--]               [00]  .stabn 68,0,80,L52
------     1 [--]               [00]  L52:
------     1 [--]               [00]  .cfile "C:\mcuproject\xj\S21_1101B_SOP14\PWM.c(80):"
000016r    1 [01]  00 00        [00]  nop
------     1 [--]               [00]  .stabn 68,0,80,L53
------     1 [--]               [00]  L53:
------     1 [--]               [00]  .stabn 68,0,81,L54
------     1 [--]               [00]  L54:
000017r    1 [01]  00 08 r      [00]  bc _P50,0
------     1 [--]               [00]  .stabn 68,0,82,L55
------     1 [--]               [00]  L55:
------     1 [--]               [00]  .stabn 224,0,2,L56
------     1 [--]               [00]  L56:
------     1 [--]               [00]  L$6:
------     1 [--]               [00]  .stabn 68,0,83,L57
------     1 [--]               [00]  L57:
000018r    1 [01]  FF 00 r      [00]  clr main_bp-1
000019r    1 [01]  00 14 r      [00]  jmp @L$11
------     1 [--]               [00]  L$8:
------     1 [--]               [00]  .stabn 192,0,2,L58
------     1 [--]               [00]  L58:
------     1 [--]               [00]  .stabn 68,0,84,L59
------     1 [--]               [00]  L59:
------     1 [--]               [00]  .stabn 68,0,85,L60
------     1 [--]               [00]  L60:
00001Ar    1 [01]  00 0A r      [00]  bs _P50,0
------     1 [--]               [00]  .stabn 68,0,86,L61
------     1 [--]               [00]  L61:
------     1 [--]               [00]  .cfile "C:\mcuproject\xj\S21_1101B_SOP14\PWM.c(86):"
00001Br    1 [01]  00 00        [00]  nop
------     1 [--]               [00]  .stabn 68,0,86,L62
------     1 [--]               [00]  L62:
------     1 [--]               [00]  .stabn 68,0,87,L63
------     1 [--]               [00]  L63:
------     1 [--]               [00]  .stabn 224,0,2,L64
------     1 [--]               [00]  L64:
------     1 [--]               [00]  L$9:
------     1 [--]               [00]  .stabn 68,0,83,L65
------     1 [--]               [00]  L65:
00001Cr    1 [01]  7F 05 r      [00]  LDA main_bp-1,0,0
00001Dr    1 [--]  -- --        [00]  add a,@1
00001Er    1 [--]  -- --        [00]  STA main_bp-1,0,0
------     1 [--]               [00]  L$11:
------     1 [--]               [00]  .stabn 68,0,83,L66
------     1 [--]               [00]  L66:
00001Fr    1 [01]  00 04 r      [00]  ULTRRB main_bp-1,_duty
           1 [01]  3F 01 r      [00]  
000021r    1 [01]  03 0E        [00]  jbs STATUS,cf
000022r    1 [01]  00 14 r      [00]  EXTJMP @L$8
------     1 [--]               [00]  .stabn 68,0,88,L67
------     1 [--]               [00]  L67:
------     1 [--]               [00]  .cfile "C:\mcuproject\xj\S21_1101B_SOP14\PWM.c(88):"
000023r    1 [01]  04 00        [00]  wdtc
------     1 [--]               [00]  .stabn 68,0,88,L68
------     1 [--]               [00]  L68:
------     1 [--]               [00]  .stabn 68,0,89,L69
------     1 [--]               [00]  L69:
000024r    1 [01]  00 0C r      [00]  jbc _IntFlag,0
000025r    1 [01]  00 14 r      [00]  EXTJMP @L$12
------     1 [--]               [00]  .stabn 68,0,90,L70
------     1 [--]               [00]  L70:
000026r    1 [01]  00 14 r      [00]  jmp @L$2
------     1 [--]               [00]  L$12:
------     1 [--]               [00]  .stabn 68,0,91,L71
------     1 [--]               [00]  L71:
000027r    1 [01]  00 08 r      [00]  bc _IntFlag,0
------     1 [--]               [00]  .stabn 68,0,92,L72
------     1 [--]               [00]  L72:
000028r    1 [01]  00 0D r      [00]  jbc _P64,4
000029r    1 [01]  00 14 r      [00]  EXTJMP @L$14
------     1 [--]               [00]  .stabn 192,0,2,L73
------     1 [--]               [00]  L73:
------     1 [--]               [00]  .stabn 68,0,93,L74
------     1 [--]               [00]  L74:
------     1 [--]               [00]  .stabn 68,0,94,L75
------     1 [--]               [00]  L75:
00002Ar    1 [01]  00 10 r      [00]  call _keyCtr
------     1 [--]               [00]  .stabn 68,0,95,L76
------     1 [--]               [00]  L76:
00002Br    1 [01]  00 10 r      [00]  call _workCtr
------     1 [--]               [00]  .stabn 68,0,97,L77
------     1 [--]               [00]  L77:
------     1 [--]               [00]  .stabn 224,0,2,L78
------     1 [--]               [00]  L78:
00002Cr    1 [01]  00 14 r      [00]  jmp @L$15
------     1 [--]               [00]  L$14:
------     1 [--]               [00]  .stabn 192,0,2,L79
------     1 [--]               [00]  L79:
------     1 [--]               [00]  .stabn 68,0,99,L80
------     1 [--]               [00]  L80:
------     1 [--]               [00]  .stabn 68,0,100,L81
------     1 [--]               [00]  L81:
00002Dr    1 [01]  00 08 r      [00]  bc _P50,0
------     1 [--]               [00]  .stabn 68,0,101,L82
------     1 [--]               [00]  L82:
00002Er    1 [01]  C0 00 r      [00]  clr _duty
------     1 [--]               [00]  .stabn 68,0,102,L83
------     1 [--]               [00]  L83:
00002Fr    1 [01]  C0 00 r      [00]  clr _workStep
------     1 [--]               [00]  .stabn 68,0,103,L84
------     1 [--]               [00]  L84:
000030r    1 [01]  C0 00 r      [00]  clr _count900s
------     1 [--]               [00]  .stabn 68,0,105,L85
------     1 [--]               [00]  L85:
000031r    1 [01]  00 10 r      [00]  call _chrgCtr
------     1 [--]               [00]  .stabn 68,0,106,L86
------     1 [--]               [00]  L86:
------     1 [--]               [00]  .stabn 224,0,2,L87
------     1 [--]               [00]  L87:
------     1 [--]               [00]  L$15:
------     1 [--]               [00]  .stabn 68,0,108,L88
------     1 [--]               [00]  L88:
000032r    1 [01]  40 04 r      [00]  EQNEPRIB _workStep,0
000033r    1 [01]  83 0C        [00]  jbc STATUS,zf
000034r    1 [01]  00 14 r      [00]  EXTJMP @L$2
------     1 [--]               [00]  .stabn 192,0,2,L89
------     1 [--]               [00]  L89:
------     1 [--]               [00]  .stabn 68,0,109,L90
------     1 [--]               [00]  L90:
------     1 [--]               [00]  .stabn 68,0,110,L91
------     1 [--]               [00]  L91:
000035r    1 [01]  40 05 r      [00]  LDA _count1s,0,0
000036r    1 [--]  -- --        [00]  mov ecx,a
000037r    1 [--]  -- --        [00]  mov a,@1
000038r    1 [--]  -- --        [00]  add ecx,a
000039r    1 [--]  -- --        [00]  mov a,ecx
00003Ar    1 [--]  -- --        [00]  STA _count1s,0,0
00003Br    1 [01]  64 18 r      [00]  ULTRIB ecx,0x64
           1 [01]  00 01 r      [00]  
00003Dr    1 [01]  03 0E        [00]  jbs STATUS, cf
00003Er    1 [01]  00 14 r      [00]  EXTJMP L$18
------     1 [--]               [00]  .stabn 192,0,3,L92
------     1 [--]               [00]  L92:
------     1 [--]               [00]  .stabn 68,0,111,L93
------     1 [--]               [00]  L93:
------     1 [--]               [00]  .stabn 68,0,112,L94
------     1 [--]               [00]  L94:
00003Fr    1 [01]  C0 00 r      [00]  clr _count1s
------     1 [--]               [00]  .stabn 68,0,113,L95
------     1 [--]               [00]  L95:
000040r    1 [01]  40 05 r      [00]  LDA _count1min,0,0
000041r    1 [--]  -- --        [00]  mov ecx,a
000042r    1 [--]  -- --        [00]  mov a,@1
000043r    1 [--]  -- --        [00]  add ecx,a
000044r    1 [--]  -- --        [00]  mov a,ecx
000045r    1 [--]  -- --        [00]  STA _count1min,0,0
000046r    1 [01]  3C 18 r      [00]  ULTRIB ecx,0x3c
           1 [01]  00 01 r      [00]  
000048r    1 [01]  03 0E        [00]  jbs STATUS, cf
000049r    1 [01]  00 14 r      [00]  EXTJMP L$20
------     1 [--]               [00]  .stabn 192,0,4,L96
------     1 [--]               [00]  L96:
------     1 [--]               [00]  .stabn 68,0,114,L97
------     1 [--]               [00]  L97:
------     1 [--]               [00]  .stabn 68,0,115,L98
------     1 [--]               [00]  L98:
00004Ar    1 [01]  C0 00 r      [00]  clr _count1min
------     1 [--]               [00]  .stabn 68,0,116,L99
------     1 [--]               [00]  L99:
00004Br    1 [01]  40 05 r      [00]  LDA _count900s,0,0
00004Cr    1 [--]  -- --        [00]  add a,@1
00004Dr    1 [--]  -- --        [00]  STA _count900s,0,0
------     1 [--]               [00]  .stabn 68,0,117,L100
------     1 [--]               [00]  L100:
------     1 [--]               [00]  .stabn 224,0,4,L101
------     1 [--]               [00]  L101:
------     1 [--]               [00]  L$20:
------     1 [--]               [00]  .stabn 68,0,119,L102
------     1 [--]               [00]  L102:
------     1 [--]               [00]  .stabn 224,0,3,L103
------     1 [--]               [00]  L103:
------     1 [--]               [00]  L$18:
------     1 [--]               [00]  .stabn 68,0,121,L104
------     1 [--]               [00]  L104:
00004Er    1 [01]  0F 18 r      [00]  ULTRIB _count900s,0xf
           1 [01]  00 01 r      [00]  
000050r    1 [01]  03 0E        [00]  jbs STATUS, cf
000051r    1 [01]  00 14 r      [00]  EXTJMP L$2
000052r    1 [01]  40 04 r      [00]  EQNEPRIB _keyCount,0
000053r    1 [01]  83 0E        [00]  jbs STATUS,zf
000054r    1 [01]  00 14 r      [00]  EXTJMP @L$2
------     1 [--]               [00]  .stabn 68,0,122,L105
------     1 [--]               [00]  L105:
000055r    1 [01]  00 10 r      [00]  call _gotoSleep
------     1 [--]               [00]  .stabn 68,0,123,L106
------     1 [--]               [00]  L106:
------     1 [--]               [00]  .stabn 224,0,2,L107
------     1 [--]               [00]  L107:
------     1 [--]               [00]  .stabn 68,0,126,L108
------     1 [--]               [00]  L108:
------     1 [--]               [00]  .stabn 224,0,1,L109
------     1 [--]               [00]  L109:
------     1 [--]               [00]  .stabn 68,0,72,L110
------     1 [--]               [00]  L110:
------     1 [--]               [00]  .stabn 68,0,72,L111
------     1 [--]               [00]  L111:
000056r    1 [01]  00 14 r      [00]  jmp @L$2
------     1 [--]               [00]  .stabn 68,0,128,L112
------     1 [--]               [00]  L112:
------     1 [--]               [00]  .stabn 224,0,0,L113
------     1 [--]               [00]  L113:
------     1 [--]               [00]  L$1:
000057r    1 [01]  12 00        [00]  ret
------     1 [--]               [00]  .STACK main_bp,local,1
------     1 [--]               [00]  public _chrgCtr
------     1 [--]               [00]  public chrgCtr_bp
------     1 [--]               [00]  .stabs "chrgCtr:F15",36,0,0,_chrgCtr
------     1 [--]               [00]  .section ".S1",C_CODE
------     1 [--]               [00]  .SYMDEF ".S1" 
------     1 [--]               [00]  _chrgCtr:
------     1 [--]               [00]  .SYMDEF "_chrgCtr" 
000000r    1 [01]  00 04 r      [00]  mov a,ecx
000001r    1 [01]  7C 00 r      [00]  mov chrgCtr_bp-4,a
000002r    1 [01]  01 04 r      [00]  mov a,ecx+1
000003r    1 [01]  7D 00 r      [00]  mov chrgCtr_bp-3,a
000004r    1 [01]  02 04 r      [00]  mov a,ecx+2
000005r    1 [01]  7E 00 r      [00]  mov chrgCtr_bp-2,a
000006r    1 [01]  03 04 r      [00]  mov a,ecx+3
000007r    1 [01]  7F 00 r      [00]  mov chrgCtr_bp-1,a
------     1 [--]               [00]  .stabn 192,0,0,L132
------     1 [--]               [00]  L132:
------     1 [--]               [00]  .stabn 68,0,131,L133
------     1 [--]               [00]  L133:
------     1 [--]               [00]  .stabn 68,0,133,L134
------     1 [--]               [00]  L134:
000008r    1 [01]  00 04 r      [00]  LDA _LVDCON,0,0
000009r    1 [--]  -- --        [00]  mov ecx,a
00000Ar    1 [01]  40 1A        [00]  mov a,@64
00000Br    1 [--]  -- --        [00]  and ecx,a
00000Cr    1 [--]  -- --        [00]  EQNEPRIB ecx,0
00000Dr    1 [01]  83 0C        [00]  jbc STATUS,zf
00000Er    1 [01]  00 14 r      [00]  EXTJMP @L$115
------     1 [--]               [00]  .stabn 192,0,1,L135
------     1 [--]               [00]  L135:
------     1 [--]               [00]  .stabn 68,0,134,L136
------     1 [--]               [00]  L136:
------     1 [--]               [00]  .stabn 68,0,135,L137
------     1 [--]               [00]  L137:
00000Fr    1 [01]  40 0B r      [00]  bs _P65,5
------     1 [--]               [00]  .stabn 68,0,136,L138
------     1 [--]               [00]  L138:
000010r    1 [01]  40 05 r      [00]  LDA _ledCount,0,0
000011r    1 [--]  -- --        [00]  mov ecx,a
000012r    1 [--]  -- --        [00]  mov a,@1
000013r    1 [--]  -- --        [00]  add ecx,a
000014r    1 [01]  00 04 r      [00]  mov a,ecx
000015r    1 [--]  -- --        [00]  STA _ledCount,0,0
000016r    1 [--]  -- --        [00]  UGTRIB ecx,0x32
           1 [01]  32 1D        [00]  
000018r    1 [01]  03 0C        [00]  jbc STATUS, cf
000019r    1 [01]  00 14 r      [00]  EXTJMP L$117
------     1 [--]               [00]  .stabn 192,0,2,L139
------     1 [--]               [00]  L139:
------     1 [--]               [00]  .stabn 68,0,137,L140
------     1 [--]               [00]  L140:
------     1 [--]               [00]  .stabn 68,0,138,L141
------     1 [--]               [00]  L141:
00001Ar    1 [01]  C0 00 r      [00]  clr _ledCount
------     1 [--]               [00]  .stabn 68,0,139,L142
------     1 [--]               [00]  L142:
00001Br    1 [01]  40 05 r      [00]  LDA _ledStep,0,0
00001Cr    1 [--]  -- --        [00]  mov ecx,a
00001Dr    1 [--]  -- --        [00]  mov a,@1
00001Er    1 [--]  -- --        [00]  add ecx,a
00001Fr    1 [01]  00 04 r      [00]  mov a,ecx
000020r    1 [--]  -- --        [00]  STA _ledStep,0,0
000021r    1 [--]  -- --        [00]  UGTRIB ecx,0x6
           1 [01]  06 1D        [00]  
000023r    1 [01]  03 0C        [00]  jbc STATUS, cf
000024r    1 [01]  00 14 r      [00]  EXTJMP L$119
------     1 [--]               [00]  .stabn 192,0,3,L143
------     1 [--]               [00]  L143:
------     1 [--]               [00]  .stabn 68,0,140,L144
------     1 [--]               [00]  L144:
------     1 [--]               [00]  .stabn 68,0,141,L145
------     1 [--]               [00]  L145:
000025r    1 [01]  C0 00 r      [00]  clr _ledStep
------     1 [--]               [00]  .stabn 68,0,142,L146
------     1 [--]               [00]  L146:
------     1 [--]               [00]  .stabn 224,0,3,L147
------     1 [--]               [00]  L147:
------     1 [--]               [00]  L$119:
------     1 [--]               [00]  .stabn 68,0,143,L148
------     1 [--]               [00]  L148:
------     1 [--]               [00]  .stabn 224,0,2,L149
------     1 [--]               [00]  L149:
------     1 [--]               [00]  L$117:
------     1 [--]               [00]  .stabn 68,0,144,L150
------     1 [--]               [00]  L150:
000026r    1 [01]  C0 00 r      [00]  clr _chrgCount
------     1 [--]               [00]  .stabn 68,0,145,L151
------     1 [--]               [00]  L151:
------     1 [--]               [00]  .stabn 224,0,1,L152
------     1 [--]               [00]  L152:
000027r    1 [01]  00 14 r      [00]  jmp @L$116
------     1 [--]               [00]  L$115:
------     1 [--]               [00]  .stabn 192,0,1,L153
------     1 [--]               [00]  L153:
------     1 [--]               [00]  .stabn 68,0,147,L154
------     1 [--]               [00]  L154:
------     1 [--]               [00]  .stabn 68,0,148,L155
------     1 [--]               [00]  L155:
000028r    1 [01]  40 05 r      [00]  LDA _chrgCount,0,0
000029r    1 [--]  -- --        [00]  mov ecx,a
00002Ar    1 [--]  -- --        [00]  mov a,@1
00002Br    1 [--]  -- --        [00]  add ecx,a
00002Cr    1 [01]  00 04 r      [00]  mov a,ecx
00002Dr    1 [--]  -- --        [00]  STA _chrgCount,0,0
00002Er    1 [--]  -- --        [00]  UGTRIB ecx,0xfa
           1 [01]  FA 1D        [00]  
000030r    1 [01]  03 0C        [00]  jbc STATUS, cf
000031r    1 [01]  00 14 r      [00]  EXTJMP L$121
------     1 [--]               [00]  .stabn 192,0,2,L156
------     1 [--]               [00]  L156:
------     1 [--]               [00]  .stabn 68,0,149,L157
------     1 [--]               [00]  L157:
------     1 [--]               [00]  .stabn 68,0,150,L158
------     1 [--]               [00]  L158:
000032r    1 [01]  40 09 r      [00]  bc _P65,5
------     1 [--]               [00]  .stabn 68,0,151,L159
------     1 [--]               [00]  L159:
000033r    1 [01]  FA 18        [00]  mov a,@250
000034r    1 [01]  40 00 r      [00]  STA _chrgCount,0,0
------     1 [--]               [00]  .stabn 68,0,152,L160
------     1 [--]               [00]  L160:
000035r    1 [--]  -- --        [00]  LDA _PORT5,0,0
000036r    1 [01]  0E 18        [00]  or a,@14
000037r    1 [01]  40 02 r      [00]  STA _PORT5,0,0
------     1 [--]               [00]  .stabn 68,0,153,L161
------     1 [--]               [00]  L161:
000038r    1 [--]  -- --        [00]  LDA _PORT6,0,0
000039r    1 [01]  07 18        [00]  or a,@7
00003Ar    1 [01]  40 02 r      [00]  STA _PORT6,0,0
------     1 [--]               [00]  .stabn 68,0,154,L162
------     1 [--]               [00]  L162:
------     1 [--]               [00]  .stabn 224,0,2,L163
------     1 [--]               [00]  L163:
------     1 [--]               [00]  L$121:
------     1 [--]               [00]  .stabn 68,0,155,L164
------     1 [--]               [00]  L164:
------     1 [--]               [00]  .stabn 224,0,1,L165
------     1 [--]               [00]  L165:
------     1 [--]               [00]  L$116:
------     1 [--]               [00]  .stabn 68,0,156,L166
------     1 [--]               [00]  L166:
00003Br    1 [01]  00 04 r      [00]  LDA _ledStep,0,0
00003Cr    1 [01]  40 00 r      [00]  mov ecx,a
00003Dr    1 [01]  40 04 r      [00]  EQNEPRIB ecx,0
00003Er    1 [01]  83 0C        [00]  jbc STATUS,zf
00003Fr    1 [01]  00 14 r      [00]  EXTJMP @L$125
000040r    1 [01]  00 04 r      [00]  EQNEPRIB ecx,1
           1 [01]  01 1B r      [00]  
000042r    1 [01]  83 0C        [00]  jbc STATUS,zf
000043r    1 [01]  00 14 r      [00]  EXTJMP @L$126
000044r    1 [01]  00 04 r      [00]  EQNEPRIB ecx,2
           1 [01]  02 1B r      [00]  
000046r    1 [01]  83 0C        [00]  jbc STATUS,zf
000047r    1 [01]  00 14 r      [00]  EXTJMP @L$127
000048r    1 [01]  00 04 r      [00]  EQNEPRIB ecx,3
           1 [01]  03 1B r      [00]  
00004Ar    1 [01]  83 0C        [00]  jbc STATUS,zf
00004Br    1 [01]  00 14 r      [00]  EXTJMP @L$128
00004Cr    1 [01]  00 04 r      [00]  EQNEPRIB ecx,4
           1 [01]  04 1B r      [00]  
00004Er    1 [01]  83 0C        [00]  jbc STATUS,zf
00004Fr    1 [01]  00 14 r      [00]  EXTJMP @L$129
000050r    1 [01]  00 04 r      [00]  EQNEPRIB ecx,5
           1 [01]  05 1B r      [00]  
000052r    1 [01]  83 0C        [00]  jbc STATUS,zf
000053r    1 [01]  00 14 r      [00]  EXTJMP @L$130
000054r    1 [01]  00 04 r      [00]  EQNEPRIB ecx,6
           1 [01]  06 1B r      [00]  
000056r    1 [01]  83 0C        [00]  jbc STATUS,zf
000057r    1 [01]  00 14 r      [00]  EXTJMP @L$131
000058r    1 [01]  00 14 r      [00]  jmp @L$123
------     1 [--]               [00]  .stabn 192,0,1,L167
------     1 [--]               [00]  L167:
------     1 [--]               [00]  .stabn 68,0,157,L168
------     1 [--]               [00]  L168:
------     1 [--]               [00]  L$125:
------     1 [--]               [00]  .stabn 68,0,159,L169
------     1 [--]               [00]  L169:
000059r    1 [--]  -- --        [00]  LDA _PORT5,0,0
00005Ar    1 [01]  F1 18        [00]  and a,@241
00005Br    1 [01]  C0 02 r      [00]  STA _PORT5,0,0
------     1 [--]               [00]  .stabn 68,0,160,L170
------     1 [--]               [00]  L170:
00005Cr    1 [--]  -- --        [00]  LDA _PORT6,0,0
00005Dr    1 [01]  F8 18        [00]  and a,@248
00005Er    1 [01]  C0 02 r      [00]  STA _PORT6,0,0
------     1 [--]               [00]  .stabn 68,0,161,L171
------     1 [--]               [00]  L171:
00005Fr    1 [01]  00 14 r      [00]  jmp @L$124
------     1 [--]               [00]  L$126:
------     1 [--]               [00]  .stabn 68,0,163,L172
------     1 [--]               [00]  L172:
000060r    1 [01]  40 0A r      [00]  bs _P51,1
------     1 [--]               [00]  .stabn 68,0,164,L173
------     1 [--]               [00]  L173:
000061r    1 [01]  00 14 r      [00]  jmp @L$124
------     1 [--]               [00]  L$127:
------     1 [--]               [00]  .stabn 68,0,166,L174
------     1 [--]               [00]  L174:
000062r    1 [01]  80 0A r      [00]  bs _P52,2
------     1 [--]               [00]  .stabn 68,0,167,L175
------     1 [--]               [00]  L175:
000063r    1 [01]  00 14 r      [00]  jmp @L$124
------     1 [--]               [00]  L$128:
------     1 [--]               [00]  .stabn 68,0,169,L176
------     1 [--]               [00]  L176:
000064r    1 [01]  C0 0A r      [00]  bs _P53,3
------     1 [--]               [00]  .stabn 68,0,170,L177
------     1 [--]               [00]  L177:
000065r    1 [01]  00 14 r      [00]  jmp @L$124
------     1 [--]               [00]  L$129:
------     1 [--]               [00]  .stabn 68,0,172,L178
------     1 [--]               [00]  L178:
000066r    1 [01]  00 0A r      [00]  bs _P60,0
------     1 [--]               [00]  .stabn 68,0,173,L179
------     1 [--]               [00]  L179:
000067r    1 [01]  00 14 r      [00]  jmp @L$124
------     1 [--]               [00]  L$130:
------     1 [--]               [00]  .stabn 68,0,175,L180
------     1 [--]               [00]  L180:
000068r    1 [01]  40 0A r      [00]  bs _P61,1
------     1 [--]               [00]  .stabn 68,0,176,L181
------     1 [--]               [00]  L181:
000069r    1 [01]  00 14 r      [00]  jmp @L$124
------     1 [--]               [00]  L$131:
------     1 [--]               [00]  .stabn 68,0,178,L182
------     1 [--]               [00]  L182:
00006Ar    1 [01]  80 0A r      [00]  bs _P62,2
------     1 [--]               [00]  .stabn 68,0,179,L183
------     1 [--]               [00]  L183:
------     1 [--]               [00]  .stabn 68,0,180,L184
------     1 [--]               [00]  L184:
------     1 [--]               [00]  .stabn 224,0,1,L185
------     1 [--]               [00]  L185:
------     1 [--]               [00]  L$123:
------     1 [--]               [00]  L$124:
------     1 [--]               [00]  .stabn 68,0,181,L186
------     1 [--]               [00]  L186:
------     1 [--]               [00]  .stabn 224,0,0,L187
------     1 [--]               [00]  L187:
------     1 [--]               [00]  L$114:
00006Br    1 [01]  3C 04 r      [00]  mov a,chrgCtr_bp-4
00006Cr    1 [01]  40 00 r      [00]  mov ecx,a
00006Dr    1 [01]  3D 04 r      [00]  mov a,chrgCtr_bp-3
00006Er    1 [01]  41 00 r      [00]  mov ecx+1,a
00006Fr    1 [01]  3E 04 r      [00]  mov a,chrgCtr_bp-2
000070r    1 [01]  42 00 r      [00]  mov ecx+2,a
000071r    1 [01]  3F 04 r      [00]  mov a,chrgCtr_bp-1
000072r    1 [01]  43 00 r      [00]  mov ecx+3,a
000073r    1 [01]  12 00        [00]  ret
------     1 [--]               [00]  .STACK chrgCtr_bp,local,4
------     1 [--]               [00]  public _keyCtr
------     1 [--]               [00]  public keyCtr_bp
------     1 [--]               [00]  .stabs "keyCtr:F15",36,0,0,_keyCtr
------     1 [--]               [00]  .section ".S2",C_CODE
------     1 [--]               [00]  .SYMDEF ".S2" 
------     1 [--]               [00]  _keyCtr:
------     1 [--]               [00]  .SYMDEF "_keyCtr" 
000000r    1 [01]  00 04 r      [00]  mov a,ecx
000001r    1 [01]  7C 00 r      [00]  mov keyCtr_bp-4,a
000002r    1 [01]  01 04 r      [00]  mov a,ecx+1
000003r    1 [01]  7D 00 r      [00]  mov keyCtr_bp-3,a
000004r    1 [01]  02 04 r      [00]  mov a,ecx+2
000005r    1 [01]  7E 00 r      [00]  mov keyCtr_bp-2,a
000006r    1 [01]  03 04 r      [00]  mov a,ecx+3
000007r    1 [01]  7F 00 r      [00]  mov keyCtr_bp-1,a
------     1 [--]               [00]  .stabs "kclick:2",128,0,0,keyCtr_bp-5
------     1 [--]               [00]  .stabn 192,0,0,L195
------     1 [--]               [00]  L195:
------     1 [--]               [00]  .stabn 68,0,185,L196
------     1 [--]               [00]  L196:
------     1 [--]               [00]  .stabn 68,0,186,L197
------     1 [--]               [00]  L197:
000008r    1 [01]  00 04 r      [00]  LDA _PORT6,0,0
000009r    1 [01]  40 00 r      [00]  mov ecx,a
00000Ar    1 [01]  C0 04 r      [00]  com ecx
00000Br    1 [01]  80 18        [00]  mov a,@128
00000Cr    1 [01]  80 02 r      [00]  and ecx,a
00000Dr    1 [--]  -- --        [00]  mov a,ecx
00000Er    1 [01]  40 00 r      [00]  mov keyRead_bp+0,a
------     1 [--]               [00]  .STACK keyRead_bp,parameter,1
00000Fr    1 [01]  00 10 r      [00]  call _keyRead
000010r    1 [01]  00 04 r      [00]  mov a,eax
000011r    1 [01]  7B 00 r      [00]  STA keyCtr_bp-5,0,0
------     1 [--]               [00]  .stabn 68,0,188,L198
------     1 [--]               [00]  L198:
000012r    1 [01]  3B 04 r      [00]  EQNEPRIB keyCtr_bp-5,1
           1 [01]  01 1B r      [00]  
000014r    1 [01]  83 0E        [00]  jbs STATUS,zf
000015r    1 [01]  00 14 r      [00]  EXTJMP @L$189
------     1 [--]               [00]  .stabn 192,0,1,L199
------     1 [--]               [00]  L199:
------     1 [--]               [00]  .stabn 68,0,189,L200
------     1 [--]               [00]  L200:
------     1 [--]               [00]  .stabn 68,0,192,L201
------     1 [--]               [00]  L201:
000016r    1 [01]  40 05 r      [00]  LDA _workStep,0,0
000017r    1 [--]  -- --        [00]  mov ecx,a
000018r    1 [--]  -- --        [00]  mov a,@1
000019r    1 [--]  -- --        [00]  add ecx,a
00001Ar    1 [--]  -- --        [00]  mov a,ecx
00001Br    1 [--]  -- --        [00]  STA _workStep,0,0
00001Cr    1 [01]  07 18 r      [00]  ULTRIB ecx,0x7
           1 [01]  00 01 r      [00]  
00001Er    1 [01]  03 0E        [00]  jbs STATUS, cf
00001Fr    1 [01]  00 14 r      [00]  EXTJMP L$190
------     1 [--]               [00]  .stabn 68,0,193,L202
------     1 [--]               [00]  L202:
000020r    1 [01]  C0 00 r      [00]  clr _workStep
------     1 [--]               [00]  .stabn 68,0,195,L203
------     1 [--]               [00]  L203:
------     1 [--]               [00]  .stabn 224,0,1,L204
------     1 [--]               [00]  L204:
000021r    1 [01]  00 14 r      [00]  jmp @L$190
------     1 [--]               [00]  L$189:
------     1 [--]               [00]  .stabn 68,0,196,L205
------     1 [--]               [00]  L205:
000022r    1 [01]  3B 04 r      [00]  EQNEPRIB keyCtr_bp-5,2
           1 [01]  02 1B r      [00]  
000024r    1 [01]  83 0E        [00]  jbs STATUS,zf
000025r    1 [01]  00 14 r      [00]  EXTJMP @L$193
------     1 [--]               [00]  .stabn 192,0,1,L206
------     1 [--]               [00]  L206:
------     1 [--]               [00]  .stabn 68,0,197,L207
------     1 [--]               [00]  L207:
------     1 [--]               [00]  .stabn 68,0,198,L208
------     1 [--]               [00]  L208:
000026r    1 [01]  C0 00 r      [00]  clr _workStep
------     1 [--]               [00]  .stabn 68,0,199,L209
------     1 [--]               [00]  L209:
------     1 [--]               [00]  .stabn 224,0,1,L210
------     1 [--]               [00]  L210:
------     1 [--]               [00]  L$193:
------     1 [--]               [00]  L$190:
------     1 [--]               [00]  .stabn 68,0,203,L211
------     1 [--]               [00]  L211:
------     1 [--]               [00]  .stabn 224,0,0,L212
------     1 [--]               [00]  L212:
------     1 [--]               [00]  L$188:
000027r    1 [01]  3C 04 r      [00]  mov a,keyCtr_bp-4
000028r    1 [01]  40 00 r      [00]  mov ecx,a
000029r    1 [01]  3D 04 r      [00]  mov a,keyCtr_bp-3
00002Ar    1 [01]  41 00 r      [00]  mov ecx+1,a
00002Br    1 [01]  3E 04 r      [00]  mov a,keyCtr_bp-2
00002Cr    1 [01]  42 00 r      [00]  mov ecx+2,a
00002Dr    1 [01]  3F 04 r      [00]  mov a,keyCtr_bp-1
00002Er    1 [01]  43 00 r      [00]  mov ecx+3,a
00002Fr    1 [01]  12 00        [00]  ret
------     1 [--]               [00]  .STACK keyCtr_bp,local,5
------     1 [--]               [00]  public _workCtr
------     1 [--]               [00]  public workCtr_bp
------     1 [--]               [00]  .stabs "workCtr:F15",36,0,0,_workCtr
------     1 [--]               [00]  .section ".S3",C_CODE
------     1 [--]               [00]  .SYMDEF ".S3" 
------     1 [--]               [00]  _workCtr:
------     1 [--]               [00]  .SYMDEF "_workCtr" 
000000r    1 [01]  00 04 r      [00]  mov a,ecx
000001r    1 [01]  7C 00 r      [00]  mov workCtr_bp-4,a
000002r    1 [01]  01 04 r      [00]  mov a,ecx+1
000003r    1 [01]  7D 00 r      [00]  mov workCtr_bp-3,a
000004r    1 [01]  02 04 r      [00]  mov a,ecx+2
000005r    1 [01]  7E 00 r      [00]  mov workCtr_bp-2,a
000006r    1 [01]  03 04 r      [00]  mov a,ecx+3
000007r    1 [01]  7F 00 r      [00]  mov workCtr_bp-1,a
------     1 [--]               [00]  .stabn 192,0,0,L225
------     1 [--]               [00]  L225:
------     1 [--]               [00]  .stabn 68,0,206,L226
------     1 [--]               [00]  L226:
------     1 [--]               [00]  .stabn 68,0,207,L227
------     1 [--]               [00]  L227:
000008r    1 [01]  00 04 r      [00]  LDA _workStep,0,0
000009r    1 [01]  40 00 r      [00]  mov ecx,a
00000Ar    1 [01]  40 04 r      [00]  EQNEPRIB ecx,0
00000Br    1 [01]  83 0C        [00]  jbc STATUS,zf
00000Cr    1 [01]  00 14 r      [00]  EXTJMP @L$216
00000Dr    1 [01]  00 04 r      [00]  EQNEPRIB ecx,1
           1 [01]  01 1B r      [00]  
00000Fr    1 [01]  83 0C        [00]  jbc STATUS,zf
000010r    1 [01]  00 14 r      [00]  EXTJMP @L$219
000011r    1 [01]  00 04 r      [00]  EQNEPRIB ecx,2
           1 [01]  02 1B r      [00]  
000013r    1 [01]  83 0C        [00]  jbc STATUS,zf
000014r    1 [01]  00 14 r      [00]  EXTJMP @L$220
000015r    1 [01]  00 04 r      [00]  EQNEPRIB ecx,3
           1 [01]  03 1B r      [00]  
000017r    1 [01]  83 0C        [00]  jbc STATUS,zf
000018r    1 [01]  00 14 r      [00]  EXTJMP @L$221
000019r    1 [01]  00 04 r      [00]  EQNEPRIB ecx,4
           1 [01]  04 1B r      [00]  
00001Br    1 [01]  83 0C        [00]  jbc STATUS,zf
00001Cr    1 [01]  00 14 r      [00]  EXTJMP @L$222
00001Dr    1 [01]  00 04 r      [00]  EQNEPRIB ecx,5
           1 [01]  05 1B r      [00]  
00001Fr    1 [01]  83 0C        [00]  jbc STATUS,zf
000020r    1 [01]  00 14 r      [00]  EXTJMP @L$223
000021r    1 [01]  00 04 r      [00]  EQNEPRIB ecx,6
           1 [01]  06 1B r      [00]  
000023r    1 [01]  83 0C        [00]  jbc STATUS,zf
000024r    1 [01]  00 14 r      [00]  EXTJMP @L$224
000025r    1 [01]  00 14 r      [00]  jmp @L$214
------     1 [--]               [00]  .stabn 192,0,1,L228
------     1 [--]               [00]  L228:
------     1 [--]               [00]  .stabn 68,0,208,L229
------     1 [--]               [00]  L229:
------     1 [--]               [00]  L$216:
------     1 [--]               [00]  .stabn 68,0,210,L230
------     1 [--]               [00]  L230:
000026r    1 [01]  C0 00 r      [00]  clr _duty
------     1 [--]               [00]  .stabn 68,0,211,L231
------     1 [--]               [00]  L231:
000027r    1 [--]  -- --        [00]  LDA _PORT5,0,0
000028r    1 [01]  F1 18        [00]  and a,@241
000029r    1 [01]  C0 02 r      [00]  STA _PORT5,0,0
------     1 [--]               [00]  .stabn 68,0,212,L232
------     1 [--]               [00]  L232:
00002Ar    1 [--]  -- --        [00]  LDA _PORT6,0,0
00002Br    1 [01]  F8 18        [00]  and a,@248
00002Cr    1 [01]  C0 02 r      [00]  STA _PORT6,0,0
------     1 [--]               [00]  .stabn 68,0,213,L233
------     1 [--]               [00]  L233:
00002Dr    1 [01]  40 09 r      [00]  bc _P65,5
------     1 [--]               [00]  .stabn 68,0,214,L234
------     1 [--]               [00]  L234:
00002Er    1 [01]  40 04 r      [00]  EQNEPRIB _keyCount,0
00002Fr    1 [01]  83 0E        [00]  jbs STATUS,zf
000030r    1 [01]  00 14 r      [00]  EXTJMP @L$215
------     1 [--]               [00]  .stabn 68,0,215,L235
------     1 [--]               [00]  L235:
000031r    1 [01]  00 10 r      [00]  call _gotoSleep
------     1 [--]               [00]  .stabn 68,0,216,L236
------     1 [--]               [00]  L236:
000032r    1 [01]  00 14 r      [00]  jmp @L$215
------     1 [--]               [00]  L$219:
------     1 [--]               [00]  .stabn 68,0,218,L237
------     1 [--]               [00]  L237:
000033r    1 [01]  09 18        [00]  mov a,@9
000034r    1 [01]  40 00 r      [00]  STA _duty,0,0
------     1 [--]               [00]  .stabn 68,0,219,L238
------     1 [--]               [00]  L238:
000035r    1 [01]  40 0A r      [00]  bs _P51,1
------     1 [--]               [00]  .stabn 68,0,220,L239
------     1 [--]               [00]  L239:
000036r    1 [01]  00 14 r      [00]  jmp @L$215
------     1 [--]               [00]  L$220:
------     1 [--]               [00]  .stabn 68,0,222,L240
------     1 [--]               [00]  L240:
000037r    1 [01]  0B 18        [00]  mov a,@11
000038r    1 [01]  40 00 r      [00]  STA _duty,0,0
------     1 [--]               [00]  .stabn 68,0,223,L241
------     1 [--]               [00]  L241:
000039r    1 [01]  80 0A r      [00]  bs _P52,2
------     1 [--]               [00]  .stabn 68,0,224,L242
------     1 [--]               [00]  L242:
00003Ar    1 [01]  00 14 r      [00]  jmp @L$215
------     1 [--]               [00]  L$221:
------     1 [--]               [00]  .stabn 68,0,226,L243
------     1 [--]               [00]  L243:
00003Br    1 [01]  0E 18        [00]  mov a,@14
00003Cr    1 [01]  40 00 r      [00]  STA _duty,0,0
------     1 [--]               [00]  .stabn 68,0,227,L244
------     1 [--]               [00]  L244:
00003Dr    1 [01]  C0 0A r      [00]  bs _P53,3
------     1 [--]               [00]  .stabn 68,0,228,L245
------     1 [--]               [00]  L245:
00003Er    1 [01]  00 14 r      [00]  jmp @L$215
------     1 [--]               [00]  L$222:
------     1 [--]               [00]  .stabn 68,0,230,L246
------     1 [--]               [00]  L246:
00003Fr    1 [01]  13 18        [00]  mov a,@19
000040r    1 [01]  40 00 r      [00]  STA _duty,0,0
------     1 [--]               [00]  .stabn 68,0,231,L247
------     1 [--]               [00]  L247:
000041r    1 [01]  00 0A r      [00]  bs _P60,0
------     1 [--]               [00]  .stabn 68,0,232,L248
------     1 [--]               [00]  L248:
000042r    1 [01]  00 14 r      [00]  jmp @L$215
------     1 [--]               [00]  L$223:
------     1 [--]               [00]  .stabn 68,0,234,L249
------     1 [--]               [00]  L249:
000043r    1 [01]  23 18        [00]  mov a,@35
000044r    1 [01]  40 00 r      [00]  STA _duty,0,0
------     1 [--]               [00]  .stabn 68,0,235,L250
------     1 [--]               [00]  L250:
000045r    1 [01]  40 0A r      [00]  bs _P61,1
------     1 [--]               [00]  .stabn 68,0,236,L251
------     1 [--]               [00]  L251:
000046r    1 [01]  00 14 r      [00]  jmp @L$215
------     1 [--]               [00]  L$224:
------     1 [--]               [00]  .stabn 68,0,238,L252
------     1 [--]               [00]  L252:
000047r    1 [01]  2D 18        [00]  mov a,@45
000048r    1 [01]  40 00 r      [00]  STA _duty,0,0
------     1 [--]               [00]  .stabn 68,0,239,L253
------     1 [--]               [00]  L253:
000049r    1 [01]  80 0A r      [00]  bs _P62,2
------     1 [--]               [00]  .stabn 68,0,240,L254
------     1 [--]               [00]  L254:
------     1 [--]               [00]  .stabn 68,0,241,L255
------     1 [--]               [00]  L255:
------     1 [--]               [00]  .stabn 224,0,1,L256
------     1 [--]               [00]  L256:
------     1 [--]               [00]  L$214:
------     1 [--]               [00]  L$215:
------     1 [--]               [00]  .stabn 68,0,243,L257
------     1 [--]               [00]  L257:
------     1 [--]               [00]  .stabn 224,0,0,L258
------     1 [--]               [00]  L258:
------     1 [--]               [00]  L$213:
00004Ar    1 [01]  3C 04 r      [00]  mov a,workCtr_bp-4
00004Br    1 [01]  40 00 r      [00]  mov ecx,a
00004Cr    1 [01]  3D 04 r      [00]  mov a,workCtr_bp-3
00004Dr    1 [01]  41 00 r      [00]  mov ecx+1,a
00004Er    1 [01]  3E 04 r      [00]  mov a,workCtr_bp-2
00004Fr    1 [01]  42 00 r      [00]  mov ecx+2,a
000050r    1 [01]  3F 04 r      [00]  mov a,workCtr_bp-1
000051r    1 [01]  43 00 r      [00]  mov ecx+3,a
000052r    1 [01]  12 00        [00]  ret
------     1 [--]               [00]  .STACK workCtr_bp,local,4
------     1 [--]               [00]  public _keyRead
------     1 [--]               [00]  public keyRead_bp
------     1 [--]               [00]  .stabs "keyRead:F2",36,0,0,_keyRead
------     1 [--]               [00]  .section ".S4",C_CODE
------     1 [--]               [00]  .SYMDEF ".S4" 
------     1 [--]               [00]  _keyRead:
------     1 [--]               [00]  .SYMDEF "_keyRead" 
000000r    1 [01]  00 04 r      [00]  mov a,ecx
000001r    1 [01]  7C 00 r      [00]  mov keyRead_bp-4,a
000002r    1 [01]  01 04 r      [00]  mov a,ecx+1
000003r    1 [01]  7D 00 r      [00]  mov keyRead_bp-3,a
000004r    1 [01]  02 04 r      [00]  mov a,ecx+2
000005r    1 [01]  7E 00 r      [00]  mov keyRead_bp-2,a
000006r    1 [01]  03 04 r      [00]  mov a,ecx+3
000007r    1 [01]  7F 00 r      [00]  mov keyRead_bp-1,a
------     1 [--]               [00]  .stabs "keyStatus:10",160,0,0,keyRead_bp+0
------     1 [--]               [00]  .stabn 192,0,0,L270
------     1 [--]               [00]  L270:
------     1 [--]               [00]  .stabn 68,0,247,L271
------     1 [--]               [00]  L271:
------     1 [--]               [00]  .stabn 68,0,248,L272
------     1 [--]               [00]  L272:
000008r    1 [01]  40 04 r      [00]  EQNEPRIB keyRead_bp+0,0
000009r    1 [01]  83 0C        [00]  jbc STATUS,zf
00000Ar    1 [01]  00 14 r      [00]  EXTJMP @L$260
------     1 [--]               [00]  .stabn 192,0,1,L273
------     1 [--]               [00]  L273:
------     1 [--]               [00]  .stabn 68,0,249,L274
------     1 [--]               [00]  L274:
------     1 [--]               [00]  .stabn 68,0,250,L275
------     1 [--]               [00]  L275:
00000Br    1 [01]  40 05 r      [00]  LDA _keyCount,0,0
00000Cr    1 [--]  -- --        [00]  add a,@1
00000Dr    1 [--]  -- --        [00]  STA _keyCount,0,0
------     1 [--]               [00]  .stabn 68,0,251,L276
------     1 [--]               [00]  L276:
00000Er    1 [01]  C8 18 r      [00]  ULTRIB _keyCount,0xc8
           1 [01]  00 01 r      [00]  
000010r    1 [01]  03 0E        [00]  jbs STATUS, cf
000011r    1 [01]  00 14 r      [00]  EXTJMP L$261
------     1 [--]               [00]  .stabn 192,0,2,L277
------     1 [--]               [00]  L277:
------     1 [--]               [00]  .stabn 68,0,252,L278
------     1 [--]               [00]  L278:
------     1 [--]               [00]  .stabn 68,0,253,L279
------     1 [--]               [00]  L279:
000012r    1 [01]  C8 18        [00]  mov a,@200
000013r    1 [01]  40 00 r      [00]  STA _keyCount,0,0
------     1 [--]               [00]  .stabn 68,0,254,L280
------     1 [--]               [00]  L280:
000014r    1 [01]  40 0C r      [00]  jbc _longPressFlag,1
000015r    1 [01]  00 14 r      [00]  EXTJMP @L$261
------     1 [--]               [00]  .stabn 192,0,3,L281
------     1 [--]               [00]  L281:
------     1 [--]               [00]  .stabn 68,0,255,L282
------     1 [--]               [00]  L282:
------     1 [--]               [00]  .stabn 68,0,256,L283
------     1 [--]               [00]  L283:
000016r    1 [01]  40 0A r      [00]  bs _longPressFlag,1
------     1 [--]               [00]  .stabn 68,0,257,L284
------     1 [--]               [00]  L284:
000017r    1 [01]  02 18        [00]  mov a,@2
000018r    1 [01]  40 00 r      [00]  mov eax,a
000019r    1 [01]  00 14 r      [00]  jmp @L$259
------     1 [--]               [00]  .stabn 68,0,258,L285
------     1 [--]               [00]  L285:
------     1 [--]               [00]  .stabn 224,0,3,L286
------     1 [--]               [00]  L286:
------     1 [--]               [00]  .stabn 68,0,259,L287
------     1 [--]               [00]  L287:
------     1 [--]               [00]  .stabn 224,0,2,L288
------     1 [--]               [00]  L288:
------     1 [--]               [00]  .stabn 68,0,260,L289
------     1 [--]               [00]  L289:
------     1 [--]               [00]  .stabn 224,0,1,L290
------     1 [--]               [00]  L290:
------     1 [--]               [00]  L$260:
------     1 [--]               [00]  .stabn 192,0,1,L291
------     1 [--]               [00]  L291:
------     1 [--]               [00]  .stabn 68,0,262,L292
------     1 [--]               [00]  L292:
------     1 [--]               [00]  .stabn 68,0,263,L293
------     1 [--]               [00]  L293:
00001Ar    1 [01]  C8 18 r      [00]  ULTRIB _keyCount,0xc8
           1 [01]  00 01 r      [00]  
00001Cr    1 [01]  03 0E        [00]  jbs STATUS, cf
00001Dr    1 [01]  00 14 r      [00]  EXTJMP L$266
------     1 [--]               [00]  .stabn 192,0,2,L294
------     1 [--]               [00]  L294:
------     1 [--]               [00]  .stabn 68,0,264,L295
------     1 [--]               [00]  L295:
------     1 [--]               [00]  .stabn 68,0,265,L296
------     1 [--]               [00]  L296:
00001Er    1 [01]  C0 00 r      [00]  clr _keyCount
------     1 [--]               [00]  .stabn 68,0,266,L297
------     1 [--]               [00]  L297:
00001Fr    1 [01]  40 08 r      [00]  bc _longPressFlag,1
------     1 [--]               [00]  .stabn 68,0,267,L298
------     1 [--]               [00]  L298:
000020r    1 [01]  00 18        [00]  mov a,@0
000021r    1 [01]  40 00 r      [00]  mov eax,a
000022r    1 [01]  00 14 r      [00]  jmp @L$259
------     1 [--]               [00]  .stabn 68,0,268,L299
------     1 [--]               [00]  L299:
------     1 [--]               [00]  .stabn 224,0,2,L300
------     1 [--]               [00]  L300:
------     1 [--]               [00]  L$266:
------     1 [--]               [00]  .stabn 68,0,269,L301
------     1 [--]               [00]  L301:
000023r    1 [01]  08 18 r      [00]  ULTRIB _keyCount,0x8
           1 [01]  00 01 r      [00]  
000025r    1 [01]  03 0E        [00]  jbs STATUS, cf
000026r    1 [01]  00 14 r      [00]  EXTJMP L$268
------     1 [--]               [00]  .stabn 192,0,2,L302
------     1 [--]               [00]  L302:
------     1 [--]               [00]  .stabn 68,0,270,L303
------     1 [--]               [00]  L303:
------     1 [--]               [00]  .stabn 68,0,271,L304
------     1 [--]               [00]  L304:
000027r    1 [01]  C0 00 r      [00]  clr _keyCount
------     1 [--]               [00]  .stabn 68,0,272,L305
------     1 [--]               [00]  L305:
000028r    1 [01]  01 18        [00]  mov a,@1
000029r    1 [01]  40 00 r      [00]  mov eax,a
00002Ar    1 [01]  00 14 r      [00]  jmp @L$259
------     1 [--]               [00]  .stabn 68,0,273,L306
------     1 [--]               [00]  L306:
------     1 [--]               [00]  .stabn 224,0,2,L307
------     1 [--]               [00]  L307:
------     1 [--]               [00]  L$268:
------     1 [--]               [00]  .stabn 68,0,274,L308
------     1 [--]               [00]  L308:
00002Br    1 [01]  C0 00 r      [00]  clr _keyCount
------     1 [--]               [00]  .stabn 68,0,275,L309
------     1 [--]               [00]  L309:
------     1 [--]               [00]  .stabn 224,0,1,L310
------     1 [--]               [00]  L310:
------     1 [--]               [00]  L$261:
------     1 [--]               [00]  .stabn 68,0,276,L311
------     1 [--]               [00]  L311:
00002Cr    1 [01]  00 18        [00]  mov a,@0
00002Dr    1 [01]  40 00 r      [00]  mov eax,a
------     1 [--]               [00]  .stabn 68,0,277,L312
------     1 [--]               [00]  L312:
------     1 [--]               [00]  .stabn 224,0,0,L313
------     1 [--]               [00]  L313:
------     1 [--]               [00]  L$259:
00002Er    1 [01]  3C 04 r      [00]  mov a,keyRead_bp-4
00002Fr    1 [01]  40 00 r      [00]  mov ecx,a
000030r    1 [01]  3D 04 r      [00]  mov a,keyRead_bp-3
000031r    1 [01]  41 00 r      [00]  mov ecx+1,a
000032r    1 [01]  3E 04 r      [00]  mov a,keyRead_bp-2
000033r    1 [01]  42 00 r      [00]  mov ecx+2,a
000034r    1 [01]  3F 04 r      [00]  mov a,keyRead_bp-1
000035r    1 [01]  43 00 r      [00]  mov ecx+3,a
000036r    1 [01]  12 00        [00]  ret
------     1 [--]               [00]  .STACK keyRead_bp,local,4
------     1 [--]               [00]  public _gotoSleep
------     1 [--]               [00]  public gotoSleep_bp
------     1 [--]               [00]  .stabs "gotoSleep:F15",36,0,0,_gotoSleep
------     1 [--]               [00]  .section ".S5",C_CODE
------     1 [--]               [00]  .SYMDEF ".S5" 
------     1 [--]               [00]  _gotoSleep:
------     1 [--]               [00]  .SYMDEF "_gotoSleep" 
000000r    1 [01]  00 04 r      [00]  mov a,ecx
000001r    1 [01]  7C 00 r      [00]  mov gotoSleep_bp-4,a
000002r    1 [01]  01 04 r      [00]  mov a,ecx+1
000003r    1 [01]  7D 00 r      [00]  mov gotoSleep_bp-3,a
000004r    1 [01]  02 04 r      [00]  mov a,ecx+2
000005r    1 [01]  7E 00 r      [00]  mov gotoSleep_bp-2,a
000006r    1 [01]  03 04 r      [00]  mov a,ecx+3
000007r    1 [01]  7F 00 r      [00]  mov gotoSleep_bp-1,a
------     1 [--]               [00]  .stabn 192,0,0,L315
------     1 [--]               [00]  L315:
------     1 [--]               [00]  .stabn 68,0,280,L316
------     1 [--]               [00]  L316:
------     1 [--]               [00]  .stabn 68,0,281,L317
------     1 [--]               [00]  L317:
000008r    1 [01]  40 09 r      [00]  bc _P65,5
------     1 [--]               [00]  .stabn 68,0,282,L318
------     1 [--]               [00]  L318:
000009r    1 [01]  00 08 r      [00]  bc _P50,0
------     1 [--]               [00]  .stabn 68,0,283,L319
------     1 [--]               [00]  L319:
00000Ar    1 [--]  -- --        [00]  LDA _PORT5,0,0
00000Br    1 [01]  F1 18        [00]  and a,@241
00000Cr    1 [01]  C0 02 r      [00]  STA _PORT5,0,0
------     1 [--]               [00]  .stabn 68,0,284,L320
------     1 [--]               [00]  L320:
00000Dr    1 [--]  -- --        [00]  LDA _PORT6,0,0
00000Er    1 [01]  F8 18        [00]  and a,@248
00000Fr    1 [01]  C0 02 r      [00]  STA _PORT6,0,0
------     1 [--]               [00]  .stabn 68,0,285,L321
------     1 [--]               [00]  L321:
000010r    1 [01]  C0 00 r      [00]  clr _count900s
------     1 [--]               [00]  .stabn 68,0,286,L322
------     1 [--]               [00]  L322:
000011r    1 [01]  C0 00 r      [00]  clr _workStep
------     1 [--]               [00]  .stabn 68,0,287,L323
------     1 [--]               [00]  L323:
000012r    1 [01]  00 18        [00]  mov a,@0
000013r    1 [01]  00 00 r      [00]  STA _WDTCR,0,2
------     1 [--]               [00]  .stabn 68,0,288,L324
------     1 [--]               [00]  L324:
000014r    1 [01]  E0 18        [00]  mov a,@224
000015r    1 [01]  40 00 r      [00]  STA _ICIECR,0,0
------     1 [--]               [00]  .stabn 68,0,289,L325
------     1 [--]               [00]  L325:
000016r    1 [01]  02 18        [00]  mov a,@2
000017r    1 [01]  00 00 r      [00]  STA _IMR,0,2
------     1 [--]               [00]  .stabn 68,0,290,L326
------     1 [--]               [00]  L326:
000018r    1 [--]  -- --        [00]  LDA _ISR,0,0
000019r    1 [01]  F0 18        [00]  and a,@240
00001Ar    1 [01]  C0 02 r      [00]  STA _ISR,0,0
------     1 [--]               [00]  .stabn 68,0,291,L327
------     1 [--]               [00]  L327:
------     1 [--]               [00]  .cfile "C:\mcuproject\xj\S21_1101B_SOP14\PWM.c(291):"
00001Br    1 [01]  11 00        [00]  disi
------     1 [--]               [00]  .stabn 68,0,291,L328
------     1 [--]               [00]  L328:
------     1 [--]               [00]  .stabn 68,0,292,L329
------     1 [--]               [00]  L329:
------     1 [--]               [00]  .cfile "C:\mcuproject\xj\S21_1101B_SOP14\PWM.c(292):"
00001Cr    1 [01]  03 00        [00]  slep
------     1 [--]               [00]  .stabn 68,0,292,L330
------     1 [--]               [00]  L330:
------     1 [--]               [00]  .stabn 68,0,293,L331
------     1 [--]               [00]  L331:
------     1 [--]               [00]  .cfile "C:\mcuproject\xj\S21_1101B_SOP14\PWM.c(293):"
00001Dr    1 [01]  10 00        [00]  eni
------     1 [--]               [00]  .stabn 68,0,293,L332
------     1 [--]               [00]  L332:
------     1 [--]               [00]  .stabn 68,0,294,L333
------     1 [--]               [00]  L333:
00001Er    1 [01]  80 18        [00]  mov a,@128
00001Fr    1 [01]  00 00 r      [00]  STA _WDTCR,0,2
------     1 [--]               [00]  .stabn 68,0,295,L334
------     1 [--]               [00]  L334:
000020r    1 [01]  C0 00 r      [00]  clr _ICIECR
------     1 [--]               [00]  .stabn 68,0,296,L335
------     1 [--]               [00]  L335:
000021r    1 [01]  C0 00 r      [00]  clr _ISR
------     1 [--]               [00]  .stabn 68,0,297,L336
------     1 [--]               [00]  L336:
000022r    1 [01]  01 18        [00]  mov a,@1
000023r    1 [01]  00 00 r      [00]  STA _IMR,0,2
------     1 [--]               [00]  .stabn 68,0,298,L337
------     1 [--]               [00]  L337:
------     1 [--]               [00]  .stabn 224,0,0,L338
------     1 [--]               [00]  L338:
------     1 [--]               [00]  L$314:
000024r    1 [01]  3C 04 r      [00]  mov a,gotoSleep_bp-4
000025r    1 [01]  40 00 r      [00]  mov ecx,a
000026r    1 [01]  3D 04 r      [00]  mov a,gotoSleep_bp-3
000027r    1 [01]  41 00 r      [00]  mov ecx+1,a
000028r    1 [01]  3E 04 r      [00]  mov a,gotoSleep_bp-2
000029r    1 [01]  42 00 r      [00]  mov ecx+2,a
00002Ar    1 [01]  3F 04 r      [00]  mov a,gotoSleep_bp-1
00002Br    1 [01]  43 00 r      [00]  mov ecx+3,a
00002Cr    1 [01]  12 00        [00]  ret
------     1 [--]               [00]  .STACK gotoSleep_bp,local,4
------     1 [--]               [00]  public _IO_Init
------     1 [--]               [00]  public IO_Init_bp
------     1 [--]               [00]  .stabs "IO_Init:F15",36,0,0,_IO_Init
------     1 [--]               [00]  .section ".S6",C_CODE
------     1 [--]               [00]  .SYMDEF ".S6" 
------     1 [--]               [00]  _IO_Init:
------     1 [--]               [00]  .SYMDEF "_IO_Init" 
000000r    1 [01]  00 04 r      [00]  mov a,ecx
000001r    1 [01]  7C 00 r      [00]  mov IO_Init_bp-4,a
000002r    1 [01]  01 04 r      [00]  mov a,ecx+1
000003r    1 [01]  7D 00 r      [00]  mov IO_Init_bp-3,a
000004r    1 [01]  02 04 r      [00]  mov a,ecx+2
000005r    1 [01]  7E 00 r      [00]  mov IO_Init_bp-2,a
000006r    1 [01]  03 04 r      [00]  mov a,ecx+3
000007r    1 [01]  7F 00 r      [00]  mov IO_Init_bp-1,a
------     1 [--]               [00]  .stabn 192,0,0,L340
------     1 [--]               [00]  L340:
------     1 [--]               [00]  .stabn 68,0,302,L341
------     1 [--]               [00]  L341:
------     1 [--]               [00]  .stabn 68,0,304,L342
------     1 [--]               [00]  L342:
000008r    1 [01]  C0 00 r      [00]  clr _PORT5
------     1 [--]               [00]  .stabn 68,0,305,L343
------     1 [--]               [00]  L343:
000009r    1 [01]  00 18        [00]  mov a,@0
00000Ar    1 [01]  00 00 r      [00]  STA _P5CR,0,2
------     1 [--]               [00]  .stabn 68,0,306,L344
------     1 [--]               [00]  L344:
00000Br    1 [01]  C0 00 r      [00]  clr _PORT6
------     1 [--]               [00]  .stabn 68,0,307,L345
------     1 [--]               [00]  L345:
00000Cr    1 [01]  D0 18        [00]  mov a,@208
00000Dr    1 [01]  00 00 r      [00]  STA _P6CR,0,2
------     1 [--]               [00]  .stabn 68,0,308,L346
------     1 [--]               [00]  L346:
00000Er    1 [01]  7F 18        [00]  mov a,@127
00000Fr    1 [01]  00 00 r      [00]  STA _PHCR,0,2
------     1 [--]               [00]  .stabn 68,0,309,L347
------     1 [--]               [00]  L347:
000010r    1 [01]  FF 18        [00]  mov a,@255
000011r    1 [01]  00 00 r      [00]  STA _PHDCR,0,2
------     1 [--]               [00]  .stabn 68,0,311,L348
------     1 [--]               [00]  L348:
------     1 [--]               [00]  .cfile "C:\mcuproject\xj\S21_1101B_SOP14\PWM.c(311):"
000012r    1 [01]  02 18        [00]  mov	a,@0x02
------     1 [--]               [00]  .stabn 68,0,312,L349
------     1 [--]               [00]  L349:
------     1 [--]               [00]  .cfile "C:\mcuproject\xj\S21_1101B_SOP14\PWM.c(312):"
000013r    1 [01]  02 00        [00]  contw
------     1 [--]               [00]  .stabn 68,0,314,L350
------     1 [--]               [00]  L350:
------     1 [--]               [00]  .stabn 224,0,0,L351
------     1 [--]               [00]  L351:
------     1 [--]               [00]  L$339:
000014r    1 [01]  3C 04 r      [00]  mov a,IO_Init_bp-4
000015r    1 [01]  40 00 r      [00]  mov ecx,a
000016r    1 [01]  3D 04 r      [00]  mov a,IO_Init_bp-3
000017r    1 [01]  41 00 r      [00]  mov ecx+1,a
000018r    1 [01]  3E 04 r      [00]  mov a,IO_Init_bp-2
000019r    1 [01]  42 00 r      [00]  mov ecx+2,a
00001Ar    1 [01]  3F 04 r      [00]  mov a,IO_Init_bp-1
00001Br    1 [01]  43 00 r      [00]  mov ecx+3,a
00001Cr    1 [01]  12 00        [00]  ret
------     1 [--]               [00]  .STACK IO_Init_bp,local,4
------     1 [--]               [00]  public _interrupt
------     1 [--]               [00]  public interrupt_bp
------     1 [--]               [00]  .stabs "interrupt:F15",36,0,0,_interrupt
------     1 [--]               [00]  .section ".S7",C_CODE
------     1 [--]               [00]  .SYMDEF ".S7" INT:-1
------     1 [--]               [00]  _interrupt:
------     1 [--]               [00]  .SYMDEF "_interrupt" INT:-1
------     1 [--]               [00]  .stabn 192,0,0,L357
------     1 [--]               [00]  L357:
------     1 [--]               [00]  .stabn 68,0,318,L358
------     1 [--]               [00]  L358:
------     1 [--]               [00]  .stabn 68,0,321,L359
------     1 [--]               [00]  L359:
------     1 [--]               [00]  .cfile "C:\mcuproject\xj\S21_1101B_SOP14\PWM.c(321):"
000000r    1 [01]  7D 00        [00]  MOV 0x3D,A ; A
------     1 [--]               [00]  .stabn 68,0,322,L360
------     1 [--]               [00]  L360:
------     1 [--]               [00]  .cfile "C:\mcuproject\xj\S21_1101B_SOP14\PWM.c(322):"
000001r    1 [01]  03 04        [00]  MOV A,0x03
------     1 [--]               [00]  .stabn 68,0,323,L361
------     1 [--]               [00]  L361:
------     1 [--]               [00]  .cfile "C:\mcuproject\xj\S21_1101B_SOP14\PWM.c(323):"
000002r    1 [01]  7E 00        [00]  MOV 0x3E,A ; R3
------     1 [--]               [00]  .stabn 68,0,324,L362
------     1 [--]               [00]  L362:
------     1 [--]               [00]  .cfile "C:\mcuproject\xj\S21_1101B_SOP14\PWM.c(324):"
000003r    1 [01]  04 04        [00]  MOV A,0x04
------     1 [--]               [00]  .stabn 68,0,325,L363
------     1 [--]               [00]  L363:
------     1 [--]               [00]  .cfile "C:\mcuproject\xj\S21_1101B_SOP14\PWM.c(325):"
000004r    1 [01]  7F 00        [00]  MOV 0x3F,A ; R4
------     1 [--]               [00]  .stabn 68,0,328,L364
------     1 [--]               [00]  L364:
000005r    1 [01]  00 0E r      [00]  jbs _TCIF,0
000006r    1 [01]  00 14 r      [00]  EXTJMP @L$353
------     1 [--]               [00]  .stabn 192,0,1,L365
------     1 [--]               [00]  L365:
------     1 [--]               [00]  .stabn 68,0,329,L366
------     1 [--]               [00]  L366:
------     1 [--]               [00]  .stabn 68,0,331,L367
------     1 [--]               [00]  L367:
000007r    1 [--]  -- --        [00]  LDA _ISR,0,0
000008r    1 [01]  FE 18        [00]  and a,@254
000009r    1 [01]  C0 02 r      [00]  STA _ISR,0,0
------     1 [--]               [00]  .stabn 68,0,332,L368
------     1 [--]               [00]  L368:
00000Ar    1 [--]  -- --        [00]  LDA _TCC,0,0
00000Br    1 [01]  CE 18        [00]  add a,@206
00000Cr    1 [01]  C0 03 r      [00]  STA _TCC,0,0
------     1 [--]               [00]  .stabn 68,0,334,L369
------     1 [--]               [00]  L369:
00000Dr    1 [01]  40 05 r      [00]  LDA _intCount,0,0
00000Er    1 [--]  -- --        [00]  mov ecx,a
00000Fr    1 [--]  -- --        [00]  mov a,@1
000010r    1 [--]  -- --        [00]  add ecx,a
000011r    1 [--]  -- --        [00]  mov a,ecx
000012r    1 [--]  -- --        [00]  STA _intCount,0,0
000013r    1 [01]  64 18 r      [00]  ULTRIB ecx,0x64
           1 [01]  00 01 r      [00]  
000015r    1 [01]  03 0E        [00]  jbs STATUS, cf
000016r    1 [01]  00 14 r      [00]  EXTJMP L$355
------     1 [--]               [00]  .stabn 192,0,2,L370
------     1 [--]               [00]  L370:
------     1 [--]               [00]  .stabn 68,0,335,L371
------     1 [--]               [00]  L371:
------     1 [--]               [00]  .stabn 68,0,336,L372
------     1 [--]               [00]  L372:
000017r    1 [01]  C0 00 r      [00]  clr _intCount
------     1 [--]               [00]  .stabn 68,0,337,L373
------     1 [--]               [00]  L373:
000018r    1 [01]  00 0A r      [00]  bs _IntFlag,0
------     1 [--]               [00]  .stabn 68,0,341,L374
------     1 [--]               [00]  L374:
------     1 [--]               [00]  .stabn 224,0,2,L375
------     1 [--]               [00]  L375:
------     1 [--]               [00]  L$355:
------     1 [--]               [00]  .stabn 68,0,344,L376
------     1 [--]               [00]  L376:
------     1 [--]               [00]  .stabn 224,0,1,L377
------     1 [--]               [00]  L377:
------     1 [--]               [00]  L$353:
------     1 [--]               [00]  .stabn 68,0,348,L378
------     1 [--]               [00]  L378:
------     1 [--]               [00]  .cfile "C:\mcuproject\xj\S21_1101B_SOP14\PWM.c(348):"
000019r    1 [01]  3F 04        [00]  MOV A,0x3F ; R4
------     1 [--]               [00]  .stabn 68,0,349,L379
------     1 [--]               [00]  L379:
------     1 [--]               [00]  .cfile "C:\mcuproject\xj\S21_1101B_SOP14\PWM.c(349):"
00001Ar    1 [01]  44 00        [00]  MOV 0x04,A
------     1 [--]               [00]  .stabn 68,0,350,L380
------     1 [--]               [00]  L380:
------     1 [--]               [00]  .cfile "C:\mcuproject\xj\S21_1101B_SOP14\PWM.c(350):"
00001Br    1 [01]  3E 04        [00]  MOV A,0x3E ; R3
------     1 [--]               [00]  .stabn 68,0,351,L381
------     1 [--]               [00]  L381:
------     1 [--]               [00]  .cfile "C:\mcuproject\xj\S21_1101B_SOP14\PWM.c(351):"
00001Cr    1 [01]  43 00        [00]  MOV 0x03,A
------     1 [--]               [00]  .stabn 68,0,352,L382
------     1 [--]               [00]  L382:
------     1 [--]               [00]  .cfile "C:\mcuproject\xj\S21_1101B_SOP14\PWM.c(352):"
00001Dr    1 [01]  7D 07        [00]  SWAP 0x3D  ; A
------     1 [--]               [00]  .stabn 68,0,353,L383
------     1 [--]               [00]  L383:
------     1 [--]               [00]  .cfile "C:\mcuproject\xj\S21_1101B_SOP14\PWM.c(353):"
00001Er    1 [01]  3D 07        [00]  SWAPA 0x3D
------     1 [--]               [00]  .stabn 68,0,355,L384
------     1 [--]               [00]  L384:
------     1 [--]               [00]  .stabn 224,0,0,L385
------     1 [--]               [00]  L385:
------     1 [--]               [00]  L$352:
00001Fr    1 [01]  13 00        [00]  reti
------     1 [--]               [00]  .STACK interrupt_bp,local,0
------     1 [--]               [00]  public _interrupt_l
------     1 [--]               [00]  public interrupt_l_bp
------     1 [--]               [00]  .stabs "interrupt_l:F15",36,0,0,_interrupt_l
------     1 [--]               [00]  .section ".S8",C_CODE
------     1 [--]               [00]  .SYMDEF ".S8" LOWINT:0,8
------     1 [--]               [00]  _interrupt_l:
------     1 [--]               [00]  .SYMDEF "_interrupt_l" LOWINT:0,8
------     1 [--]               [00]  .stabn 192,0,0,L387
------     1 [--]               [00]  L387:
------     1 [--]               [00]  .stabn 68,0,360,L388
------     1 [--]               [00]  L388:
------     1 [--]               [00]  .stabn 68,0,362,L389
------     1 [--]               [00]  L389:
------     1 [--]               [00]  .stabn 224,0,0,L390
------     1 [--]               [00]  L390:
------     1 [--]               [00]  L$386:
000008r    1 [01]  13 00        [00]  reti
------     1 [--]               [00]  .STACK interrupt_l_bp,local,0
------     1 [--]               [00]  .section ".bss"
------     1 [--]               [00]  .align 1
------     1 [--]               [00]  _longPressFlag:
------     1 [--]               [00]  .SYMDEF "_longPressFlag" BANK:0,BIT:1,32,LEN:1
000000r    1 [--]  xx           [00]  ds 1
------     1 [--]               [00]  .stabs "longPressFlag:S16",40,0,0,_longPressFlag
------     1 [--]               [00]  .align 1
------     1 [--]               [00]  _IntFlag:
------     1 [--]               [00]  .SYMDEF "_IntFlag" BANK:0,BIT:0,32,LEN:1
000001r    1 [--]  xx           [00]  ds 1
------     1 [--]               [00]  .stabs "IntFlag:S16",40,0,0,_IntFlag
------     1 [--]               [00]  public _Status
------     1 [--]               [00]  .align 1
------     1 [--]               [00]  _Status:
------     1 [--]               [00]  .SYMDEF "_Status" BANK:0,32,LEN:1
000002r    1 [--]  xx           [00]  ds 1
------     1 [--]               [00]  .stabs "Status:G10",32,0,0,_Status
------     1 [--]               [00]  .align 1
------     1 [--]               [00]  _TCIF:
------     1 [--]               [00]  .SYMDEF "_TCIF" REG:0,BIT:0,15,LEN:1
000003r    1 [--]  xx           [00]  ds 1
------     1 [--]               [00]  .stabs "TCIF:S16",40,0,0,_TCIF
------     1 [--]               [00]  .align 1
------     1 [--]               [00]  _ICIF:
------     1 [--]               [00]  .SYMDEF "_ICIF" REG:0,BIT:1,15,LEN:1
000004r    1 [--]  xx           [00]  ds 1
------     1 [--]               [00]  .stabs "ICIF:S16",40,0,0,_ICIF
------     1 [--]               [00]  .align 1
------     1 [--]               [00]  _EXIF:
------     1 [--]               [00]  .SYMDEF "_EXIF" REG:0,BIT:2,15,LEN:1
000005r    1 [--]  xx           [00]  ds 1
------     1 [--]               [00]  .stabs "EXIF:S16",40,0,0,_EXIF
------     1 [--]               [00]  .align 1
------     1 [--]               [00]  _P60:
------     1 [--]               [00]  .SYMDEF "_P60" REG:0,BIT:0,6,LEN:1
000006r    1 [--]  xx           [00]  ds 1
------     1 [--]               [00]  .stabs "P60:S16",40,0,0,_P60
------     1 [--]               [00]  .align 1
------     1 [--]               [00]  _P61:
------     1 [--]               [00]  .SYMDEF "_P61" REG:0,BIT:1,6,LEN:1
000007r    1 [--]  xx           [00]  ds 1
------     1 [--]               [00]  .stabs "P61:S16",40,0,0,_P61
------     1 [--]               [00]  .align 1
------     1 [--]               [00]  _P62:
------     1 [--]               [00]  .SYMDEF "_P62" REG:0,BIT:2,6,LEN:1
000008r    1 [--]  xx           [00]  ds 1
------     1 [--]               [00]  .stabs "P62:S16",40,0,0,_P62
------     1 [--]               [00]  .align 1
------     1 [--]               [00]  _P63:
------     1 [--]               [00]  .SYMDEF "_P63" REG:0,BIT:3,6,LEN:1
000009r    1 [--]  xx           [00]  ds 1
------     1 [--]               [00]  .stabs "P63:S16",40,0,0,_P63
------     1 [--]               [00]  .align 1
------     1 [--]               [00]  _P64:
------     1 [--]               [00]  .SYMDEF "_P64" REG:0,BIT:4,6,LEN:1
00000Ar    1 [--]  xx           [00]  ds 1
------     1 [--]               [00]  .stabs "P64:S16",40,0,0,_P64
------     1 [--]               [00]  .align 1
------     1 [--]               [00]  _P65:
------     1 [--]               [00]  .SYMDEF "_P65" REG:0,BIT:5,6,LEN:1
00000Br    1 [--]  xx           [00]  ds 1
------     1 [--]               [00]  .stabs "P65:S16",40,0,0,_P65
------     1 [--]               [00]  .align 1
------     1 [--]               [00]  _P66:
------     1 [--]               [00]  .SYMDEF "_P66" REG:0,BIT:6,6,LEN:1
00000Cr    1 [--]  xx           [00]  ds 1
------     1 [--]               [00]  .stabs "P66:S16",40,0,0,_P66
------     1 [--]               [00]  .align 1
------     1 [--]               [00]  _P67:
------     1 [--]               [00]  .SYMDEF "_P67" REG:0,BIT:7,6,LEN:1
00000Dr    1 [--]  xx           [00]  ds 1
------     1 [--]               [00]  .stabs "P67:S16",40,0,0,_P67
------     1 [--]               [00]  .align 1
------     1 [--]               [00]  _P50:
------     1 [--]               [00]  .SYMDEF "_P50" REG:0,BIT:0,5,LEN:1
00000Er    1 [--]  xx           [00]  ds 1
------     1 [--]               [00]  .stabs "P50:S16",40,0,0,_P50
------     1 [--]               [00]  .align 1
------     1 [--]               [00]  _P51:
------     1 [--]               [00]  .SYMDEF "_P51" REG:0,BIT:1,5,LEN:1
00000Fr    1 [--]  xx           [00]  ds 1
------     1 [--]               [00]  .stabs "P51:S16",40,0,0,_P51
------     1 [--]               [00]  .align 1
------     1 [--]               [00]  _P52:
------     1 [--]               [00]  .SYMDEF "_P52" REG:0,BIT:2,5,LEN:1
000010r    1 [--]  xx           [00]  ds 1
------     1 [--]               [00]  .stabs "P52:S16",40,0,0,_P52
------     1 [--]               [00]  .align 1
------     1 [--]               [00]  _P53:
------     1 [--]               [00]  .SYMDEF "_P53" REG:0,BIT:3,5,LEN:1
000011r    1 [--]  xx           [00]  ds 1
------     1 [--]               [00]  .stabs "P53:S16",40,0,0,_P53
------     1 [--]               [00]  .align 1
------     1 [--]               [00]  _C:
------     1 [--]               [00]  .SYMDEF "_C" REG:0,BIT:0,3,LEN:1
000012r    1 [--]  xx           [00]  ds 1
------     1 [--]               [00]  .stabs "C:S16",40,0,0,_C
------     1 [--]               [00]  .align 1
------     1 [--]               [00]  _DC:
------     1 [--]               [00]  .SYMDEF "_DC" REG:0,BIT:1,3,LEN:1
000013r    1 [--]  xx           [00]  ds 1
------     1 [--]               [00]  .stabs "DC:S16",40,0,0,_DC
------     1 [--]               [00]  .align 1
------     1 [--]               [00]  _Z:
------     1 [--]               [00]  .SYMDEF "_Z" REG:0,BIT:2,3,LEN:1
000014r    1 [--]  xx           [00]  ds 1
------     1 [--]               [00]  .stabs "Z:S16",40,0,0,_Z
------     1 [--]               [00]  .align 1
------     1 [--]               [00]  _P:
------     1 [--]               [00]  .SYMDEF "_P" REG:0,BIT:3,3,LEN:1
000015r    1 [--]  xx           [00]  ds 1
------     1 [--]               [00]  .stabs "P:S16",40,0,0,_P
------     1 [--]               [00]  .align 1
------     1 [--]               [00]  _T:
------     1 [--]               [00]  .SYMDEF "_T" REG:0,BIT:4,3,LEN:1
000016r    1 [--]  xx           [00]  ds 1
------     1 [--]               [00]  .stabs "T:S16",40,0,0,_T
------     1 [--]               [00]  .align 1
------     1 [--]               [00]  _GP0:
------     1 [--]               [00]  .SYMDEF "_GP0" REG:0,BIT:5,3,LEN:1
000017r    1 [--]  xx           [00]  ds 1
------     1 [--]               [00]  .stabs "GP0:S16",40,0,0,_GP0
------     1 [--]               [00]  .align 1
------     1 [--]               [00]  _GP1:
------     1 [--]               [00]  .SYMDEF "_GP1" REG:0,BIT:6,3,LEN:1
000018r    1 [--]  xx           [00]  ds 1
------     1 [--]               [00]  .stabs "GP1:S16",40,0,0,_GP1
------     1 [--]               [00]  .align 1
------     1 [--]               [00]  _RST:
------     1 [--]               [00]  .SYMDEF "_RST" REG:0,BIT:7,3,LEN:1
000019r    1 [--]  xx           [00]  ds 1
------     1 [--]               [00]  .stabs "RST:S16",40,0,0,_RST
------     1 [--]               [00]  .align 1
------     1 [--]               [00]  _IMR:
------     1 [--]               [00]  .SYMDEF "_IMR" IO:0,15,LEN:1
00001Ar    1 [--]  xx           [00]  ds 1
------     1 [--]               [00]  .stabs "IMR:S14",40,0,0,_IMR
------     1 [--]               [00]  .align 1
------     1 [--]               [00]  _WDTCR:
------     1 [--]               [00]  .SYMDEF "_WDTCR" IO:0,14,LEN:1
00001Br    1 [--]  xx           [00]  ds 1
------     1 [--]               [00]  .stabs "WDTCR:S14",40,0,0,_WDTCR
------     1 [--]               [00]  .align 1
------     1 [--]               [00]  _PHCR:
------     1 [--]               [00]  .SYMDEF "_PHCR" IO:0,13,LEN:1
00001Cr    1 [--]  xx           [00]  ds 1
------     1 [--]               [00]  .stabs "PHCR:S14",40,0,0,_PHCR
------     1 [--]               [00]  .align 1
------     1 [--]               [00]  _PDCR:
------     1 [--]               [00]  .SYMDEF "_PDCR" IO:0,11,LEN:1
00001Dr    1 [--]  xx           [00]  ds 1
------     1 [--]               [00]  .stabs "PDCR:S14",40,0,0,_PDCR
------     1 [--]               [00]  .align 1
------     1 [--]               [00]  _PHDCR:
------     1 [--]               [00]  .SYMDEF "_PHDCR" IO:0,9,LEN:1
00001Er    1 [--]  xx           [00]  ds 1
------     1 [--]               [00]  .stabs "PHDCR:S14",40,0,0,_PHDCR
------     1 [--]               [00]  .align 1
------     1 [--]               [00]  _P6CR:
------     1 [--]               [00]  .SYMDEF "_P6CR" IO:0,6,LEN:1
00001Fr    1 [--]  xx           [00]  ds 1
------     1 [--]               [00]  .stabs "P6CR:S14",40,0,0,_P6CR
------     1 [--]               [00]  .align 1
------     1 [--]               [00]  _P5CR:
------     1 [--]               [00]  .SYMDEF "_P5CR" IO:0,5,LEN:1
000020r    1 [--]  xx           [00]  ds 1
------     1 [--]               [00]  .stabs "P5CR:S14",40,0,0,_P5CR
------     1 [--]               [00]  .align 1
------     1 [--]               [00]  _ISR:
------     1 [--]               [00]  .SYMDEF "_ISR" REG:0,15,LEN:1
000021r    1 [--]  xx           [00]  ds 1
------     1 [--]               [00]  .stabs "ISR:S14",40,0,0,_ISR
------     1 [--]               [00]  .align 1
------     1 [--]               [00]  _CPUCON:
------     1 [--]               [00]  .SYMDEF "_CPUCON" REG:0,14,LEN:1
000022r    1 [--]  xx           [00]  ds 1
------     1 [--]               [00]  .stabs "CPUCON:S14",40,0,0,_CPUCON
------     1 [--]               [00]  .align 1
------     1 [--]               [00]  _ICIECR:
------     1 [--]               [00]  .SYMDEF "_ICIECR" REG:0,13,LEN:1
000023r    1 [--]  xx           [00]  ds 1
------     1 [--]               [00]  .stabs "ICIECR:S14",40,0,0,_ICIECR
------     1 [--]               [00]  .align 1
------     1 [--]               [00]  _PDC3:
------     1 [--]               [00]  .SYMDEF "_PDC3" REG:0,12,LEN:1
000024r    1 [--]  xx           [00]  ds 1
------     1 [--]               [00]  .stabs "PDC3:S14",40,0,0,_PDC3
------     1 [--]               [00]  .align 1
------     1 [--]               [00]  _PDC2:
------     1 [--]               [00]  .SYMDEF "_PDC2" REG:0,11,LEN:1
000025r    1 [--]  xx           [00]  ds 1
------     1 [--]               [00]  .stabs "PDC2:S14",40,0,0,_PDC2
------     1 [--]               [00]  .align 1
------     1 [--]               [00]  _PDC1:
------     1 [--]               [00]  .SYMDEF "_PDC1" REG:0,10,LEN:1
000026r    1 [--]  xx           [00]  ds 1
------     1 [--]               [00]  .stabs "PDC1:S14",40,0,0,_PDC1
------     1 [--]               [00]  .align 1
------     1 [--]               [00]  _PRD:
------     1 [--]               [00]  .SYMDEF "_PRD" REG:0,9,LEN:1
000027r    1 [--]  xx           [00]  ds 1
------     1 [--]               [00]  .stabs "PRD:S14",40,0,0,_PRD
------     1 [--]               [00]  .align 1
------     1 [--]               [00]  _PWMCON:
------     1 [--]               [00]  .SYMDEF "_PWMCON" REG:0,8,LEN:1
000028r    1 [--]  xx           [00]  ds 1
------     1 [--]               [00]  .stabs "PWMCON:S14",40,0,0,_PWMCON
------     1 [--]               [00]  .align 1
------     1 [--]               [00]  _LVDCON:
------     1 [--]               [00]  .SYMDEF "_LVDCON" REG:0,7,LEN:1
000029r    1 [--]  xx           [00]  ds 1
------     1 [--]               [00]  .stabs "LVDCON:S14",40,0,0,_LVDCON
------     1 [--]               [00]  .align 1
------     1 [--]               [00]  _PORT6:
------     1 [--]               [00]  .SYMDEF "_PORT6" REG:0,6,LEN:1
00002Ar    1 [--]  xx           [00]  ds 1
------     1 [--]               [00]  .stabs "PORT6:S14",40,0,0,_PORT6
------     1 [--]               [00]  .align 1
------     1 [--]               [00]  _PORT5:
------     1 [--]               [00]  .SYMDEF "_PORT5" REG:0,5,LEN:1
00002Br    1 [--]  xx           [00]  ds 1
------     1 [--]               [00]  .stabs "PORT5:S14",40,0,0,_PORT5
------     1 [--]               [00]  .align 1
------     1 [--]               [00]  _RSR:
------     1 [--]               [00]  .SYMDEF "_RSR" REG:0,4,LEN:1
00002Cr    1 [--]  xx           [00]  ds 1
------     1 [--]               [00]  .stabs "RSR:S14",40,0,0,_RSR
------     1 [--]               [00]  .align 1
------     1 [--]               [00]  _STATUS:
------     1 [--]               [00]  .SYMDEF "_STATUS" REG:0,3,LEN:1
00002Dr    1 [--]  xx           [00]  ds 1
------     1 [--]               [00]  .stabs "STATUS:S14",40,0,0,_STATUS
------     1 [--]               [00]  .align 1
------     1 [--]               [00]  _PC:
------     1 [--]               [00]  .SYMDEF "_PC" REG:0,2,LEN:1
00002Er    1 [--]  xx           [00]  ds 1
------     1 [--]               [00]  .stabs "PC:S14",40,0,0,_PC
------     1 [--]               [00]  .align 1
------     1 [--]               [00]  _TCC:
------     1 [--]               [00]  .SYMDEF "_TCC" REG:0,1,LEN:1
00002Fr    1 [--]  xx           [00]  ds 1
------     1 [--]               [00]  .stabs "TCC:S14",40,0,0,_TCC
------     1 [--]               [00]  .align 1
------     1 [--]               [00]  _R0:
------     1 [--]               [00]  .SYMDEF "_R0" REG:0,0,LEN:1
000030r    1 [--]  xx           [00]  ds 1
------     1 [--]               [00]  .stabs "R0:S14",40,0,0,_R0
------     1 [--]               [00]  .stabs "u16t:t14",128,0,0,0
------     1 [--]               [00]  .stabs "u8t:t10",128,0,0,0
------     1 [--]               [00]  .section ".code"
------     1 [--]               [00]  end
------     1 [--]               [00]  

	** End of list file C:\mcuproject\xj\S21_1101B_SOP14\PWM.lst **